The system is: Darwin - 14.1.0 - x86_64
Compiling the C compiler identification source file "CMakeCCompilerId.c" succeeded.
Compiler:  
Build flags: 
Id flags: 

The output was:
0
=== BUILD TARGET CompilerIdC OF PROJECT CompilerIdC WITH THE DEFAULT CONFIGURATION (Debug) ===

Check dependencies

Write auxiliary files
/bin/mkdir -p /Users/elliotfiske/old-school/471/FINAL/show\ offf/CMakeFiles/3.1.0/CompilerIdC/CompilerIdC.build/Debug/CompilerIdC.build
write-file /Users/elliotfiske/old-school/471/FINAL/show\ offf/CMakeFiles/3.1.0/CompilerIdC/CompilerIdC.build/Debug/CompilerIdC.build/CompilerIdC-all-non-framework-target-headers.hmap
write-file /Users/elliotfiske/old-school/471/FINAL/show\ offf/CMakeFiles/3.1.0/CompilerIdC/CompilerIdC.build/Debug/CompilerIdC.build/CompilerIdC-project-headers.hmap
write-file /Users/elliotfiske/old-school/471/FINAL/show\ offf/CMakeFiles/3.1.0/CompilerIdC/CompilerIdC.build/Debug/CompilerIdC.build/Script-2C8FEB8E15DC1A1A00E56A5D.sh
chmod 0755 /Users/elliotfiske/old-school/471/FINAL/show\ offf/CMakeFiles/3.1.0/CompilerIdC/CompilerIdC.build/Debug/CompilerIdC.build/Script-2C8FEB8E15DC1A1A00E56A5D.sh
write-file /Users/elliotfiske/old-school/471/FINAL/show\ offf/CMakeFiles/3.1.0/CompilerIdC/CompilerIdC.build/Debug/CompilerIdC.build/CompilerIdC-all-target-headers.hmap
/bin/mkdir -p /Users/elliotfiske/old-school/471/FINAL/show\ offf/CMakeFiles/3.1.0/CompilerIdC/CompilerIdC.build/Debug/CompilerIdC.build/Objects-normal/i386
write-file /Users/elliotfiske/old-school/471/FINAL/show\ offf/CMakeFiles/3.1.0/CompilerIdC/CompilerIdC.build/Debug/CompilerIdC.build/Objects-normal/i386/CompilerIdC.LinkFileList
write-file /Users/elliotfiske/old-school/471/FINAL/show\ offf/CMakeFiles/3.1.0/CompilerIdC/CompilerIdC.build/Debug/CompilerIdC.build/CompilerIdC-generated-files.hmap
write-file /Users/elliotfiske/old-school/471/FINAL/show\ offf/CMakeFiles/3.1.0/CompilerIdC/CompilerIdC.build/Debug/CompilerIdC.build/CompilerIdC.hmap
write-file /Users/elliotfiske/old-school/471/FINAL/show\ offf/CMakeFiles/3.1.0/CompilerIdC/CompilerIdC.build/Debug/CompilerIdC.build/CompilerIdC-own-target-headers.hmap

CompileC CompilerIdC.build/Debug/CompilerIdC.build/Objects-normal/i386/CMakeCCompilerId.o CMakeCCompilerId.c normal i386 c com.apple.compilers.llvm.clang.1_0.compiler
    cd "/Users/elliotfiske/old-school/471/FINAL/show offf/CMakeFiles/3.1.0/CompilerIdC"
    export LANG=en_US.US-ASCII
    /Applications/Xcode.app/Contents/Developer/Toolchains/XcodeDefault.xctoolchain/usr/bin/clang -x c -arch i386 -fmessage-length=0 -fdiagnostics-show-note-include-stack -fmacro-backtrace-limit=0 -Wno-trigraphs -fpascal-strings -Os -Wno-missing-field-initializers -Wno-missing-prototypes -Wno-return-type -Wno-missing-braces -Wparentheses -Wswitch -Wno-unused-function -Wno-unused-label -Wno-unused-parameter -Wno-unused-variable -Wunused-value -Wno-empty-body -Wno-uninitialized -Wno-unknown-pragmas -Wno-shadow -Wno-four-char-constants -Wno-conversion -Wno-constant-conversion -Wno-int-conversion -Wno-bool-conversion -Wno-enum-conversion -Wno-shorten-64-to-32 -Wpointer-sign -Wno-newline-eof -isysroot /Applications/Xcode.app/Contents/Developer/Platforms/MacOSX.platform/Developer/SDKs/MacOSX10.10.sdk -fasm-blocks -fstrict-aliasing -Wdeprecated-declarations -mmacosx-version-min=10.10 -g -fvisibility=hidden -Wno-sign-conversion -I/Users/elliotfiske/old-school/471/FINAL/show\ offf/CMakeFiles/3.1.0/CompilerIdC/CompilerIdC.build/Debug/CompilerIdC.build/CompilerIdC.hmap -I/Users/elliotfiske/old-school/471/FINAL/show\ offf/CMakeFiles/3.1.0/CompilerIdC/include -I/Applications/Xcode.app/Contents/Developer/Toolchains/XcodeDefault.xctoolchain/usr/include -I/Users/elliotfiske/old-school/471/FINAL/show\ offf/CMakeFiles/3.1.0/CompilerIdC/CompilerIdC.build/Debug/CompilerIdC.build/DerivedSources/i386 -I/Users/elliotfiske/old-school/471/FINAL/show\ offf/CMakeFiles/3.1.0/CompilerIdC/CompilerIdC.build/Debug/CompilerIdC.build/DerivedSources -F/Users/elliotfiske/old-school/471/FINAL/show\ offf/CMakeFiles/3.1.0/CompilerIdC -MMD -MT dependencies -MF /Users/elliotfiske/old-school/471/FINAL/show\ offf/CMakeFiles/3.1.0/CompilerIdC/CompilerIdC.build/Debug/CompilerIdC.build/Objects-normal/i386/CMakeCCompilerId.d --serialize-diagnostics /Users/elliotfiske/old-school/471/FINAL/show\ offf/CMakeFiles/3.1.0/CompilerIdC/CompilerIdC.build/Debug/CompilerIdC.build/Objects-normal/i386/CMakeCCompilerId.dia -c /Users/elliotfiske/old-school/471/FINAL/show\ offf/CMakeFiles/3.1.0/CompilerIdC/CMakeCCompilerId.c -o /Users/elliotfiske/old-school/471/FINAL/show\ offf/CMakeFiles/3.1.0/CompilerIdC/CompilerIdC.build/Debug/CompilerIdC.build/Objects-normal/i386/CMakeCCompilerId.o

Ld CompilerIdC normal i386
    cd "/Users/elliotfiske/old-school/471/FINAL/show offf/CMakeFiles/3.1.0/CompilerIdC"
    export MACOSX_DEPLOYMENT_TARGET=10.10
    /Applications/Xcode.app/Contents/Developer/Toolchains/XcodeDefault.xctoolchain/usr/bin/clang -arch i386 -isysroot /Applications/Xcode.app/Contents/Developer/Platforms/MacOSX.platform/Developer/SDKs/MacOSX10.10.sdk -L/Users/elliotfiske/old-school/471/FINAL/show\ offf/CMakeFiles/3.1.0/CompilerIdC -F/Users/elliotfiske/old-school/471/FINAL/show\ offf/CMakeFiles/3.1.0/CompilerIdC -filelist /Users/elliotfiske/old-school/471/FINAL/show\ offf/CMakeFiles/3.1.0/CompilerIdC/CompilerIdC.build/Debug/CompilerIdC.build/Objects-normal/i386/CompilerIdC.LinkFileList -mmacosx-version-min=10.10 -Xlinker -dependency_info -Xlinker /Users/elliotfiske/old-school/471/FINAL/show\ offf/CMakeFiles/3.1.0/CompilerIdC/CompilerIdC.build/Debug/CompilerIdC.build/Objects-normal/i386/CompilerIdC_dependency_info.dat -o /Users/elliotfiske/old-school/471/FINAL/show\ offf/CMakeFiles/3.1.0/CompilerIdC/CompilerIdC

PhaseScriptExecution Run\ Script CompilerIdC.build/Debug/CompilerIdC.build/Script-2C8FEB8E15DC1A1A00E56A5D.sh
    cd "/Users/elliotfiske/old-school/471/FINAL/show offf/CMakeFiles/3.1.0/CompilerIdC"
    /bin/sh -c \"/Users/elliotfiske/old-school/471/FINAL/show\ offf/CMakeFiles/3.1.0/CompilerIdC/CompilerIdC.build/Debug/CompilerIdC.build/Script-2C8FEB8E15DC1A1A00E56A5D.sh\"
GCC_VERSION=com.apple.compilers.llvm.clang.1_0

** BUILD SUCCEEDED **



Compilation of the C compiler identification source "CMakeCCompilerId.c" produced "CompilerIdC"

The C compiler identification is AppleClang, found in "/Users/elliotfiske/old-school/471/FINAL/show offf/CMakeFiles/3.1.0/CompilerIdC/CompilerIdC"

Compiling the CXX compiler identification source file "CMakeCXXCompilerId.cpp" succeeded.
Compiler:  
Build flags: 
Id flags: 

The output was:
0
=== BUILD TARGET CompilerIdCXX OF PROJECT CompilerIdCXX WITH THE DEFAULT CONFIGURATION (Debug) ===

Check dependencies

Write auxiliary files
/bin/mkdir -p /Users/elliotfiske/old-school/471/FINAL/show\ offf/CMakeFiles/3.1.0/CompilerIdCXX/CompilerIdCXX.build/Debug/CompilerIdCXX.build
write-file /Users/elliotfiske/old-school/471/FINAL/show\ offf/CMakeFiles/3.1.0/CompilerIdCXX/CompilerIdCXX.build/Debug/CompilerIdCXX.build/CompilerIdCXX-generated-files.hmap
write-file /Users/elliotfiske/old-school/471/FINAL/show\ offf/CMakeFiles/3.1.0/CompilerIdCXX/CompilerIdCXX.build/Debug/CompilerIdCXX.build/CompilerIdCXX-project-headers.hmap
write-file /Users/elliotfiske/old-school/471/FINAL/show\ offf/CMakeFiles/3.1.0/CompilerIdCXX/CompilerIdCXX.build/Debug/CompilerIdCXX.build/Script-2C8FEB8E15DC1A1A00E56A5D.sh
chmod 0755 /Users/elliotfiske/old-school/471/FINAL/show\ offf/CMakeFiles/3.1.0/CompilerIdCXX/CompilerIdCXX.build/Debug/CompilerIdCXX.build/Script-2C8FEB8E15DC1A1A00E56A5D.sh
write-file /Users/elliotfiske/old-school/471/FINAL/show\ offf/CMakeFiles/3.1.0/CompilerIdCXX/CompilerIdCXX.build/Debug/CompilerIdCXX.build/CompilerIdCXX-all-target-headers.hmap
write-file /Users/elliotfiske/old-school/471/FINAL/show\ offf/CMakeFiles/3.1.0/CompilerIdCXX/CompilerIdCXX.build/Debug/CompilerIdCXX.build/CompilerIdCXX.hmap
/bin/mkdir -p /Users/elliotfiske/old-school/471/FINAL/show\ offf/CMakeFiles/3.1.0/CompilerIdCXX/CompilerIdCXX.build/Debug/CompilerIdCXX.build/Objects-normal/i386
write-file /Users/elliotfiske/old-school/471/FINAL/show\ offf/CMakeFiles/3.1.0/CompilerIdCXX/CompilerIdCXX.build/Debug/CompilerIdCXX.build/Objects-normal/i386/CompilerIdCXX.LinkFileList
write-file /Users/elliotfiske/old-school/471/FINAL/show\ offf/CMakeFiles/3.1.0/CompilerIdCXX/CompilerIdCXX.build/Debug/CompilerIdCXX.build/CompilerIdCXX-own-target-headers.hmap
write-file /Users/elliotfiske/old-school/471/FINAL/show\ offf/CMakeFiles/3.1.0/CompilerIdCXX/CompilerIdCXX.build/Debug/CompilerIdCXX.build/CompilerIdCXX-all-non-framework-target-headers.hmap

CompileC CompilerIdCXX.build/Debug/CompilerIdCXX.build/Objects-normal/i386/CMakeCXXCompilerId.o CMakeCXXCompilerId.cpp normal i386 c++ com.apple.compilers.llvm.clang.1_0.compiler
    cd "/Users/elliotfiske/old-school/471/FINAL/show offf/CMakeFiles/3.1.0/CompilerIdCXX"
    export LANG=en_US.US-ASCII
    /Applications/Xcode.app/Contents/Developer/Toolchains/XcodeDefault.xctoolchain/usr/bin/clang -x c++ -arch i386 -fmessage-length=0 -fdiagnostics-show-note-include-stack -fmacro-backtrace-limit=0 -Wno-trigraphs -fpascal-strings -Os -Wno-missing-field-initializers -Wno-missing-prototypes -Wno-return-type -Wno-non-virtual-dtor -Wno-overloaded-virtual -Wno-exit-time-destructors -Wno-missing-braces -Wparentheses -Wswitch -Wno-unused-function -Wno-unused-label -Wno-unused-parameter -Wno-unused-variable -Wunused-value -Wno-empty-body -Wno-uninitialized -Wno-unknown-pragmas -Wno-shadow -Wno-four-char-constants -Wno-conversion -Wno-constant-conversion -Wno-int-conversion -Wno-bool-conversion -Wno-enum-conversion -Wno-shorten-64-to-32 -Wno-newline-eof -Wno-c++11-extensions -isysroot /Applications/Xcode.app/Contents/Developer/Platforms/MacOSX.platform/Developer/SDKs/MacOSX10.10.sdk -fasm-blocks -fstrict-aliasing -Wdeprecated-declarations -Winvalid-offsetof -mmacosx-version-min=10.10 -g -fvisibility=hidden -fvisibility-inlines-hidden -Wno-sign-conversion -I/Users/elliotfiske/old-school/471/FINAL/show\ offf/CMakeFiles/3.1.0/CompilerIdCXX/CompilerIdCXX.build/Debug/CompilerIdCXX.build/CompilerIdCXX.hmap -I/Users/elliotfiske/old-school/471/FINAL/show\ offf/CMakeFiles/3.1.0/CompilerIdCXX/include -I/Applications/Xcode.app/Contents/Developer/Toolchains/XcodeDefault.xctoolchain/usr/include -I/Users/elliotfiske/old-school/471/FINAL/show\ offf/CMakeFiles/3.1.0/CompilerIdCXX/CompilerIdCXX.build/Debug/CompilerIdCXX.build/DerivedSources/i386 -I/Users/elliotfiske/old-school/471/FINAL/show\ offf/CMakeFiles/3.1.0/CompilerIdCXX/CompilerIdCXX.build/Debug/CompilerIdCXX.build/DerivedSources -F/Users/elliotfiske/old-school/471/FINAL/show\ offf/CMakeFiles/3.1.0/CompilerIdCXX -MMD -MT dependencies -MF /Users/elliotfiske/old-school/471/FINAL/show\ offf/CMakeFiles/3.1.0/CompilerIdCXX/CompilerIdCXX.build/Debug/CompilerIdCXX.build/Objects-normal/i386/CMakeCXXCompilerId.d --serialize-diagnostics /Users/elliotfiske/old-school/471/FINAL/show\ offf/CMakeFiles/3.1.0/CompilerIdCXX/CompilerIdCXX.build/Debug/CompilerIdCXX.build/Objects-normal/i386/CMakeCXXCompilerId.dia -c /Users/elliotfiske/old-school/471/FINAL/show\ offf/CMakeFiles/3.1.0/CompilerIdCXX/CMakeCXXCompilerId.cpp -o /Users/elliotfiske/old-school/471/FINAL/show\ offf/CMakeFiles/3.1.0/CompilerIdCXX/CompilerIdCXX.build/Debug/CompilerIdCXX.build/Objects-normal/i386/CMakeCXXCompilerId.o

Ld CompilerIdCXX normal i386
    cd "/Users/elliotfiske/old-school/471/FINAL/show offf/CMakeFiles/3.1.0/CompilerIdCXX"
    export MACOSX_DEPLOYMENT_TARGET=10.10
    /Applications/Xcode.app/Contents/Developer/Toolchains/XcodeDefault.xctoolchain/usr/bin/clang++ -arch i386 -isysroot /Applications/Xcode.app/Contents/Developer/Platforms/MacOSX.platform/Developer/SDKs/MacOSX10.10.sdk -L/Users/elliotfiske/old-school/471/FINAL/show\ offf/CMakeFiles/3.1.0/CompilerIdCXX -F/Users/elliotfiske/old-school/471/FINAL/show\ offf/CMakeFiles/3.1.0/CompilerIdCXX -filelist /Users/elliotfiske/old-school/471/FINAL/show\ offf/CMakeFiles/3.1.0/CompilerIdCXX/CompilerIdCXX.build/Debug/CompilerIdCXX.build/Objects-normal/i386/CompilerIdCXX.LinkFileList -mmacosx-version-min=10.10 -Xlinker -dependency_info -Xlinker /Users/elliotfiske/old-school/471/FINAL/show\ offf/CMakeFiles/3.1.0/CompilerIdCXX/CompilerIdCXX.build/Debug/CompilerIdCXX.build/Objects-normal/i386/CompilerIdCXX_dependency_info.dat -o /Users/elliotfiske/old-school/471/FINAL/show\ offf/CMakeFiles/3.1.0/CompilerIdCXX/CompilerIdCXX

PhaseScriptExecution Run\ Script CompilerIdCXX.build/Debug/CompilerIdCXX.build/Script-2C8FEB8E15DC1A1A00E56A5D.sh
    cd "/Users/elliotfiske/old-school/471/FINAL/show offf/CMakeFiles/3.1.0/CompilerIdCXX"
    /bin/sh -c \"/Users/elliotfiske/old-school/471/FINAL/show\ offf/CMakeFiles/3.1.0/CompilerIdCXX/CompilerIdCXX.build/Debug/CompilerIdCXX.build/Script-2C8FEB8E15DC1A1A00E56A5D.sh\"
GCC_VERSION=com.apple.compilers.llvm.clang.1_0

** BUILD SUCCEEDED **



Compilation of the CXX compiler identification source "CMakeCXXCompilerId.cpp" produced "CompilerIdCXX"

The CXX compiler identification is AppleClang, found in "/Users/elliotfiske/old-school/471/FINAL/show offf/CMakeFiles/3.1.0/CompilerIdCXX/CompilerIdCXX"

Determining if the C compiler works passed with the following output:
Change Dir: /Users/elliotfiske/old-school/471/FINAL/show offf/CMakeFiles/CMakeTmp

Run Build Command:"/Applications/CMake.app/Contents/bin/cmakexbuild" "-project" "CMAKE_TRY_COMPILE.xcodeproj" "build" "-target" "cmTryCompileExec3654310223" "-configuration" "Debug"
=== BUILD TARGET cmTryCompileExec3654310223 OF PROJECT CMAKE_TRY_COMPILE WITH CONFIGURATION Debug ===

Check dependencies

Write auxiliary files
/bin/mkdir -p /Users/elliotfiske/old-school/471/FINAL/show\ offf/CMakeFiles/CMakeTmp/CMAKE_TRY_COMPILE.build/Debug/cmTryCompileExec3654310223.build/Objects-normal/x86_64
write-file /Users/elliotfiske/old-school/471/FINAL/show\ offf/CMakeFiles/CMakeTmp/CMAKE_TRY_COMPILE.build/Debug/cmTryCompileExec3654310223.build/Objects-normal/x86_64/cmTryCompileExec3654310223.LinkFileList

CompileC CMAKE_TRY_COMPILE.build/Debug/cmTryCompileExec3654310223.build/Objects-normal/x86_64/testCCompiler.o testCCompiler.c normal x86_64 c com.apple.compilers.llvm.clang.1_0.compiler
    cd "/Users/elliotfiske/old-school/471/FINAL/show offf/CMakeFiles/CMakeTmp"
    export LANG=en_US.US-ASCII
    /Applications/Xcode.app/Contents/Developer/Toolchains/XcodeDefault.xctoolchain/usr/bin/clang -x c -arch x86_64 -fmessage-length=0 -fdiagnostics-show-note-include-stack -fmacro-backtrace-limit=0 -Wno-trigraphs -fpascal-strings -O0 -Wno-missing-field-initializers -Wno-missing-prototypes -Wno-return-type -Wno-missing-braces -Wparentheses -Wswitch -Wno-unused-function -Wno-unused-label -Wno-unused-parameter -Wno-unused-variable -Wunused-value -Wno-empty-body -Wno-uninitialized -Wno-unknown-pragmas -Wno-shadow -Wno-four-char-constants -Wno-conversion -Wno-constant-conversion -Wno-int-conversion -Wno-bool-conversion -Wno-enum-conversion -Wno-shorten-64-to-32 -Wpointer-sign -Wno-newline-eof -DCMAKE_INTDIR=\"Debug\" -isysroot /Applications/Xcode.app/Contents/Developer/Platforms/MacOSX.platform/Developer/SDKs/MacOSX10.10.sdk -fasm-blocks -fstrict-aliasing -Wdeprecated-declarations -mmacosx-version-min=10.10 -g -Wno-sign-conversion -I/Users/elliotfiske/old-school/471/FINAL/show\ offf/CMakeFiles/CMakeTmp/Debug/include -I/Applications/Xcode.app/Contents/Developer/Toolchains/XcodeDefault.xctoolchain/usr/include -I/Users/elliotfiske/old-school/471/FINAL/show\ offf/CMakeFiles/CMakeTmp/CMAKE_TRY_COMPILE.build/Debug/cmTryCompileExec3654310223.build/DerivedSources/x86_64 -I/Users/elliotfiske/old-school/471/FINAL/show\ offf/CMakeFiles/CMakeTmp/CMAKE_TRY_COMPILE.build/Debug/cmTryCompileExec3654310223.build/DerivedSources -Wmost -Wno-four-char-constants -Wno-unknown-pragmas -F/Users/elliotfiske/old-school/471/FINAL/show\ offf/CMakeFiles/CMakeTmp/Debug -MMD -MT dependencies -MF /Users/elliotfiske/old-school/471/FINAL/show\ offf/CMakeFiles/CMakeTmp/CMAKE_TRY_COMPILE.build/Debug/cmTryCompileExec3654310223.build/Objects-normal/x86_64/testCCompiler.d --serialize-diagnostics /Users/elliotfiske/old-school/471/FINAL/show\ offf/CMakeFiles/CMakeTmp/CMAKE_TRY_COMPILE.build/Debug/cmTryCompileExec3654310223.build/Objects-normal/x86_64/testCCompiler.dia -c /Users/elliotfiske/old-school/471/FINAL/show\ offf/CMakeFiles/CMakeTmp/testCCompiler.c -o /Users/elliotfiske/old-school/471/FINAL/show\ offf/CMakeFiles/CMakeTmp/CMAKE_TRY_COMPILE.build/Debug/cmTryCompileExec3654310223.build/Objects-normal/x86_64/testCCompiler.o

Ld Debug/cmTryCompileExec3654310223 normal x86_64
    cd "/Users/elliotfiske/old-school/471/FINAL/show offf/CMakeFiles/CMakeTmp"
    export MACOSX_DEPLOYMENT_TARGET=10.10
    /Applications/Xcode.app/Contents/Developer/Toolchains/XcodeDefault.xctoolchain/usr/bin/clang -arch x86_64 -isysroot /Applications/Xcode.app/Contents/Developer/Platforms/MacOSX.platform/Developer/SDKs/MacOSX10.10.sdk -L/Users/elliotfiske/old-school/471/FINAL/show\ offf/CMakeFiles/CMakeTmp/Debug -F/Users/elliotfiske/old-school/471/FINAL/show\ offf/CMakeFiles/CMakeTmp/Debug -filelist /Users/elliotfiske/old-school/471/FINAL/show\ offf/CMakeFiles/CMakeTmp/CMAKE_TRY_COMPILE.build/Debug/cmTryCompileExec3654310223.build/Objects-normal/x86_64/cmTryCompileExec3654310223.LinkFileList -mmacosx-version-min=10.10 -Wl,-search_paths_first -Wl,-headerpad_max_install_names -Xlinker -dependency_info -Xlinker /Users/elliotfiske/old-school/471/FINAL/show\ offf/CMakeFiles/CMakeTmp/CMAKE_TRY_COMPILE.build/Debug/cmTryCompileExec3654310223.build/Objects-normal/x86_64/cmTryCompileExec3654310223_dependency_info.dat -o /Users/elliotfiske/old-school/471/FINAL/show\ offf/CMakeFiles/CMakeTmp/Debug/cmTryCompileExec3654310223

** BUILD SUCCEEDED **



Detecting C compiler ABI info compiled with the following output:
Change Dir: /Users/elliotfiske/old-school/471/FINAL/show offf/CMakeFiles/CMakeTmp

Run Build Command:"/Applications/CMake.app/Contents/bin/cmakexbuild" "-project" "CMAKE_TRY_COMPILE.xcodeproj" "build" "-target" "cmTryCompileExec1341361701" "-configuration" "Debug"
=== BUILD TARGET cmTryCompileExec1341361701 OF PROJECT CMAKE_TRY_COMPILE WITH CONFIGURATION Debug ===

Check dependencies

Write auxiliary files
/bin/mkdir -p /Users/elliotfiske/old-school/471/FINAL/show\ offf/CMakeFiles/CMakeTmp/CMAKE_TRY_COMPILE.build/Debug/cmTryCompileExec1341361701.build/Objects-normal/x86_64
write-file /Users/elliotfiske/old-school/471/FINAL/show\ offf/CMakeFiles/CMakeTmp/CMAKE_TRY_COMPILE.build/Debug/cmTryCompileExec1341361701.build/Objects-normal/x86_64/cmTryCompileExec1341361701.LinkFileList

CompileC CMAKE_TRY_COMPILE.build/Debug/cmTryCompileExec1341361701.build/Objects-normal/x86_64/CMakeCCompilerABI.o /Applications/CMake.app/Contents/share/cmake-3.1/Modules/CMakeCCompilerABI.c normal x86_64 c com.apple.compilers.llvm.clang.1_0.compiler
    cd "/Users/elliotfiske/old-school/471/FINAL/show offf/CMakeFiles/CMakeTmp"
    export LANG=en_US.US-ASCII
    /Applications/Xcode.app/Contents/Developer/Toolchains/XcodeDefault.xctoolchain/usr/bin/clang -x c -arch x86_64 -fmessage-length=0 -fdiagnostics-show-note-include-stack -fmacro-backtrace-limit=0 -Wno-trigraphs -fpascal-strings -O0 -Wno-missing-field-initializers -Wno-missing-prototypes -Wno-return-type -Wno-missing-braces -Wparentheses -Wswitch -Wno-unused-function -Wno-unused-label -Wno-unused-parameter -Wno-unused-variable -Wunused-value -Wno-empty-body -Wno-uninitialized -Wno-unknown-pragmas -Wno-shadow -Wno-four-char-constants -Wno-conversion -Wno-constant-conversion -Wno-int-conversion -Wno-bool-conversion -Wno-enum-conversion -Wno-shorten-64-to-32 -Wpointer-sign -Wno-newline-eof -DCMAKE_INTDIR=\"Debug\" -isysroot /Applications/Xcode.app/Contents/Developer/Platforms/MacOSX.platform/Developer/SDKs/MacOSX10.10.sdk -fasm-blocks -fstrict-aliasing -Wdeprecated-declarations -mmacosx-version-min=10.10 -g -Wno-sign-conversion -I/Users/elliotfiske/old-school/471/FINAL/show\ offf/CMakeFiles/CMakeTmp/Debug/include -I/Applications/Xcode.app/Contents/Developer/Toolchains/XcodeDefault.xctoolchain/usr/include -I/Users/elliotfiske/old-school/471/FINAL/show\ offf/CMakeFiles/CMakeTmp/CMAKE_TRY_COMPILE.build/Debug/cmTryCompileExec1341361701.build/DerivedSources/x86_64 -I/Users/elliotfiske/old-school/471/FINAL/show\ offf/CMakeFiles/CMakeTmp/CMAKE_TRY_COMPILE.build/Debug/cmTryCompileExec1341361701.build/DerivedSources -Wmost -Wno-four-char-constants -Wno-unknown-pragmas -F/Users/elliotfiske/old-school/471/FINAL/show\ offf/CMakeFiles/CMakeTmp/Debug -MMD -MT dependencies -MF /Users/elliotfiske/old-school/471/FINAL/show\ offf/CMakeFiles/CMakeTmp/CMAKE_TRY_COMPILE.build/Debug/cmTryCompileExec1341361701.build/Objects-normal/x86_64/CMakeCCompilerABI.d --serialize-diagnostics /Users/elliotfiske/old-school/471/FINAL/show\ offf/CMakeFiles/CMakeTmp/CMAKE_TRY_COMPILE.build/Debug/cmTryCompileExec1341361701.build/Objects-normal/x86_64/CMakeCCompilerABI.dia -c /Applications/CMake.app/Contents/share/cmake-3.1/Modules/CMakeCCompilerABI.c -o /Users/elliotfiske/old-school/471/FINAL/show\ offf/CMakeFiles/CMakeTmp/CMAKE_TRY_COMPILE.build/Debug/cmTryCompileExec1341361701.build/Objects-normal/x86_64/CMakeCCompilerABI.o

Ld Debug/cmTryCompileExec1341361701 normal x86_64
    cd "/Users/elliotfiske/old-school/471/FINAL/show offf/CMakeFiles/CMakeTmp"
    export MACOSX_DEPLOYMENT_TARGET=10.10
    /Applications/Xcode.app/Contents/Developer/Toolchains/XcodeDefault.xctoolchain/usr/bin/clang -arch x86_64 -isysroot /Applications/Xcode.app/Contents/Developer/Platforms/MacOSX.platform/Developer/SDKs/MacOSX10.10.sdk -L/Users/elliotfiske/old-school/471/FINAL/show\ offf/CMakeFiles/CMakeTmp/Debug -F/Users/elliotfiske/old-school/471/FINAL/show\ offf/CMakeFiles/CMakeTmp/Debug -filelist /Users/elliotfiske/old-school/471/FINAL/show\ offf/CMakeFiles/CMakeTmp/CMAKE_TRY_COMPILE.build/Debug/cmTryCompileExec1341361701.build/Objects-normal/x86_64/cmTryCompileExec1341361701.LinkFileList -mmacosx-version-min=10.10 -v -Wl,-v -Wl,-search_paths_first -Wl,-headerpad_max_install_names -Xlinker -dependency_info -Xlinker /Users/elliotfiske/old-school/471/FINAL/show\ offf/CMakeFiles/CMakeTmp/CMAKE_TRY_COMPILE.build/Debug/cmTryCompileExec1341361701.build/Objects-normal/x86_64/cmTryCompileExec1341361701_dependency_info.dat -o /Users/elliotfiske/old-school/471/FINAL/show\ offf/CMakeFiles/CMakeTmp/Debug/cmTryCompileExec1341361701
Apple LLVM version 6.0 (clang-600.0.57) (based on LLVM 3.5svn)
Target: x86_64-apple-darwin14.1.0
Thread model: posix
 "/Applications/Xcode.app/Contents/Developer/Toolchains/XcodeDefault.xctoolchain/usr/bin/ld" -demangle -dynamic -arch x86_64 -macosx_version_min 10.10.0 -syslibroot /Applications/Xcode.app/Contents/Developer/Platforms/MacOSX.platform/Developer/SDKs/MacOSX10.10.sdk -o /Users/elliotfiske/old-school/471/FINAL/show offf/CMakeFiles/CMakeTmp/Debug/cmTryCompileExec1341361701 -L/Users/elliotfiske/old-school/471/FINAL/show offf/CMakeFiles/CMakeTmp/Debug -filelist /Users/elliotfiske/old-school/471/FINAL/show offf/CMakeFiles/CMakeTmp/CMAKE_TRY_COMPILE.build/Debug/cmTryCompileExec1341361701.build/Objects-normal/x86_64/cmTryCompileExec1341361701.LinkFileList -v -search_paths_first -headerpad_max_install_names -dependency_info /Users/elliotfiske/old-school/471/FINAL/show offf/CMakeFiles/CMakeTmp/CMAKE_TRY_COMPILE.build/Debug/cmTryCompileExec1341361701.build/Objects-normal/x86_64/cmTryCompileExec1341361701_dependency_info.dat -lSystem /Applications/Xcode.app/Contents/Developer/Toolchains/XcodeDefault.xctoolchain/usr/bin/../lib/clang/6.0/lib/darwin/libclang_rt.osx.a -F/Users/elliotfiske/old-school/471/FINAL/show offf/CMakeFiles/CMakeTmp/Debug
@(#)PROGRAM:ld  PROJECT:ld64-241.9
configured to support archs: armv6 armv7 armv7s arm64 i386 x86_64 x86_64h armv6m armv7m armv7em
Library search paths:
	/Users/elliotfiske/old-school/471/FINAL/show offf/CMakeFiles/CMakeTmp/Debug
	/Applications/Xcode.app/Contents/Developer/Platforms/MacOSX.platform/Developer/SDKs/MacOSX10.10.sdk/usr/lib
Framework search paths:
	/Users/elliotfiske/old-school/471/FINAL/show offf/CMakeFiles/CMakeTmp/Debug
	/Applications/Xcode.app/Contents/Developer/Platforms/MacOSX.platform/Developer/SDKs/MacOSX10.10.sdk/System/Library/Frameworks/

** BUILD SUCCEEDED **



Parsed C implicit link information from above output:
  link line regex: [^( *|.*[/\])(ld|([^/\]+-)?ld|collect2)[^/\]*( |$)]
  ignore line: [Change Dir: /Users/elliotfiske/old-school/471/FINAL/show offf/CMakeFiles/CMakeTmp]
  ignore line: []
  ignore line: [Run Build Command:"/Applications/CMake.app/Contents/bin/cmakexbuild" "-project" "CMAKE_TRY_COMPILE.xcodeproj" "build" "-target" "cmTryCompileExec1341361701" "-configuration" "Debug"]
  ignore line: [=== BUILD TARGET cmTryCompileExec1341361701 OF PROJECT CMAKE_TRY_COMPILE WITH CONFIGURATION Debug ===]
  ignore line: []
  ignore line: [Check dependencies]
  ignore line: []
  ignore line: [Write auxiliary files]
  ignore line: [/bin/mkdir -p /Users/elliotfiske/old-school/471/FINAL/show\ offf/CMakeFiles/CMakeTmp/CMAKE_TRY_COMPILE.build/Debug/cmTryCompileExec1341361701.build/Objects-normal/x86_64]
  ignore line: [write-file /Users/elliotfiske/old-school/471/FINAL/show\ offf/CMakeFiles/CMakeTmp/CMAKE_TRY_COMPILE.build/Debug/cmTryCompileExec1341361701.build/Objects-normal/x86_64/cmTryCompileExec1341361701.LinkFileList]
  ignore line: []
  ignore line: [CompileC CMAKE_TRY_COMPILE.build/Debug/cmTryCompileExec1341361701.build/Objects-normal/x86_64/CMakeCCompilerABI.o /Applications/CMake.app/Contents/share/cmake-3.1/Modules/CMakeCCompilerABI.c normal x86_64 c com.apple.compilers.llvm.clang.1_0.compiler]
  ignore line: [    cd "/Users/elliotfiske/old-school/471/FINAL/show offf/CMakeFiles/CMakeTmp"]
  ignore line: [    export LANG=en_US.US-ASCII]
  ignore line: [    /Applications/Xcode.app/Contents/Developer/Toolchains/XcodeDefault.xctoolchain/usr/bin/clang -x c -arch x86_64 -fmessage-length=0 -fdiagnostics-show-note-include-stack -fmacro-backtrace-limit=0 -Wno-trigraphs -fpascal-strings -O0 -Wno-missing-field-initializers -Wno-missing-prototypes -Wno-return-type -Wno-missing-braces -Wparentheses -Wswitch -Wno-unused-function -Wno-unused-label -Wno-unused-parameter -Wno-unused-variable -Wunused-value -Wno-empty-body -Wno-uninitialized -Wno-unknown-pragmas -Wno-shadow -Wno-four-char-constants -Wno-conversion -Wno-constant-conversion -Wno-int-conversion -Wno-bool-conversion -Wno-enum-conversion -Wno-shorten-64-to-32 -Wpointer-sign -Wno-newline-eof -DCMAKE_INTDIR=\"Debug\" -isysroot /Applications/Xcode.app/Contents/Developer/Platforms/MacOSX.platform/Developer/SDKs/MacOSX10.10.sdk -fasm-blocks -fstrict-aliasing -Wdeprecated-declarations -mmacosx-version-min=10.10 -g -Wno-sign-conversion -I/Users/elliotfiske/old-school/471/FINAL/show\ offf/CMakeFiles/CMakeTmp/Debug/include -I/Applications/Xcode.app/Contents/Developer/Toolchains/XcodeDefault.xctoolchain/usr/include -I/Users/elliotfiske/old-school/471/FINAL/show\ offf/CMakeFiles/CMakeTmp/CMAKE_TRY_COMPILE.build/Debug/cmTryCompileExec1341361701.build/DerivedSources/x86_64 -I/Users/elliotfiske/old-school/471/FINAL/show\ offf/CMakeFiles/CMakeTmp/CMAKE_TRY_COMPILE.build/Debug/cmTryCompileExec1341361701.build/DerivedSources -Wmost -Wno-four-char-constants -Wno-unknown-pragmas -F/Users/elliotfiske/old-school/471/FINAL/show\ offf/CMakeFiles/CMakeTmp/Debug -MMD -MT dependencies -MF /Users/elliotfiske/old-school/471/FINAL/show\ offf/CMakeFiles/CMakeTmp/CMAKE_TRY_COMPILE.build/Debug/cmTryCompileExec1341361701.build/Objects-normal/x86_64/CMakeCCompilerABI.d --serialize-diagnostics /Users/elliotfiske/old-school/471/FINAL/show\ offf/CMakeFiles/CMakeTmp/CMAKE_TRY_COMPILE.build/Debug/cmTryCompileExec1341361701.build/Objects-normal/x86_64/CMakeCCompilerABI.dia -c /Applications/CMake.app/Contents/share/cmake-3.1/Modules/CMakeCCompilerABI.c -o /Users/elliotfiske/old-school/471/FINAL/show\ offf/CMakeFiles/CMakeTmp/CMAKE_TRY_COMPILE.build/Debug/cmTryCompileExec1341361701.build/Objects-normal/x86_64/CMakeCCompilerABI.o]
  ignore line: []
  ignore line: [Ld Debug/cmTryCompileExec1341361701 normal x86_64]
  ignore line: [    cd "/Users/elliotfiske/old-school/471/FINAL/show offf/CMakeFiles/CMakeTmp"]
  ignore line: [    export MACOSX_DEPLOYMENT_TARGET=10.10]
  ignore line: [    /Applications/Xcode.app/Contents/Developer/Toolchains/XcodeDefault.xctoolchain/usr/bin/clang -arch x86_64 -isysroot /Applications/Xcode.app/Contents/Developer/Platforms/MacOSX.platform/Developer/SDKs/MacOSX10.10.sdk -L/Users/elliotfiske/old-school/471/FINAL/show\ offf/CMakeFiles/CMakeTmp/Debug -F/Users/elliotfiske/old-school/471/FINAL/show\ offf/CMakeFiles/CMakeTmp/Debug -filelist /Users/elliotfiske/old-school/471/FINAL/show\ offf/CMakeFiles/CMakeTmp/CMAKE_TRY_COMPILE.build/Debug/cmTryCompileExec1341361701.build/Objects-normal/x86_64/cmTryCompileExec1341361701.LinkFileList -mmacosx-version-min=10.10 -v -Wl,-v -Wl,-search_paths_first -Wl,-headerpad_max_install_names -Xlinker -dependency_info -Xlinker /Users/elliotfiske/old-school/471/FINAL/show\ offf/CMakeFiles/CMakeTmp/CMAKE_TRY_COMPILE.build/Debug/cmTryCompileExec1341361701.build/Objects-normal/x86_64/cmTryCompileExec1341361701_dependency_info.dat -o /Users/elliotfiske/old-school/471/FINAL/show\ offf/CMakeFiles/CMakeTmp/Debug/cmTryCompileExec1341361701]
  ignore line: [Apple LLVM version 6.0 (clang-600.0.57) (based on LLVM 3.5svn)]
  ignore line: [Target: x86_64-apple-darwin14.1.0]
  ignore line: [Thread model: posix]
  reduced line: [ "/Applications/Xcode.app/Contents/Developer/Toolchains/XcodeDefault.xctoolchain/usr/bin/ld" -demangle -dynamic -arch x86_64 -macosx_version_min 10.10.0 -syslibroot /Applications/Xcode.app/Contents/Developer/Platforms/MacOSX.platform/Developer/SDKs/MacOSX10.10.sdk -o /Users/elliotfiske/old-school/471/FINAL/show offf/CMakeFiles/CMakeTmp/Debug/cmTryCompileExec1341361701 -L/Users/elliotfiske/old-school/471/FINAL/show offf/CMakeFiles/CMakeTmp/Debug -filelist /Users/elliotfiske/old-school/471/FINAL/show offf/CMakeFiles/CMakeTmp/CMAKE_TRY_COMPILE.build/Debug/cmTryCompileExec1341361701.build/Objects-normal/x86_64/cmTryCompileExec1341361701.LinkFileList -v -search_paths_first -headerpad_max_install_names -dependency_info /Users/elliotfiske/old-school/471/FINAL/show offf/CMakeFiles/CMakeTmp/CMAKE_TRY_COMPILE.build/Debug/cmTryCompileExec1341361701.build/Objects-normal/x86_64/cmTryCompileExec1341361701_dependency_info.dat -lSystem /Applications/Xcode.app/Contents/Developer/Toolchains/XcodeDefault.xctoolchain/usr/bin/../lib/clang/6.0/lib/darwin/libclang_rt.osx.a -F/Users/elliotfiske/old-school/471/FINAL/show offf/CMakeFiles/CMakeTmp/Debug]
            to: [ "/Applications/Xcode.app/Contents/Developer/Toolchains/XcodeDefault.xctoolchain/usr/bin/ld" -demangle -dynamic -arch x86_64 -macosx_version_min 10.10.0 -syslibroot /Applications/Xcode.app/Contents/Developer/Platforms/MacOSX.platform/Developer/SDKs/MacOSX10.10.sdk -o /Users/elliotfiske/old-school/471/FINAL/show offf/CMakeFiles/CMakeTmp/Debug/cmTryCompileExec1341361701 -filelist /Users/elliotfiske/old-school/471/FINAL/show offf/CMakeFiles/CMakeTmp/CMAKE_TRY_COMPILE.build/Debug/cmTryCompileExec1341361701.build/Objects-normal/x86_64/cmTryCompileExec1341361701.LinkFileList -v -search_paths_first -headerpad_max_install_names -dependency_info /Users/elliotfiske/old-school/471/FINAL/show offf/CMakeFiles/CMakeTmp/CMAKE_TRY_COMPILE.build/Debug/cmTryCompileExec1341361701.build/Objects-normal/x86_64/cmTryCompileExec1341361701_dependency_info.dat -lSystem /Applications/Xcode.app/Contents/Developer/Toolchains/XcodeDefault.xctoolchain/usr/bin/../lib/clang/6.0/lib/darwin/libclang_rt.osx.a ]
  link line: [ "/Applications/Xcode.app/Contents/Developer/Toolchains/XcodeDefault.xctoolchain/usr/bin/ld" -demangle -dynamic -arch x86_64 -macosx_version_min 10.10.0 -syslibroot /Applications/Xcode.app/Contents/Developer/Platforms/MacOSX.platform/Developer/SDKs/MacOSX10.10.sdk -o /Users/elliotfiske/old-school/471/FINAL/show offf/CMakeFiles/CMakeTmp/Debug/cmTryCompileExec1341361701 -filelist /Users/elliotfiske/old-school/471/FINAL/show offf/CMakeFiles/CMakeTmp/CMAKE_TRY_COMPILE.build/Debug/cmTryCompileExec1341361701.build/Objects-normal/x86_64/cmTryCompileExec1341361701.LinkFileList -v -search_paths_first -headerpad_max_install_names -dependency_info /Users/elliotfiske/old-school/471/FINAL/show offf/CMakeFiles/CMakeTmp/CMAKE_TRY_COMPILE.build/Debug/cmTryCompileExec1341361701.build/Objects-normal/x86_64/cmTryCompileExec1341361701_dependency_info.dat -lSystem /Applications/Xcode.app/Contents/Developer/Toolchains/XcodeDefault.xctoolchain/usr/bin/../lib/clang/6.0/lib/darwin/libclang_rt.osx.a ]
    arg [/Applications/Xcode.app/Contents/Developer/Toolchains/XcodeDefault.xctoolchain/usr/bin/ld] ==> ignore
    arg [-demangle] ==> ignore
    arg [-dynamic] ==> ignore
    arg [-arch] ==> ignore
    arg [x86_64] ==> ignore
    arg [-macosx_version_min] ==> ignore
    arg [10.10.0] ==> ignore
    arg [-syslibroot] ==> ignore
    arg [/Applications/Xcode.app/Contents/Developer/Platforms/MacOSX.platform/Developer/SDKs/MacOSX10.10.sdk] ==> ignore
    arg [-o] ==> ignore
    arg [/Users/elliotfiske/old-school/471/FINAL/show] ==> ignore
    arg [offf/CMakeFiles/CMakeTmp/Debug/cmTryCompileExec1341361701] ==> ignore
    arg [-filelist] ==> ignore
    arg [/Users/elliotfiske/old-school/471/FINAL/show] ==> ignore
    arg [offf/CMakeFiles/CMakeTmp/CMAKE_TRY_COMPILE.build/Debug/cmTryCompileExec1341361701.build/Objects-normal/x86_64/cmTryCompileExec1341361701.LinkFileList] ==> ignore
    arg [-v] ==> ignore
    arg [-search_paths_first] ==> ignore
    arg [-headerpad_max_install_names] ==> ignore
    arg [-dependency_info] ==> ignore
    arg [/Users/elliotfiske/old-school/471/FINAL/show] ==> ignore
    arg [offf/CMakeFiles/CMakeTmp/CMAKE_TRY_COMPILE.build/Debug/cmTryCompileExec1341361701.build/Objects-normal/x86_64/cmTryCompileExec1341361701_dependency_info.dat] ==> ignore
    arg [-lSystem] ==> lib [System]
    arg [/Applications/Xcode.app/Contents/Developer/Toolchains/XcodeDefault.xctoolchain/usr/bin/../lib/clang/6.0/lib/darwin/libclang_rt.osx.a] ==> lib [/Applications/Xcode.app/Contents/Developer/Toolchains/XcodeDefault.xctoolchain/usr/bin/../lib/clang/6.0/lib/darwin/libclang_rt.osx.a]
  Library search paths: [;/Users/elliotfiske/old-school/471/FINAL/show offf/CMakeFiles/CMakeTmp/Debug;/Applications/Xcode.app/Contents/Developer/Platforms/MacOSX.platform/Developer/SDKs/MacOSX10.10.sdk/usr/lib]
  Framework search paths: [;/Users/elliotfiske/old-school/471/FINAL/show offf/CMakeFiles/CMakeTmp/Debug;/Applications/Xcode.app/Contents/Developer/Platforms/MacOSX.platform/Developer/SDKs/MacOSX10.10.sdk/System/Library/Frameworks/]
  remove lib [System]
  collapse lib [/Applications/Xcode.app/Contents/Developer/Toolchains/XcodeDefault.xctoolchain/usr/bin/../lib/clang/6.0/lib/darwin/libclang_rt.osx.a] ==> [/Applications/Xcode.app/Contents/Developer/Toolchains/XcodeDefault.xctoolchain/usr/lib/clang/6.0/lib/darwin/libclang_rt.osx.a]
  collapse library dir [/Users/elliotfiske/old-school/471/FINAL/show offf/CMakeFiles/CMakeTmp/Debug] ==> [/Users/elliotfiske/old-school/471/FINAL/show offf/CMakeFiles/CMakeTmp/Debug], skipping non-system directory
  collapse library dir [/Applications/Xcode.app/Contents/Developer/Platforms/MacOSX.platform/Developer/SDKs/MacOSX10.10.sdk/usr/lib] ==> [/Applications/Xcode.app/Contents/Developer/Platforms/MacOSX.platform/Developer/SDKs/MacOSX10.10.sdk/usr/lib]
  collapse framework dir [/Users/elliotfiske/old-school/471/FINAL/show offf/CMakeFiles/CMakeTmp/Debug] ==> [/Users/elliotfiske/old-school/471/FINAL/show offf/CMakeFiles/CMakeTmp/Debug], skipping non-system directory
  collapse framework dir [/Applications/Xcode.app/Contents/Developer/Platforms/MacOSX.platform/Developer/SDKs/MacOSX10.10.sdk/System/Library/Frameworks/] ==> [/Applications/Xcode.app/Contents/Developer/Platforms/MacOSX.platform/Developer/SDKs/MacOSX10.10.sdk/System/Library/Frameworks]
  implicit libs: [/Applications/Xcode.app/Contents/Developer/Toolchains/XcodeDefault.xctoolchain/usr/lib/clang/6.0/lib/darwin/libclang_rt.osx.a]
  implicit dirs: [/Applications/Xcode.app/Contents/Developer/Platforms/MacOSX.platform/Developer/SDKs/MacOSX10.10.sdk/usr/lib]
  implicit fwks: [/Applications/Xcode.app/Contents/Developer/Platforms/MacOSX.platform/Developer/SDKs/MacOSX10.10.sdk/System/Library/Frameworks]


Determining if the CXX compiler works passed with the following output:
Change Dir: /Users/elliotfiske/old-school/471/FINAL/show offf/CMakeFiles/CMakeTmp

Run Build Command:"/Applications/CMake.app/Contents/bin/cmakexbuild" "-project" "CMAKE_TRY_COMPILE.xcodeproj" "build" "-target" "cmTryCompileExec677076662" "-configuration" "Debug"
=== BUILD TARGET cmTryCompileExec677076662 OF PROJECT CMAKE_TRY_COMPILE WITH CONFIGURATION Debug ===

Check dependencies

Write auxiliary files
/bin/mkdir -p /Users/elliotfiske/old-school/471/FINAL/show\ offf/CMakeFiles/CMakeTmp/CMAKE_TRY_COMPILE.build/Debug/cmTryCompileExec677076662.build/Objects-normal/x86_64
write-file /Users/elliotfiske/old-school/471/FINAL/show\ offf/CMakeFiles/CMakeTmp/CMAKE_TRY_COMPILE.build/Debug/cmTryCompileExec677076662.build/Objects-normal/x86_64/cmTryCompileExec677076662.LinkFileList

CompileC CMAKE_TRY_COMPILE.build/Debug/cmTryCompileExec677076662.build/Objects-normal/x86_64/testCXXCompiler.o testCXXCompiler.cxx normal x86_64 c++ com.apple.compilers.llvm.clang.1_0.compiler
    cd "/Users/elliotfiske/old-school/471/FINAL/show offf/CMakeFiles/CMakeTmp"
    export LANG=en_US.US-ASCII
    /Applications/Xcode.app/Contents/Developer/Toolchains/XcodeDefault.xctoolchain/usr/bin/clang -x c++ -arch x86_64 -fmessage-length=0 -fdiagnostics-show-note-include-stack -fmacro-backtrace-limit=0 -Wno-trigraphs -fpascal-strings -O0 -Wno-missing-field-initializers -Wno-missing-prototypes -Wno-return-type -Wno-non-virtual-dtor -Wno-overloaded-virtual -Wno-exit-time-destructors -Wno-missing-braces -Wparentheses -Wswitch -Wno-unused-function -Wno-unused-label -Wno-unused-parameter -Wno-unused-variable -Wunused-value -Wno-empty-body -Wno-uninitialized -Wno-unknown-pragmas -Wno-shadow -Wno-four-char-constants -Wno-conversion -Wno-constant-conversion -Wno-int-conversion -Wno-bool-conversion -Wno-enum-conversion -Wno-shorten-64-to-32 -Wno-newline-eof -Wno-c++11-extensions -DCMAKE_INTDIR=\"Debug\" -isysroot /Applications/Xcode.app/Contents/Developer/Platforms/MacOSX.platform/Developer/SDKs/MacOSX10.10.sdk -fasm-blocks -fstrict-aliasing -Wdeprecated-declarations -Winvalid-offsetof -mmacosx-version-min=10.10 -Wno-sign-conversion -I/Users/elliotfiske/old-school/471/FINAL/show\ offf/CMakeFiles/CMakeTmp/Debug/include -I/Applications/Xcode.app/Contents/Developer/Toolchains/XcodeDefault.xctoolchain/usr/include -I/Users/elliotfiske/old-school/471/FINAL/show\ offf/CMakeFiles/CMakeTmp/CMAKE_TRY_COMPILE.build/Debug/cmTryCompileExec677076662.build/DerivedSources/x86_64 -I/Users/elliotfiske/old-school/471/FINAL/show\ offf/CMakeFiles/CMakeTmp/CMAKE_TRY_COMPILE.build/Debug/cmTryCompileExec677076662.build/DerivedSources -Wmost -Wno-four-char-constants -Wno-unknown-pragmas -F/Users/elliotfiske/old-school/471/FINAL/show\ offf/CMakeFiles/CMakeTmp/Debug -g -MMD -MT dependencies -MF /Users/elliotfiske/old-school/471/FINAL/show\ offf/CMakeFiles/CMakeTmp/CMAKE_TRY_COMPILE.build/Debug/cmTryCompileExec677076662.build/Objects-normal/x86_64/testCXXCompiler.d --serialize-diagnostics /Users/elliotfiske/old-school/471/FINAL/show\ offf/CMakeFiles/CMakeTmp/CMAKE_TRY_COMPILE.build/Debug/cmTryCompileExec677076662.build/Objects-normal/x86_64/testCXXCompiler.dia -c /Users/elliotfiske/old-school/471/FINAL/show\ offf/CMakeFiles/CMakeTmp/testCXXCompiler.cxx -o /Users/elliotfiske/old-school/471/FINAL/show\ offf/CMakeFiles/CMakeTmp/CMAKE_TRY_COMPILE.build/Debug/cmTryCompileExec677076662.build/Objects-normal/x86_64/testCXXCompiler.o

Ld Debug/cmTryCompileExec677076662 normal x86_64
    cd "/Users/elliotfiske/old-school/471/FINAL/show offf/CMakeFiles/CMakeTmp"
    export MACOSX_DEPLOYMENT_TARGET=10.10
    /Applications/Xcode.app/Contents/Developer/Toolchains/XcodeDefault.xctoolchain/usr/bin/clang++ -arch x86_64 -isysroot /Applications/Xcode.app/Contents/Developer/Platforms/MacOSX.platform/Developer/SDKs/MacOSX10.10.sdk -L/Users/elliotfiske/old-school/471/FINAL/show\ offf/CMakeFiles/CMakeTmp/Debug -F/Users/elliotfiske/old-school/471/FINAL/show\ offf/CMakeFiles/CMakeTmp/Debug -filelist /Users/elliotfiske/old-school/471/FINAL/show\ offf/CMakeFiles/CMakeTmp/CMAKE_TRY_COMPILE.build/Debug/cmTryCompileExec677076662.build/Objects-normal/x86_64/cmTryCompileExec677076662.LinkFileList -mmacosx-version-min=10.10 -Wl,-search_paths_first -Wl,-headerpad_max_install_names -Xlinker -dependency_info -Xlinker /Users/elliotfiske/old-school/471/FINAL/show\ offf/CMakeFiles/CMakeTmp/CMAKE_TRY_COMPILE.build/Debug/cmTryCompileExec677076662.build/Objects-normal/x86_64/cmTryCompileExec677076662_dependency_info.dat -o /Users/elliotfiske/old-school/471/FINAL/show\ offf/CMakeFiles/CMakeTmp/Debug/cmTryCompileExec677076662

** BUILD SUCCEEDED **



Detecting CXX compiler ABI info compiled with the following output:
Change Dir: /Users/elliotfiske/old-school/471/FINAL/show offf/CMakeFiles/CMakeTmp

Run Build Command:"/Applications/CMake.app/Contents/bin/cmakexbuild" "-project" "CMAKE_TRY_COMPILE.xcodeproj" "build" "-target" "cmTryCompileExec540107285" "-configuration" "Debug"
=== BUILD TARGET cmTryCompileExec540107285 OF PROJECT CMAKE_TRY_COMPILE WITH CONFIGURATION Debug ===

Check dependencies

Write auxiliary files
/bin/mkdir -p /Users/elliotfiske/old-school/471/FINAL/show\ offf/CMakeFiles/CMakeTmp/CMAKE_TRY_COMPILE.build/Debug/cmTryCompileExec540107285.build/Objects-normal/x86_64
write-file /Users/elliotfiske/old-school/471/FINAL/show\ offf/CMakeFiles/CMakeTmp/CMAKE_TRY_COMPILE.build/Debug/cmTryCompileExec540107285.build/Objects-normal/x86_64/cmTryCompileExec540107285.LinkFileList

CompileC CMAKE_TRY_COMPILE.build/Debug/cmTryCompileExec540107285.build/Objects-normal/x86_64/CMakeCXXCompilerABI.o /Applications/CMake.app/Contents/share/cmake-3.1/Modules/CMakeCXXCompilerABI.cpp normal x86_64 c++ com.apple.compilers.llvm.clang.1_0.compiler
    cd "/Users/elliotfiske/old-school/471/FINAL/show offf/CMakeFiles/CMakeTmp"
    export LANG=en_US.US-ASCII
    /Applications/Xcode.app/Contents/Developer/Toolchains/XcodeDefault.xctoolchain/usr/bin/clang -x c++ -arch x86_64 -fmessage-length=0 -fdiagnostics-show-note-include-stack -fmacro-backtrace-limit=0 -Wno-trigraphs -fpascal-strings -O0 -Wno-missing-field-initializers -Wno-missing-prototypes -Wno-return-type -Wno-non-virtual-dtor -Wno-overloaded-virtual -Wno-exit-time-destructors -Wno-missing-braces -Wparentheses -Wswitch -Wno-unused-function -Wno-unused-label -Wno-unused-parameter -Wno-unused-variable -Wunused-value -Wno-empty-body -Wno-uninitialized -Wno-unknown-pragmas -Wno-shadow -Wno-four-char-constants -Wno-conversion -Wno-constant-conversion -Wno-int-conversion -Wno-bool-conversion -Wno-enum-conversion -Wno-shorten-64-to-32 -Wno-newline-eof -Wno-c++11-extensions -DCMAKE_INTDIR=\"Debug\" -isysroot /Applications/Xcode.app/Contents/Developer/Platforms/MacOSX.platform/Developer/SDKs/MacOSX10.10.sdk -fasm-blocks -fstrict-aliasing -Wdeprecated-declarations -Winvalid-offsetof -mmacosx-version-min=10.10 -Wno-sign-conversion -I/Users/elliotfiske/old-school/471/FINAL/show\ offf/CMakeFiles/CMakeTmp/Debug/include -I/Applications/Xcode.app/Contents/Developer/Toolchains/XcodeDefault.xctoolchain/usr/include -I/Users/elliotfiske/old-school/471/FINAL/show\ offf/CMakeFiles/CMakeTmp/CMAKE_TRY_COMPILE.build/Debug/cmTryCompileExec540107285.build/DerivedSources/x86_64 -I/Users/elliotfiske/old-school/471/FINAL/show\ offf/CMakeFiles/CMakeTmp/CMAKE_TRY_COMPILE.build/Debug/cmTryCompileExec540107285.build/DerivedSources -Wmost -Wno-four-char-constants -Wno-unknown-pragmas -F/Users/elliotfiske/old-school/471/FINAL/show\ offf/CMakeFiles/CMakeTmp/Debug -g -MMD -MT dependencies -MF /Users/elliotfiske/old-school/471/FINAL/show\ offf/CMakeFiles/CMakeTmp/CMAKE_TRY_COMPILE.build/Debug/cmTryCompileExec540107285.build/Objects-normal/x86_64/CMakeCXXCompilerABI.d --serialize-diagnostics /Users/elliotfiske/old-school/471/FINAL/show\ offf/CMakeFiles/CMakeTmp/CMAKE_TRY_COMPILE.build/Debug/cmTryCompileExec540107285.build/Objects-normal/x86_64/CMakeCXXCompilerABI.dia -c /Applications/CMake.app/Contents/share/cmake-3.1/Modules/CMakeCXXCompilerABI.cpp -o /Users/elliotfiske/old-school/471/FINAL/show\ offf/CMakeFiles/CMakeTmp/CMAKE_TRY_COMPILE.build/Debug/cmTryCompileExec540107285.build/Objects-normal/x86_64/CMakeCXXCompilerABI.o

Ld Debug/cmTryCompileExec540107285 normal x86_64
    cd "/Users/elliotfiske/old-school/471/FINAL/show offf/CMakeFiles/CMakeTmp"
    export MACOSX_DEPLOYMENT_TARGET=10.10
    /Applications/Xcode.app/Contents/Developer/Toolchains/XcodeDefault.xctoolchain/usr/bin/clang++ -arch x86_64 -isysroot /Applications/Xcode.app/Contents/Developer/Platforms/MacOSX.platform/Developer/SDKs/MacOSX10.10.sdk -L/Users/elliotfiske/old-school/471/FINAL/show\ offf/CMakeFiles/CMakeTmp/Debug -F/Users/elliotfiske/old-school/471/FINAL/show\ offf/CMakeFiles/CMakeTmp/Debug -filelist /Users/elliotfiske/old-school/471/FINAL/show\ offf/CMakeFiles/CMakeTmp/CMAKE_TRY_COMPILE.build/Debug/cmTryCompileExec540107285.build/Objects-normal/x86_64/cmTryCompileExec540107285.LinkFileList -mmacosx-version-min=10.10 -v -Wl,-v -Wl,-search_paths_first -Wl,-headerpad_max_install_names -Xlinker -dependency_info -Xlinker /Users/elliotfiske/old-school/471/FINAL/show\ offf/CMakeFiles/CMakeTmp/CMAKE_TRY_COMPILE.build/Debug/cmTryCompileExec540107285.build/Objects-normal/x86_64/cmTryCompileExec540107285_dependency_info.dat -o /Users/elliotfiske/old-school/471/FINAL/show\ offf/CMakeFiles/CMakeTmp/Debug/cmTryCompileExec540107285
Apple LLVM version 6.0 (clang-600.0.57) (based on LLVM 3.5svn)
Target: x86_64-apple-darwin14.1.0
Thread model: posix
 "/Applications/Xcode.app/Contents/Developer/Toolchains/XcodeDefault.xctoolchain/usr/bin/ld" -demangle -dynamic -arch x86_64 -macosx_version_min 10.10.0 -syslibroot /Applications/Xcode.app/Contents/Developer/Platforms/MacOSX.platform/Developer/SDKs/MacOSX10.10.sdk -o /Users/elliotfiske/old-school/471/FINAL/show offf/CMakeFiles/CMakeTmp/Debug/cmTryCompileExec540107285 -L/Users/elliotfiske/old-school/471/FINAL/show offf/CMakeFiles/CMakeTmp/Debug -filelist /Users/elliotfiske/old-school/471/FINAL/show offf/CMakeFiles/CMakeTmp/CMAKE_TRY_COMPILE.build/Debug/cmTryCompileExec540107285.build/Objects-normal/x86_64/cmTryCompileExec540107285.LinkFileList -v -search_paths_first -headerpad_max_install_names -dependency_info /Users/elliotfiske/old-school/471/FINAL/show offf/CMakeFiles/CMakeTmp/CMAKE_TRY_COMPILE.build/Debug/cmTryCompileExec540107285.build/Objects-normal/x86_64/cmTryCompileExec540107285_dependency_info.dat -lc++ -lSystem /Applications/Xcode.app/Contents/Developer/Toolchains/XcodeDefault.xctoolchain/usr/bin/../lib/clang/6.0/lib/darwin/libclang_rt.osx.a -F/Users/elliotfiske/old-school/471/FINAL/show offf/CMakeFiles/CMakeTmp/Debug
@(#)PROGRAM:ld  PROJECT:ld64-241.9
configured to support archs: armv6 armv7 armv7s arm64 i386 x86_64 x86_64h armv6m armv7m armv7em
Library search paths:
	/Users/elliotfiske/old-school/471/FINAL/show offf/CMakeFiles/CMakeTmp/Debug
	/Applications/Xcode.app/Contents/Developer/Platforms/MacOSX.platform/Developer/SDKs/MacOSX10.10.sdk/usr/lib
Framework search paths:
	/Users/elliotfiske/old-school/471/FINAL/show offf/CMakeFiles/CMakeTmp/Debug
	/Applications/Xcode.app/Contents/Developer/Platforms/MacOSX.platform/Developer/SDKs/MacOSX10.10.sdk/System/Library/Frameworks/

** BUILD SUCCEEDED **



Parsed CXX implicit link information from above output:
  link line regex: [^( *|.*[/\])(ld|([^/\]+-)?ld|collect2)[^/\]*( |$)]
  ignore line: [Change Dir: /Users/elliotfiske/old-school/471/FINAL/show offf/CMakeFiles/CMakeTmp]
  ignore line: []
  ignore line: [Run Build Command:"/Applications/CMake.app/Contents/bin/cmakexbuild" "-project" "CMAKE_TRY_COMPILE.xcodeproj" "build" "-target" "cmTryCompileExec540107285" "-configuration" "Debug"]
  ignore line: [=== BUILD TARGET cmTryCompileExec540107285 OF PROJECT CMAKE_TRY_COMPILE WITH CONFIGURATION Debug ===]
  ignore line: []
  ignore line: [Check dependencies]
  ignore line: []
  ignore line: [Write auxiliary files]
  ignore line: [/bin/mkdir -p /Users/elliotfiske/old-school/471/FINAL/show\ offf/CMakeFiles/CMakeTmp/CMAKE_TRY_COMPILE.build/Debug/cmTryCompileExec540107285.build/Objects-normal/x86_64]
  ignore line: [write-file /Users/elliotfiske/old-school/471/FINAL/show\ offf/CMakeFiles/CMakeTmp/CMAKE_TRY_COMPILE.build/Debug/cmTryCompileExec540107285.build/Objects-normal/x86_64/cmTryCompileExec540107285.LinkFileList]
  ignore line: []
  ignore line: [CompileC CMAKE_TRY_COMPILE.build/Debug/cmTryCompileExec540107285.build/Objects-normal/x86_64/CMakeCXXCompilerABI.o /Applications/CMake.app/Contents/share/cmake-3.1/Modules/CMakeCXXCompilerABI.cpp normal x86_64 c++ com.apple.compilers.llvm.clang.1_0.compiler]
  ignore line: [    cd "/Users/elliotfiske/old-school/471/FINAL/show offf/CMakeFiles/CMakeTmp"]
  ignore line: [    export LANG=en_US.US-ASCII]
  ignore line: [    /Applications/Xcode.app/Contents/Developer/Toolchains/XcodeDefault.xctoolchain/usr/bin/clang -x c++ -arch x86_64 -fmessage-length=0 -fdiagnostics-show-note-include-stack -fmacro-backtrace-limit=0 -Wno-trigraphs -fpascal-strings -O0 -Wno-missing-field-initializers -Wno-missing-prototypes -Wno-return-type -Wno-non-virtual-dtor -Wno-overloaded-virtual -Wno-exit-time-destructors -Wno-missing-braces -Wparentheses -Wswitch -Wno-unused-function -Wno-unused-label -Wno-unused-parameter -Wno-unused-variable -Wunused-value -Wno-empty-body -Wno-uninitialized -Wno-unknown-pragmas -Wno-shadow -Wno-four-char-constants -Wno-conversion -Wno-constant-conversion -Wno-int-conversion -Wno-bool-conversion -Wno-enum-conversion -Wno-shorten-64-to-32 -Wno-newline-eof -Wno-c++11-extensions -DCMAKE_INTDIR=\"Debug\" -isysroot /Applications/Xcode.app/Contents/Developer/Platforms/MacOSX.platform/Developer/SDKs/MacOSX10.10.sdk -fasm-blocks -fstrict-aliasing -Wdeprecated-declarations -Winvalid-offsetof -mmacosx-version-min=10.10 -Wno-sign-conversion -I/Users/elliotfiske/old-school/471/FINAL/show\ offf/CMakeFiles/CMakeTmp/Debug/include -I/Applications/Xcode.app/Contents/Developer/Toolchains/XcodeDefault.xctoolchain/usr/include -I/Users/elliotfiske/old-school/471/FINAL/show\ offf/CMakeFiles/CMakeTmp/CMAKE_TRY_COMPILE.build/Debug/cmTryCompileExec540107285.build/DerivedSources/x86_64 -I/Users/elliotfiske/old-school/471/FINAL/show\ offf/CMakeFiles/CMakeTmp/CMAKE_TRY_COMPILE.build/Debug/cmTryCompileExec540107285.build/DerivedSources -Wmost -Wno-four-char-constants -Wno-unknown-pragmas -F/Users/elliotfiske/old-school/471/FINAL/show\ offf/CMakeFiles/CMakeTmp/Debug -g -MMD -MT dependencies -MF /Users/elliotfiske/old-school/471/FINAL/show\ offf/CMakeFiles/CMakeTmp/CMAKE_TRY_COMPILE.build/Debug/cmTryCompileExec540107285.build/Objects-normal/x86_64/CMakeCXXCompilerABI.d --serialize-diagnostics /Users/elliotfiske/old-school/471/FINAL/show\ offf/CMakeFiles/CMakeTmp/CMAKE_TRY_COMPILE.build/Debug/cmTryCompileExec540107285.build/Objects-normal/x86_64/CMakeCXXCompilerABI.dia -c /Applications/CMake.app/Contents/share/cmake-3.1/Modules/CMakeCXXCompilerABI.cpp -o /Users/elliotfiske/old-school/471/FINAL/show\ offf/CMakeFiles/CMakeTmp/CMAKE_TRY_COMPILE.build/Debug/cmTryCompileExec540107285.build/Objects-normal/x86_64/CMakeCXXCompilerABI.o]
  ignore line: []
  ignore line: [Ld Debug/cmTryCompileExec540107285 normal x86_64]
  ignore line: [    cd "/Users/elliotfiske/old-school/471/FINAL/show offf/CMakeFiles/CMakeTmp"]
  ignore line: [    export MACOSX_DEPLOYMENT_TARGET=10.10]
  ignore line: [    /Applications/Xcode.app/Contents/Developer/Toolchains/XcodeDefault.xctoolchain/usr/bin/clang++ -arch x86_64 -isysroot /Applications/Xcode.app/Contents/Developer/Platforms/MacOSX.platform/Developer/SDKs/MacOSX10.10.sdk -L/Users/elliotfiske/old-school/471/FINAL/show\ offf/CMakeFiles/CMakeTmp/Debug -F/Users/elliotfiske/old-school/471/FINAL/show\ offf/CMakeFiles/CMakeTmp/Debug -filelist /Users/elliotfiske/old-school/471/FINAL/show\ offf/CMakeFiles/CMakeTmp/CMAKE_TRY_COMPILE.build/Debug/cmTryCompileExec540107285.build/Objects-normal/x86_64/cmTryCompileExec540107285.LinkFileList -mmacosx-version-min=10.10 -v -Wl,-v -Wl,-search_paths_first -Wl,-headerpad_max_install_names -Xlinker -dependency_info -Xlinker /Users/elliotfiske/old-school/471/FINAL/show\ offf/CMakeFiles/CMakeTmp/CMAKE_TRY_COMPILE.build/Debug/cmTryCompileExec540107285.build/Objects-normal/x86_64/cmTryCompileExec540107285_dependency_info.dat -o /Users/elliotfiske/old-school/471/FINAL/show\ offf/CMakeFiles/CMakeTmp/Debug/cmTryCompileExec540107285]
  ignore line: [Apple LLVM version 6.0 (clang-600.0.57) (based on LLVM 3.5svn)]
  ignore line: [Target: x86_64-apple-darwin14.1.0]
  ignore line: [Thread model: posix]
  reduced line: [ "/Applications/Xcode.app/Contents/Developer/Toolchains/XcodeDefault.xctoolchain/usr/bin/ld" -demangle -dynamic -arch x86_64 -macosx_version_min 10.10.0 -syslibroot /Applications/Xcode.app/Contents/Developer/Platforms/MacOSX.platform/Developer/SDKs/MacOSX10.10.sdk -o /Users/elliotfiske/old-school/471/FINAL/show offf/CMakeFiles/CMakeTmp/Debug/cmTryCompileExec540107285 -L/Users/elliotfiske/old-school/471/FINAL/show offf/CMakeFiles/CMakeTmp/Debug -filelist /Users/elliotfiske/old-school/471/FINAL/show offf/CMakeFiles/CMakeTmp/CMAKE_TRY_COMPILE.build/Debug/cmTryCompileExec540107285.build/Objects-normal/x86_64/cmTryCompileExec540107285.LinkFileList -v -search_paths_first -headerpad_max_install_names -dependency_info /Users/elliotfiske/old-school/471/FINAL/show offf/CMakeFiles/CMakeTmp/CMAKE_TRY_COMPILE.build/Debug/cmTryCompileExec540107285.build/Objects-normal/x86_64/cmTryCompileExec540107285_dependency_info.dat -lc++ -lSystem /Applications/Xcode.app/Contents/Developer/Toolchains/XcodeDefault.xctoolchain/usr/bin/../lib/clang/6.0/lib/darwin/libclang_rt.osx.a -F/Users/elliotfiske/old-school/471/FINAL/show offf/CMakeFiles/CMakeTmp/Debug]
            to: [ "/Applications/Xcode.app/Contents/Developer/Toolchains/XcodeDefault.xctoolchain/usr/bin/ld" -demangle -dynamic -arch x86_64 -macosx_version_min 10.10.0 -syslibroot /Applications/Xcode.app/Contents/Developer/Platforms/MacOSX.platform/Developer/SDKs/MacOSX10.10.sdk -o /Users/elliotfiske/old-school/471/FINAL/show offf/CMakeFiles/CMakeTmp/Debug/cmTryCompileExec540107285 -filelist /Users/elliotfiske/old-school/471/FINAL/show offf/CMakeFiles/CMakeTmp/CMAKE_TRY_COMPILE.build/Debug/cmTryCompileExec540107285.build/Objects-normal/x86_64/cmTryCompileExec540107285.LinkFileList -v -search_paths_first -headerpad_max_install_names -dependency_info /Users/elliotfiske/old-school/471/FINAL/show offf/CMakeFiles/CMakeTmp/CMAKE_TRY_COMPILE.build/Debug/cmTryCompileExec540107285.build/Objects-normal/x86_64/cmTryCompileExec540107285_dependency_info.dat -lc++ -lSystem /Applications/Xcode.app/Contents/Developer/Toolchains/XcodeDefault.xctoolchain/usr/bin/../lib/clang/6.0/lib/darwin/libclang_rt.osx.a ]
  link line: [ "/Applications/Xcode.app/Contents/Developer/Toolchains/XcodeDefault.xctoolchain/usr/bin/ld" -demangle -dynamic -arch x86_64 -macosx_version_min 10.10.0 -syslibroot /Applications/Xcode.app/Contents/Developer/Platforms/MacOSX.platform/Developer/SDKs/MacOSX10.10.sdk -o /Users/elliotfiske/old-school/471/FINAL/show offf/CMakeFiles/CMakeTmp/Debug/cmTryCompileExec540107285 -filelist /Users/elliotfiske/old-school/471/FINAL/show offf/CMakeFiles/CMakeTmp/CMAKE_TRY_COMPILE.build/Debug/cmTryCompileExec540107285.build/Objects-normal/x86_64/cmTryCompileExec540107285.LinkFileList -v -search_paths_first -headerpad_max_install_names -dependency_info /Users/elliotfiske/old-school/471/FINAL/show offf/CMakeFiles/CMakeTmp/CMAKE_TRY_COMPILE.build/Debug/cmTryCompileExec540107285.build/Objects-normal/x86_64/cmTryCompileExec540107285_dependency_info.dat -lc++ -lSystem /Applications/Xcode.app/Contents/Developer/Toolchains/XcodeDefault.xctoolchain/usr/bin/../lib/clang/6.0/lib/darwin/libclang_rt.osx.a ]
    arg [/Applications/Xcode.app/Contents/Developer/Toolchains/XcodeDefault.xctoolchain/usr/bin/ld] ==> ignore
    arg [-demangle] ==> ignore
    arg [-dynamic] ==> ignore
    arg [-arch] ==> ignore
    arg [x86_64] ==> ignore
    arg [-macosx_version_min] ==> ignore
    arg [10.10.0] ==> ignore
    arg [-syslibroot] ==> ignore
    arg [/Applications/Xcode.app/Contents/Developer/Platforms/MacOSX.platform/Developer/SDKs/MacOSX10.10.sdk] ==> ignore
    arg [-o] ==> ignore
    arg [/Users/elliotfiske/old-school/471/FINAL/show] ==> ignore
    arg [offf/CMakeFiles/CMakeTmp/Debug/cmTryCompileExec540107285] ==> ignore
    arg [-filelist] ==> ignore
    arg [/Users/elliotfiske/old-school/471/FINAL/show] ==> ignore
    arg [offf/CMakeFiles/CMakeTmp/CMAKE_TRY_COMPILE.build/Debug/cmTryCompileExec540107285.build/Objects-normal/x86_64/cmTryCompileExec540107285.LinkFileList] ==> ignore
    arg [-v] ==> ignore
    arg [-search_paths_first] ==> ignore
    arg [-headerpad_max_install_names] ==> ignore
    arg [-dependency_info] ==> ignore
    arg [/Users/elliotfiske/old-school/471/FINAL/show] ==> ignore
    arg [offf/CMakeFiles/CMakeTmp/CMAKE_TRY_COMPILE.build/Debug/cmTryCompileExec540107285.build/Objects-normal/x86_64/cmTryCompileExec540107285_dependency_info.dat] ==> ignore
    arg [-lc++] ==> lib [c++]
    arg [-lSystem] ==> lib [System]
    arg [/Applications/Xcode.app/Contents/Developer/Toolchains/XcodeDefault.xctoolchain/usr/bin/../lib/clang/6.0/lib/darwin/libclang_rt.osx.a] ==> lib [/Applications/Xcode.app/Contents/Developer/Toolchains/XcodeDefault.xctoolchain/usr/bin/../lib/clang/6.0/lib/darwin/libclang_rt.osx.a]
  Library search paths: [;/Users/elliotfiske/old-school/471/FINAL/show offf/CMakeFiles/CMakeTmp/Debug;/Applications/Xcode.app/Contents/Developer/Platforms/MacOSX.platform/Developer/SDKs/MacOSX10.10.sdk/usr/lib]
  Framework search paths: [;/Users/elliotfiske/old-school/471/FINAL/show offf/CMakeFiles/CMakeTmp/Debug;/Applications/Xcode.app/Contents/Developer/Platforms/MacOSX.platform/Developer/SDKs/MacOSX10.10.sdk/System/Library/Frameworks/]
  remove lib [System]
  collapse lib [/Applications/Xcode.app/Contents/Developer/Toolchains/XcodeDefault.xctoolchain/usr/bin/../lib/clang/6.0/lib/darwin/libclang_rt.osx.a] ==> [/Applications/Xcode.app/Contents/Developer/Toolchains/XcodeDefault.xctoolchain/usr/lib/clang/6.0/lib/darwin/libclang_rt.osx.a]
  collapse library dir [/Users/elliotfiske/old-school/471/FINAL/show offf/CMakeFiles/CMakeTmp/Debug] ==> [/Users/elliotfiske/old-school/471/FINAL/show offf/CMakeFiles/CMakeTmp/Debug], skipping non-system directory
  collapse library dir [/Applications/Xcode.app/Contents/Developer/Platforms/MacOSX.platform/Developer/SDKs/MacOSX10.10.sdk/usr/lib] ==> [/Applications/Xcode.app/Contents/Developer/Platforms/MacOSX.platform/Developer/SDKs/MacOSX10.10.sdk/usr/lib]
  collapse framework dir [/Users/elliotfiske/old-school/471/FINAL/show offf/CMakeFiles/CMakeTmp/Debug] ==> [/Users/elliotfiske/old-school/471/FINAL/show offf/CMakeFiles/CMakeTmp/Debug], skipping non-system directory
  collapse framework dir [/Applications/Xcode.app/Contents/Developer/Platforms/MacOSX.platform/Developer/SDKs/MacOSX10.10.sdk/System/Library/Frameworks/] ==> [/Applications/Xcode.app/Contents/Developer/Platforms/MacOSX.platform/Developer/SDKs/MacOSX10.10.sdk/System/Library/Frameworks]
  implicit libs: [c++;/Applications/Xcode.app/Contents/Developer/Toolchains/XcodeDefault.xctoolchain/usr/lib/clang/6.0/lib/darwin/libclang_rt.osx.a]
  implicit dirs: [/Applications/Xcode.app/Contents/Developer/Platforms/MacOSX.platform/Developer/SDKs/MacOSX10.10.sdk/usr/lib]
  implicit fwks: [/Applications/Xcode.app/Contents/Developer/Platforms/MacOSX.platform/Developer/SDKs/MacOSX10.10.sdk/System/Library/Frameworks]


Determining if files pthread.h exist passed with the following output:
Change Dir: /Users/elliotfiske/old-school/471/FINAL/show offf/CMakeFiles/CMakeTmp

Run Build Command:"/Applications/CMake.app/Contents/bin/cmakexbuild" "-project" "CMAKE_TRY_COMPILE.xcodeproj" "build" "-target" "cmTryCompileExec4181766598" "-configuration" "Debug"
=== BUILD TARGET cmTryCompileExec4181766598 OF PROJECT CMAKE_TRY_COMPILE WITH CONFIGURATION Debug ===

Check dependencies

Write auxiliary files
/bin/mkdir -p /Users/elliotfiske/old-school/471/FINAL/show\ offf/CMakeFiles/CMakeTmp/CMAKE_TRY_COMPILE.build/Debug/cmTryCompileExec4181766598.build/Objects-normal/x86_64
write-file /Users/elliotfiske/old-school/471/FINAL/show\ offf/CMakeFiles/CMakeTmp/CMAKE_TRY_COMPILE.build/Debug/cmTryCompileExec4181766598.build/Objects-normal/x86_64/cmTryCompileExec4181766598.LinkFileList

CompileC CMAKE_TRY_COMPILE.build/Debug/cmTryCompileExec4181766598.build/Objects-normal/x86_64/CheckIncludeFiles.o CheckIncludeFiles.c normal x86_64 c com.apple.compilers.llvm.clang.1_0.compiler
    cd "/Users/elliotfiske/old-school/471/FINAL/show offf/CMakeFiles/CMakeTmp"
    export LANG=en_US.US-ASCII
    /Applications/Xcode.app/Contents/Developer/Toolchains/XcodeDefault.xctoolchain/usr/bin/clang -x c -arch x86_64 -fmessage-length=0 -fdiagnostics-show-note-include-stack -fmacro-backtrace-limit=0 -Wno-trigraphs -fpascal-strings -O0 -Wno-missing-field-initializers -Wno-missing-prototypes -Wno-return-type -Wno-missing-braces -Wparentheses -Wswitch -Wno-unused-function -Wno-unused-label -Wno-unused-parameter -Wno-unused-variable -Wunused-value -Wno-empty-body -Wno-uninitialized -Wno-unknown-pragmas -Wno-shadow -Wno-four-char-constants -Wno-conversion -Wno-constant-conversion -Wno-int-conversion -Wno-bool-conversion -Wno-enum-conversion -Wno-shorten-64-to-32 -Wpointer-sign -Wno-newline-eof -DCMAKE_INTDIR=\"Debug\" -isysroot /Applications/Xcode.app/Contents/Developer/Platforms/MacOSX.platform/Developer/SDKs/MacOSX10.10.sdk -fasm-blocks -fstrict-aliasing -Wdeprecated-declarations -mmacosx-version-min=10.10 -g -Wno-sign-conversion -I/Users/elliotfiske/old-school/471/FINAL/show\ offf/CMakeFiles/CMakeTmp/Debug/include -I/Applications/Xcode.app/Contents/Developer/Toolchains/XcodeDefault.xctoolchain/usr/include -I/Users/elliotfiske/old-school/471/FINAL/show\ offf/CMakeFiles/CMakeTmp/CMAKE_TRY_COMPILE.build/Debug/cmTryCompileExec4181766598.build/DerivedSources/x86_64 -I/Users/elliotfiske/old-school/471/FINAL/show\ offf/CMakeFiles/CMakeTmp/CMAKE_TRY_COMPILE.build/Debug/cmTryCompileExec4181766598.build/DerivedSources -Wmost -Wno-four-char-constants -Wno-unknown-pragmas -F/Users/elliotfiske/old-school/471/FINAL/show\ offf/CMakeFiles/CMakeTmp/Debug -MMD -MT dependencies -MF /Users/elliotfiske/old-school/471/FINAL/show\ offf/CMakeFiles/CMakeTmp/CMAKE_TRY_COMPILE.build/Debug/cmTryCompileExec4181766598.build/Objects-normal/x86_64/CheckIncludeFiles.d --serialize-diagnostics /Users/elliotfiske/old-school/471/FINAL/show\ offf/CMakeFiles/CMakeTmp/CMAKE_TRY_COMPILE.build/Debug/cmTryCompileExec4181766598.build/Objects-normal/x86_64/CheckIncludeFiles.dia -c /Users/elliotfiske/old-school/471/FINAL/show\ offf/CMakeFiles/CMakeTmp/CheckIncludeFiles.c -o /Users/elliotfiske/old-school/471/FINAL/show\ offf/CMakeFiles/CMakeTmp/CMAKE_TRY_COMPILE.build/Debug/cmTryCompileExec4181766598.build/Objects-normal/x86_64/CheckIncludeFiles.o

Ld Debug/cmTryCompileExec4181766598 normal x86_64
    cd "/Users/elliotfiske/old-school/471/FINAL/show offf/CMakeFiles/CMakeTmp"
    export MACOSX_DEPLOYMENT_TARGET=10.10
    /Applications/Xcode.app/Contents/Developer/Toolchains/XcodeDefault.xctoolchain/usr/bin/clang -arch x86_64 -isysroot /Applications/Xcode.app/Contents/Developer/Platforms/MacOSX.platform/Developer/SDKs/MacOSX10.10.sdk -L/Users/elliotfiske/old-school/471/FINAL/show\ offf/CMakeFiles/CMakeTmp/Debug -F/Users/elliotfiske/old-school/471/FINAL/show\ offf/CMakeFiles/CMakeTmp/Debug -filelist /Users/elliotfiske/old-school/471/FINAL/show\ offf/CMakeFiles/CMakeTmp/CMAKE_TRY_COMPILE.build/Debug/cmTryCompileExec4181766598.build/Objects-normal/x86_64/cmTryCompileExec4181766598.LinkFileList -mmacosx-version-min=10.10 -Wl,-search_paths_first -Wl,-headerpad_max_install_names -Xlinker -dependency_info -Xlinker /Users/elliotfiske/old-school/471/FINAL/show\ offf/CMakeFiles/CMakeTmp/CMAKE_TRY_COMPILE.build/Debug/cmTryCompileExec4181766598.build/Objects-normal/x86_64/cmTryCompileExec4181766598_dependency_info.dat -o /Users/elliotfiske/old-school/471/FINAL/show\ offf/CMakeFiles/CMakeTmp/Debug/cmTryCompileExec4181766598

** BUILD SUCCEEDED **



Determining if the pthread_create exist passed with the following output:
Change Dir: /Users/elliotfiske/old-school/471/FINAL/show offf/CMakeFiles/CMakeTmp

Run Build Command:"/Applications/CMake.app/Contents/bin/cmakexbuild" "-project" "CMAKE_TRY_COMPILE.xcodeproj" "build" "-target" "cmTryCompileExec1325315074" "-configuration" "Debug"
=== BUILD TARGET cmTryCompileExec1325315074 OF PROJECT CMAKE_TRY_COMPILE WITH CONFIGURATION Debug ===

Check dependencies

Write auxiliary files
/bin/mkdir -p /Users/elliotfiske/old-school/471/FINAL/show\ offf/CMakeFiles/CMakeTmp/CMAKE_TRY_COMPILE.build/Debug/cmTryCompileExec1325315074.build/Objects-normal/x86_64
write-file /Users/elliotfiske/old-school/471/FINAL/show\ offf/CMakeFiles/CMakeTmp/CMAKE_TRY_COMPILE.build/Debug/cmTryCompileExec1325315074.build/Objects-normal/x86_64/cmTryCompileExec1325315074.LinkFileList

CompileC CMAKE_TRY_COMPILE.build/Debug/cmTryCompileExec1325315074.build/Objects-normal/x86_64/CheckSymbolExists.o CheckSymbolExists.c normal x86_64 c com.apple.compilers.llvm.clang.1_0.compiler
    cd "/Users/elliotfiske/old-school/471/FINAL/show offf/CMakeFiles/CMakeTmp"
    export LANG=en_US.US-ASCII
    /Applications/Xcode.app/Contents/Developer/Toolchains/XcodeDefault.xctoolchain/usr/bin/clang -x c -arch x86_64 -fmessage-length=0 -fdiagnostics-show-note-include-stack -fmacro-backtrace-limit=0 -Wno-trigraphs -fpascal-strings -O0 -Wno-missing-field-initializers -Wno-missing-prototypes -Wno-return-type -Wno-missing-braces -Wparentheses -Wswitch -Wno-unused-function -Wno-unused-label -Wno-unused-parameter -Wno-unused-variable -Wunused-value -Wno-empty-body -Wno-uninitialized -Wno-unknown-pragmas -Wno-shadow -Wno-four-char-constants -Wno-conversion -Wno-constant-conversion -Wno-int-conversion -Wno-bool-conversion -Wno-enum-conversion -Wno-shorten-64-to-32 -Wpointer-sign -Wno-newline-eof -DCMAKE_INTDIR=\"Debug\" -isysroot /Applications/Xcode.app/Contents/Developer/Platforms/MacOSX.platform/Developer/SDKs/MacOSX10.10.sdk -fasm-blocks -fstrict-aliasing -Wdeprecated-declarations -mmacosx-version-min=10.10 -g -Wno-sign-conversion -I/Users/elliotfiske/old-school/471/FINAL/show\ offf/CMakeFiles/CMakeTmp/Debug/include -I/Applications/Xcode.app/Contents/Developer/Toolchains/XcodeDefault.xctoolchain/usr/include -I/Users/elliotfiske/old-school/471/FINAL/show\ offf/CMakeFiles/CMakeTmp/CMAKE_TRY_COMPILE.build/Debug/cmTryCompileExec1325315074.build/DerivedSources/x86_64 -I/Users/elliotfiske/old-school/471/FINAL/show\ offf/CMakeFiles/CMakeTmp/CMAKE_TRY_COMPILE.build/Debug/cmTryCompileExec1325315074.build/DerivedSources -Wmost -Wno-four-char-constants -Wno-unknown-pragmas -F/Users/elliotfiske/old-school/471/FINAL/show\ offf/CMakeFiles/CMakeTmp/Debug -MMD -MT dependencies -MF /Users/elliotfiske/old-school/471/FINAL/show\ offf/CMakeFiles/CMakeTmp/CMAKE_TRY_COMPILE.build/Debug/cmTryCompileExec1325315074.build/Objects-normal/x86_64/CheckSymbolExists.d --serialize-diagnostics /Users/elliotfiske/old-school/471/FINAL/show\ offf/CMakeFiles/CMakeTmp/CMAKE_TRY_COMPILE.build/Debug/cmTryCompileExec1325315074.build/Objects-normal/x86_64/CheckSymbolExists.dia -c /Users/elliotfiske/old-school/471/FINAL/show\ offf/CMakeFiles/CMakeTmp/CheckSymbolExists.c -o /Users/elliotfiske/old-school/471/FINAL/show\ offf/CMakeFiles/CMakeTmp/CMAKE_TRY_COMPILE.build/Debug/cmTryCompileExec1325315074.build/Objects-normal/x86_64/CheckSymbolExists.o

Ld Debug/cmTryCompileExec1325315074 normal x86_64
    cd "/Users/elliotfiske/old-school/471/FINAL/show offf/CMakeFiles/CMakeTmp"
    export MACOSX_DEPLOYMENT_TARGET=10.10
    /Applications/Xcode.app/Contents/Developer/Toolchains/XcodeDefault.xctoolchain/usr/bin/clang -arch x86_64 -isysroot /Applications/Xcode.app/Contents/Developer/Platforms/MacOSX.platform/Developer/SDKs/MacOSX10.10.sdk -L/Users/elliotfiske/old-school/471/FINAL/show\ offf/CMakeFiles/CMakeTmp/Debug -F/Users/elliotfiske/old-school/471/FINAL/show\ offf/CMakeFiles/CMakeTmp/Debug -filelist /Users/elliotfiske/old-school/471/FINAL/show\ offf/CMakeFiles/CMakeTmp/CMAKE_TRY_COMPILE.build/Debug/cmTryCompileExec1325315074.build/Objects-normal/x86_64/cmTryCompileExec1325315074.LinkFileList -mmacosx-version-min=10.10 -Wl,-search_paths_first -Wl,-headerpad_max_install_names -Xlinker -dependency_info -Xlinker /Users/elliotfiske/old-school/471/FINAL/show\ offf/CMakeFiles/CMakeTmp/CMAKE_TRY_COMPILE.build/Debug/cmTryCompileExec1325315074.build/Objects-normal/x86_64/cmTryCompileExec1325315074_dependency_info.dat -o /Users/elliotfiske/old-school/471/FINAL/show\ offf/CMakeFiles/CMakeTmp/Debug/cmTryCompileExec1325315074

** BUILD SUCCEEDED **


File /Users/elliotfiske/old-school/471/FINAL/show offf/CMakeFiles/CMakeTmp/CheckSymbolExists.c:
/* */
#include <pthread.h>

int main(int argc, char** argv)
{
  (void)argv;
#ifndef pthread_create
  return ((int*)(&pthread_create))[argc];
#else
  (void)argc;
  return 0;
#endif
}

Determining if the include file sys/types.h exists passed with the following output:
Change Dir: /Users/elliotfiske/old-school/471/FINAL/show offf/CMakeFiles/CMakeTmp

Run Build Command:"/Applications/CMake.app/Contents/bin/cmakexbuild" "-project" "CMAKE_TRY_COMPILE.xcodeproj" "build" "-target" "cmTryCompileExec3057519166" "-configuration" "Debug"
=== BUILD TARGET cmTryCompileExec3057519166 OF PROJECT CMAKE_TRY_COMPILE WITH CONFIGURATION Debug ===

Check dependencies

Write auxiliary files
/bin/mkdir -p /Users/elliotfiske/old-school/471/FINAL/show\ offf/CMakeFiles/CMakeTmp/CMAKE_TRY_COMPILE.build/Debug/cmTryCompileExec3057519166.build/Objects-normal/x86_64
write-file /Users/elliotfiske/old-school/471/FINAL/show\ offf/CMakeFiles/CMakeTmp/CMAKE_TRY_COMPILE.build/Debug/cmTryCompileExec3057519166.build/Objects-normal/x86_64/cmTryCompileExec3057519166.LinkFileList

CompileC CMAKE_TRY_COMPILE.build/Debug/cmTryCompileExec3057519166.build/Objects-normal/x86_64/CheckIncludeFile.o CheckIncludeFile.c normal x86_64 c com.apple.compilers.llvm.clang.1_0.compiler
    cd "/Users/elliotfiske/old-school/471/FINAL/show offf/CMakeFiles/CMakeTmp"
    export LANG=en_US.US-ASCII
    /Applications/Xcode.app/Contents/Developer/Toolchains/XcodeDefault.xctoolchain/usr/bin/clang -x c -arch x86_64 -fmessage-length=0 -fdiagnostics-show-note-include-stack -fmacro-backtrace-limit=0 -Wno-trigraphs -fpascal-strings -O0 -Wno-missing-field-initializers -Wno-missing-prototypes -Wno-return-type -Wno-missing-braces -Wparentheses -Wswitch -Wno-unused-function -Wno-unused-label -Wno-unused-parameter -Wno-unused-variable -Wunused-value -Wno-empty-body -Wno-uninitialized -Wno-unknown-pragmas -Wno-shadow -Wno-four-char-constants -Wno-conversion -Wno-constant-conversion -Wno-int-conversion -Wno-bool-conversion -Wno-enum-conversion -Wno-shorten-64-to-32 -Wpointer-sign -Wno-newline-eof -DCMAKE_INTDIR=\"Debug\" -isysroot /Applications/Xcode.app/Contents/Developer/Platforms/MacOSX.platform/Developer/SDKs/MacOSX10.10.sdk -fasm-blocks -fstrict-aliasing -Wdeprecated-declarations -mmacosx-version-min=10.10 -g -Wno-sign-conversion -I/Users/elliotfiske/old-school/471/FINAL/show\ offf/CMakeFiles/CMakeTmp/Debug/include -I/Applications/Xcode.app/Contents/Developer/Toolchains/XcodeDefault.xctoolchain/usr/include -I/Users/elliotfiske/old-school/471/FINAL/show\ offf/CMakeFiles/CMakeTmp/CMAKE_TRY_COMPILE.build/Debug/cmTryCompileExec3057519166.build/DerivedSources/x86_64 -I/Users/elliotfiske/old-school/471/FINAL/show\ offf/CMakeFiles/CMakeTmp/CMAKE_TRY_COMPILE.build/Debug/cmTryCompileExec3057519166.build/DerivedSources -Wmost -Wno-four-char-constants -Wno-unknown-pragmas -F/Users/elliotfiske/old-school/471/FINAL/show\ offf/CMakeFiles/CMakeTmp/Debug -MMD -MT dependencies -MF /Users/elliotfiske/old-school/471/FINAL/show\ offf/CMakeFiles/CMakeTmp/CMAKE_TRY_COMPILE.build/Debug/cmTryCompileExec3057519166.build/Objects-normal/x86_64/CheckIncludeFile.d --serialize-diagnostics /Users/elliotfiske/old-school/471/FINAL/show\ offf/CMakeFiles/CMakeTmp/CMAKE_TRY_COMPILE.build/Debug/cmTryCompileExec3057519166.build/Objects-normal/x86_64/CheckIncludeFile.dia -c /Users/elliotfiske/old-school/471/FINAL/show\ offf/CMakeFiles/CMakeTmp/CheckIncludeFile.c -o /Users/elliotfiske/old-school/471/FINAL/show\ offf/CMakeFiles/CMakeTmp/CMAKE_TRY_COMPILE.build/Debug/cmTryCompileExec3057519166.build/Objects-normal/x86_64/CheckIncludeFile.o

Ld Debug/cmTryCompileExec3057519166 normal x86_64
    cd "/Users/elliotfiske/old-school/471/FINAL/show offf/CMakeFiles/CMakeTmp"
    export MACOSX_DEPLOYMENT_TARGET=10.10
    /Applications/Xcode.app/Contents/Developer/Toolchains/XcodeDefault.xctoolchain/usr/bin/clang -arch x86_64 -isysroot /Applications/Xcode.app/Contents/Developer/Platforms/MacOSX.platform/Developer/SDKs/MacOSX10.10.sdk -L/Users/elliotfiske/old-school/471/FINAL/show\ offf/CMakeFiles/CMakeTmp/Debug -F/Users/elliotfiske/old-school/471/FINAL/show\ offf/CMakeFiles/CMakeTmp/Debug -filelist /Users/elliotfiske/old-school/471/FINAL/show\ offf/CMakeFiles/CMakeTmp/CMAKE_TRY_COMPILE.build/Debug/cmTryCompileExec3057519166.build/Objects-normal/x86_64/cmTryCompileExec3057519166.LinkFileList -mmacosx-version-min=10.10 -Wl,-search_paths_first -Wl,-headerpad_max_install_names -Xlinker -dependency_info -Xlinker /Users/elliotfiske/old-school/471/FINAL/show\ offf/CMakeFiles/CMakeTmp/CMAKE_TRY_COMPILE.build/Debug/cmTryCompileExec3057519166.build/Objects-normal/x86_64/cmTryCompileExec3057519166_dependency_info.dat -o /Users/elliotfiske/old-school/471/FINAL/show\ offf/CMakeFiles/CMakeTmp/Debug/cmTryCompileExec3057519166

** BUILD SUCCEEDED **



Determining if the include file stdint.h exists passed with the following output:
Change Dir: /Users/elliotfiske/old-school/471/FINAL/show offf/CMakeFiles/CMakeTmp

Run Build Command:"/Applications/CMake.app/Contents/bin/cmakexbuild" "-project" "CMAKE_TRY_COMPILE.xcodeproj" "build" "-target" "cmTryCompileExec2409021856" "-configuration" "Debug"
=== BUILD TARGET cmTryCompileExec2409021856 OF PROJECT CMAKE_TRY_COMPILE WITH CONFIGURATION Debug ===

Check dependencies

Write auxiliary files
/bin/mkdir -p /Users/elliotfiske/old-school/471/FINAL/show\ offf/CMakeFiles/CMakeTmp/CMAKE_TRY_COMPILE.build/Debug/cmTryCompileExec2409021856.build/Objects-normal/x86_64
write-file /Users/elliotfiske/old-school/471/FINAL/show\ offf/CMakeFiles/CMakeTmp/CMAKE_TRY_COMPILE.build/Debug/cmTryCompileExec2409021856.build/Objects-normal/x86_64/cmTryCompileExec2409021856.LinkFileList

CompileC CMAKE_TRY_COMPILE.build/Debug/cmTryCompileExec2409021856.build/Objects-normal/x86_64/CheckIncludeFile.o CheckIncludeFile.c normal x86_64 c com.apple.compilers.llvm.clang.1_0.compiler
    cd "/Users/elliotfiske/old-school/471/FINAL/show offf/CMakeFiles/CMakeTmp"
    export LANG=en_US.US-ASCII
    /Applications/Xcode.app/Contents/Developer/Toolchains/XcodeDefault.xctoolchain/usr/bin/clang -x c -arch x86_64 -fmessage-length=0 -fdiagnostics-show-note-include-stack -fmacro-backtrace-limit=0 -Wno-trigraphs -fpascal-strings -O0 -Wno-missing-field-initializers -Wno-missing-prototypes -Wno-return-type -Wno-missing-braces -Wparentheses -Wswitch -Wno-unused-function -Wno-unused-label -Wno-unused-parameter -Wno-unused-variable -Wunused-value -Wno-empty-body -Wno-uninitialized -Wno-unknown-pragmas -Wno-shadow -Wno-four-char-constants -Wno-conversion -Wno-constant-conversion -Wno-int-conversion -Wno-bool-conversion -Wno-enum-conversion -Wno-shorten-64-to-32 -Wpointer-sign -Wno-newline-eof -DCMAKE_INTDIR=\"Debug\" -isysroot /Applications/Xcode.app/Contents/Developer/Platforms/MacOSX.platform/Developer/SDKs/MacOSX10.10.sdk -fasm-blocks -fstrict-aliasing -Wdeprecated-declarations -mmacosx-version-min=10.10 -g -Wno-sign-conversion -I/Users/elliotfiske/old-school/471/FINAL/show\ offf/CMakeFiles/CMakeTmp/Debug/include -I/Applications/Xcode.app/Contents/Developer/Toolchains/XcodeDefault.xctoolchain/usr/include -I/Users/elliotfiske/old-school/471/FINAL/show\ offf/CMakeFiles/CMakeTmp/CMAKE_TRY_COMPILE.build/Debug/cmTryCompileExec2409021856.build/DerivedSources/x86_64 -I/Users/elliotfiske/old-school/471/FINAL/show\ offf/CMakeFiles/CMakeTmp/CMAKE_TRY_COMPILE.build/Debug/cmTryCompileExec2409021856.build/DerivedSources -Wmost -Wno-four-char-constants -Wno-unknown-pragmas -F/Users/elliotfiske/old-school/471/FINAL/show\ offf/CMakeFiles/CMakeTmp/Debug -MMD -MT dependencies -MF /Users/elliotfiske/old-school/471/FINAL/show\ offf/CMakeFiles/CMakeTmp/CMAKE_TRY_COMPILE.build/Debug/cmTryCompileExec2409021856.build/Objects-normal/x86_64/CheckIncludeFile.d --serialize-diagnostics /Users/elliotfiske/old-school/471/FINAL/show\ offf/CMakeFiles/CMakeTmp/CMAKE_TRY_COMPILE.build/Debug/cmTryCompileExec2409021856.build/Objects-normal/x86_64/CheckIncludeFile.dia -c /Users/elliotfiske/old-school/471/FINAL/show\ offf/CMakeFiles/CMakeTmp/CheckIncludeFile.c -o /Users/elliotfiske/old-school/471/FINAL/show\ offf/CMakeFiles/CMakeTmp/CMAKE_TRY_COMPILE.build/Debug/cmTryCompileExec2409021856.build/Objects-normal/x86_64/CheckIncludeFile.o

Ld Debug/cmTryCompileExec2409021856 normal x86_64
    cd "/Users/elliotfiske/old-school/471/FINAL/show offf/CMakeFiles/CMakeTmp"
    export MACOSX_DEPLOYMENT_TARGET=10.10
    /Applications/Xcode.app/Contents/Developer/Toolchains/XcodeDefault.xctoolchain/usr/bin/clang -arch x86_64 -isysroot /Applications/Xcode.app/Contents/Developer/Platforms/MacOSX.platform/Developer/SDKs/MacOSX10.10.sdk -L/Users/elliotfiske/old-school/471/FINAL/show\ offf/CMakeFiles/CMakeTmp/Debug -F/Users/elliotfiske/old-school/471/FINAL/show\ offf/CMakeFiles/CMakeTmp/Debug -filelist /Users/elliotfiske/old-school/471/FINAL/show\ offf/CMakeFiles/CMakeTmp/CMAKE_TRY_COMPILE.build/Debug/cmTryCompileExec2409021856.build/Objects-normal/x86_64/cmTryCompileExec2409021856.LinkFileList -mmacosx-version-min=10.10 -Wl,-search_paths_first -Wl,-headerpad_max_install_names -Xlinker -dependency_info -Xlinker /Users/elliotfiske/old-school/471/FINAL/show\ offf/CMakeFiles/CMakeTmp/CMAKE_TRY_COMPILE.build/Debug/cmTryCompileExec2409021856.build/Objects-normal/x86_64/cmTryCompileExec2409021856_dependency_info.dat -o /Users/elliotfiske/old-school/471/FINAL/show\ offf/CMakeFiles/CMakeTmp/Debug/cmTryCompileExec2409021856

** BUILD SUCCEEDED **



Determining if the include file stddef.h exists passed with the following output:
Change Dir: /Users/elliotfiske/old-school/471/FINAL/show offf/CMakeFiles/CMakeTmp

Run Build Command:"/Applications/CMake.app/Contents/bin/cmakexbuild" "-project" "CMAKE_TRY_COMPILE.xcodeproj" "build" "-target" "cmTryCompileExec749999475" "-configuration" "Debug"
=== BUILD TARGET cmTryCompileExec749999475 OF PROJECT CMAKE_TRY_COMPILE WITH CONFIGURATION Debug ===

Check dependencies

Write auxiliary files
/bin/mkdir -p /Users/elliotfiske/old-school/471/FINAL/show\ offf/CMakeFiles/CMakeTmp/CMAKE_TRY_COMPILE.build/Debug/cmTryCompileExec749999475.build/Objects-normal/x86_64
write-file /Users/elliotfiske/old-school/471/FINAL/show\ offf/CMakeFiles/CMakeTmp/CMAKE_TRY_COMPILE.build/Debug/cmTryCompileExec749999475.build/Objects-normal/x86_64/cmTryCompileExec749999475.LinkFileList

CompileC CMAKE_TRY_COMPILE.build/Debug/cmTryCompileExec749999475.build/Objects-normal/x86_64/CheckIncludeFile.o CheckIncludeFile.c normal x86_64 c com.apple.compilers.llvm.clang.1_0.compiler
    cd "/Users/elliotfiske/old-school/471/FINAL/show offf/CMakeFiles/CMakeTmp"
    export LANG=en_US.US-ASCII
    /Applications/Xcode.app/Contents/Developer/Toolchains/XcodeDefault.xctoolchain/usr/bin/clang -x c -arch x86_64 -fmessage-length=0 -fdiagnostics-show-note-include-stack -fmacro-backtrace-limit=0 -Wno-trigraphs -fpascal-strings -O0 -Wno-missing-field-initializers -Wno-missing-prototypes -Wno-return-type -Wno-missing-braces -Wparentheses -Wswitch -Wno-unused-function -Wno-unused-label -Wno-unused-parameter -Wno-unused-variable -Wunused-value -Wno-empty-body -Wno-uninitialized -Wno-unknown-pragmas -Wno-shadow -Wno-four-char-constants -Wno-conversion -Wno-constant-conversion -Wno-int-conversion -Wno-bool-conversion -Wno-enum-conversion -Wno-shorten-64-to-32 -Wpointer-sign -Wno-newline-eof -DCMAKE_INTDIR=\"Debug\" -isysroot /Applications/Xcode.app/Contents/Developer/Platforms/MacOSX.platform/Developer/SDKs/MacOSX10.10.sdk -fasm-blocks -fstrict-aliasing -Wdeprecated-declarations -mmacosx-version-min=10.10 -g -Wno-sign-conversion -I/Users/elliotfiske/old-school/471/FINAL/show\ offf/CMakeFiles/CMakeTmp/Debug/include -I/Applications/Xcode.app/Contents/Developer/Toolchains/XcodeDefault.xctoolchain/usr/include -I/Users/elliotfiske/old-school/471/FINAL/show\ offf/CMakeFiles/CMakeTmp/CMAKE_TRY_COMPILE.build/Debug/cmTryCompileExec749999475.build/DerivedSources/x86_64 -I/Users/elliotfiske/old-school/471/FINAL/show\ offf/CMakeFiles/CMakeTmp/CMAKE_TRY_COMPILE.build/Debug/cmTryCompileExec749999475.build/DerivedSources -Wmost -Wno-four-char-constants -Wno-unknown-pragmas -F/Users/elliotfiske/old-school/471/FINAL/show\ offf/CMakeFiles/CMakeTmp/Debug -MMD -MT dependencies -MF /Users/elliotfiske/old-school/471/FINAL/show\ offf/CMakeFiles/CMakeTmp/CMAKE_TRY_COMPILE.build/Debug/cmTryCompileExec749999475.build/Objects-normal/x86_64/CheckIncludeFile.d --serialize-diagnostics /Users/elliotfiske/old-school/471/FINAL/show\ offf/CMakeFiles/CMakeTmp/CMAKE_TRY_COMPILE.build/Debug/cmTryCompileExec749999475.build/Objects-normal/x86_64/CheckIncludeFile.dia -c /Users/elliotfiske/old-school/471/FINAL/show\ offf/CMakeFiles/CMakeTmp/CheckIncludeFile.c -o /Users/elliotfiske/old-school/471/FINAL/show\ offf/CMakeFiles/CMakeTmp/CMAKE_TRY_COMPILE.build/Debug/cmTryCompileExec749999475.build/Objects-normal/x86_64/CheckIncludeFile.o

Ld Debug/cmTryCompileExec749999475 normal x86_64
    cd "/Users/elliotfiske/old-school/471/FINAL/show offf/CMakeFiles/CMakeTmp"
    export MACOSX_DEPLOYMENT_TARGET=10.10
    /Applications/Xcode.app/Contents/Developer/Toolchains/XcodeDefault.xctoolchain/usr/bin/clang -arch x86_64 -isysroot /Applications/Xcode.app/Contents/Developer/Platforms/MacOSX.platform/Developer/SDKs/MacOSX10.10.sdk -L/Users/elliotfiske/old-school/471/FINAL/show\ offf/CMakeFiles/CMakeTmp/Debug -F/Users/elliotfiske/old-school/471/FINAL/show\ offf/CMakeFiles/CMakeTmp/Debug -filelist /Users/elliotfiske/old-school/471/FINAL/show\ offf/CMakeFiles/CMakeTmp/CMAKE_TRY_COMPILE.build/Debug/cmTryCompileExec749999475.build/Objects-normal/x86_64/cmTryCompileExec749999475.LinkFileList -mmacosx-version-min=10.10 -Wl,-search_paths_first -Wl,-headerpad_max_install_names -Xlinker -dependency_info -Xlinker /Users/elliotfiske/old-school/471/FINAL/show\ offf/CMakeFiles/CMakeTmp/CMAKE_TRY_COMPILE.build/Debug/cmTryCompileExec749999475.build/Objects-normal/x86_64/cmTryCompileExec749999475_dependency_info.dat -o /Users/elliotfiske/old-school/471/FINAL/show\ offf/CMakeFiles/CMakeTmp/Debug/cmTryCompileExec749999475

** BUILD SUCCEEDED **



Determining if the function fseeko exists passed with the following output:
Change Dir: /Users/elliotfiske/old-school/471/FINAL/show offf/CMakeFiles/CMakeTmp

Run Build Command:"/Applications/CMake.app/Contents/bin/cmakexbuild" "-project" "CMAKE_TRY_COMPILE.xcodeproj" "build" "-target" "cmTryCompileExec2307229182" "-configuration" "Debug"
=== BUILD TARGET cmTryCompileExec2307229182 OF PROJECT CMAKE_TRY_COMPILE WITH CONFIGURATION Debug ===

Check dependencies

Write auxiliary files
/bin/mkdir -p /Users/elliotfiske/old-school/471/FINAL/show\ offf/CMakeFiles/CMakeTmp/CMAKE_TRY_COMPILE.build/Debug/cmTryCompileExec2307229182.build/Objects-normal/x86_64
write-file /Users/elliotfiske/old-school/471/FINAL/show\ offf/CMakeFiles/CMakeTmp/CMAKE_TRY_COMPILE.build/Debug/cmTryCompileExec2307229182.build/Objects-normal/x86_64/cmTryCompileExec2307229182.LinkFileList

CompileC CMAKE_TRY_COMPILE.build/Debug/cmTryCompileExec2307229182.build/Objects-normal/x86_64/CheckFunctionExists.o /Applications/CMake.app/Contents/share/cmake-3.1/Modules/CheckFunctionExists.c normal x86_64 c com.apple.compilers.llvm.clang.1_0.compiler
    cd "/Users/elliotfiske/old-school/471/FINAL/show offf/CMakeFiles/CMakeTmp"
    export LANG=en_US.US-ASCII
    /Applications/Xcode.app/Contents/Developer/Toolchains/XcodeDefault.xctoolchain/usr/bin/clang -x c -arch x86_64 -fmessage-length=0 -fdiagnostics-show-note-include-stack -fmacro-backtrace-limit=0 -Wno-trigraphs -fpascal-strings -O0 -Wno-missing-field-initializers -Wno-missing-prototypes -Wno-return-type -Wno-missing-braces -Wparentheses -Wswitch -Wno-unused-function -Wno-unused-label -Wno-unused-parameter -Wno-unused-variable -Wunused-value -Wno-empty-body -Wno-uninitialized -Wno-unknown-pragmas -Wno-shadow -Wno-four-char-constants -Wno-conversion -Wno-constant-conversion -Wno-int-conversion -Wno-bool-conversion -Wno-enum-conversion -Wno-shorten-64-to-32 -Wpointer-sign -Wno-newline-eof -DCMAKE_INTDIR=\"Debug\" -isysroot /Applications/Xcode.app/Contents/Developer/Platforms/MacOSX.platform/Developer/SDKs/MacOSX10.10.sdk -fasm-blocks -fstrict-aliasing -Wdeprecated-declarations -mmacosx-version-min=10.10 -g -Wno-sign-conversion -I/Users/elliotfiske/old-school/471/FINAL/show\ offf/CMakeFiles/CMakeTmp/Debug/include -I/Applications/Xcode.app/Contents/Developer/Toolchains/XcodeDefault.xctoolchain/usr/include -I/Users/elliotfiske/old-school/471/FINAL/show\ offf/CMakeFiles/CMakeTmp/CMAKE_TRY_COMPILE.build/Debug/cmTryCompileExec2307229182.build/DerivedSources/x86_64 -I/Users/elliotfiske/old-school/471/FINAL/show\ offf/CMakeFiles/CMakeTmp/CMAKE_TRY_COMPILE.build/Debug/cmTryCompileExec2307229182.build/DerivedSources -Wmost -Wno-four-char-constants -Wno-unknown-pragmas -F/Users/elliotfiske/old-school/471/FINAL/show\ offf/CMakeFiles/CMakeTmp/Debug -DCHECK_FUNCTION_EXISTS=fseeko -MMD -MT dependencies -MF /Users/elliotfiske/old-school/471/FINAL/show\ offf/CMakeFiles/CMakeTmp/CMAKE_TRY_COMPILE.build/Debug/cmTryCompileExec2307229182.build/Objects-normal/x86_64/CheckFunctionExists.d --serialize-diagnostics /Users/elliotfiske/old-school/471/FINAL/show\ offf/CMakeFiles/CMakeTmp/CMAKE_TRY_COMPILE.build/Debug/cmTryCompileExec2307229182.build/Objects-normal/x86_64/CheckFunctionExists.dia -c /Applications/CMake.app/Contents/share/cmake-3.1/Modules/CheckFunctionExists.c -o /Users/elliotfiske/old-school/471/FINAL/show\ offf/CMakeFiles/CMakeTmp/CMAKE_TRY_COMPILE.build/Debug/cmTryCompileExec2307229182.build/Objects-normal/x86_64/CheckFunctionExists.o

Ld Debug/cmTryCompileExec2307229182 normal x86_64
    cd "/Users/elliotfiske/old-school/471/FINAL/show offf/CMakeFiles/CMakeTmp"
    export MACOSX_DEPLOYMENT_TARGET=10.10
    /Applications/Xcode.app/Contents/Developer/Toolchains/XcodeDefault.xctoolchain/usr/bin/clang -arch x86_64 -isysroot /Applications/Xcode.app/Contents/Developer/Platforms/MacOSX.platform/Developer/SDKs/MacOSX10.10.sdk -L/Users/elliotfiske/old-school/471/FINAL/show\ offf/CMakeFiles/CMakeTmp/Debug -F/Users/elliotfiske/old-school/471/FINAL/show\ offf/CMakeFiles/CMakeTmp/Debug -filelist /Users/elliotfiske/old-school/471/FINAL/show\ offf/CMakeFiles/CMakeTmp/CMAKE_TRY_COMPILE.build/Debug/cmTryCompileExec2307229182.build/Objects-normal/x86_64/cmTryCompileExec2307229182.LinkFileList -mmacosx-version-min=10.10 -Wl,-search_paths_first -Wl,-headerpad_max_install_names -Xlinker -dependency_info -Xlinker /Users/elliotfiske/old-school/471/FINAL/show\ offf/CMakeFiles/CMakeTmp/CMAKE_TRY_COMPILE.build/Debug/cmTryCompileExec2307229182.build/Objects-normal/x86_64/cmTryCompileExec2307229182_dependency_info.dat -o /Users/elliotfiske/old-school/471/FINAL/show\ offf/CMakeFiles/CMakeTmp/Debug/cmTryCompileExec2307229182

** BUILD SUCCEEDED **



Determining if the include file unistd.h exists passed with the following output:
Change Dir: /Users/elliotfiske/old-school/471/FINAL/show offf/CMakeFiles/CMakeTmp

Run Build Command:"/Applications/CMake.app/Contents/bin/cmakexbuild" "-project" "CMAKE_TRY_COMPILE.xcodeproj" "build" "-target" "cmTryCompileExec1417520988" "-configuration" "Debug"
=== BUILD TARGET cmTryCompileExec1417520988 OF PROJECT CMAKE_TRY_COMPILE WITH CONFIGURATION Debug ===

Check dependencies

Write auxiliary files
/bin/mkdir -p /Users/elliotfiske/old-school/471/FINAL/show\ offf/CMakeFiles/CMakeTmp/CMAKE_TRY_COMPILE.build/Debug/cmTryCompileExec1417520988.build/Objects-normal/x86_64
write-file /Users/elliotfiske/old-school/471/FINAL/show\ offf/CMakeFiles/CMakeTmp/CMAKE_TRY_COMPILE.build/Debug/cmTryCompileExec1417520988.build/Objects-normal/x86_64/cmTryCompileExec1417520988.LinkFileList

CompileC CMAKE_TRY_COMPILE.build/Debug/cmTryCompileExec1417520988.build/Objects-normal/x86_64/CheckIncludeFile.o CheckIncludeFile.c normal x86_64 c com.apple.compilers.llvm.clang.1_0.compiler
    cd "/Users/elliotfiske/old-school/471/FINAL/show offf/CMakeFiles/CMakeTmp"
    export LANG=en_US.US-ASCII
    /Applications/Xcode.app/Contents/Developer/Toolchains/XcodeDefault.xctoolchain/usr/bin/clang -x c -arch x86_64 -fmessage-length=0 -fdiagnostics-show-note-include-stack -fmacro-backtrace-limit=0 -Wno-trigraphs -fpascal-strings -O0 -Wno-missing-field-initializers -Wno-missing-prototypes -Wno-return-type -Wno-missing-braces -Wparentheses -Wswitch -Wno-unused-function -Wno-unused-label -Wno-unused-parameter -Wno-unused-variable -Wunused-value -Wno-empty-body -Wno-uninitialized -Wno-unknown-pragmas -Wno-shadow -Wno-four-char-constants -Wno-conversion -Wno-constant-conversion -Wno-int-conversion -Wno-bool-conversion -Wno-enum-conversion -Wno-shorten-64-to-32 -Wpointer-sign -Wno-newline-eof -DCMAKE_INTDIR=\"Debug\" -isysroot /Applications/Xcode.app/Contents/Developer/Platforms/MacOSX.platform/Developer/SDKs/MacOSX10.10.sdk -fasm-blocks -fstrict-aliasing -Wdeprecated-declarations -mmacosx-version-min=10.10 -g -Wno-sign-conversion -I/Users/elliotfiske/old-school/471/FINAL/show\ offf/CMakeFiles/CMakeTmp/Debug/include -I/Applications/Xcode.app/Contents/Developer/Toolchains/XcodeDefault.xctoolchain/usr/include -I/Users/elliotfiske/old-school/471/FINAL/show\ offf/CMakeFiles/CMakeTmp/CMAKE_TRY_COMPILE.build/Debug/cmTryCompileExec1417520988.build/DerivedSources/x86_64 -I/Users/elliotfiske/old-school/471/FINAL/show\ offf/CMakeFiles/CMakeTmp/CMAKE_TRY_COMPILE.build/Debug/cmTryCompileExec1417520988.build/DerivedSources -Wmost -Wno-four-char-constants -Wno-unknown-pragmas -F/Users/elliotfiske/old-school/471/FINAL/show\ offf/CMakeFiles/CMakeTmp/Debug -MMD -MT dependencies -MF /Users/elliotfiske/old-school/471/FINAL/show\ offf/CMakeFiles/CMakeTmp/CMAKE_TRY_COMPILE.build/Debug/cmTryCompileExec1417520988.build/Objects-normal/x86_64/CheckIncludeFile.d --serialize-diagnostics /Users/elliotfiske/old-school/471/FINAL/show\ offf/CMakeFiles/CMakeTmp/CMAKE_TRY_COMPILE.build/Debug/cmTryCompileExec1417520988.build/Objects-normal/x86_64/CheckIncludeFile.dia -c /Users/elliotfiske/old-school/471/FINAL/show\ offf/CMakeFiles/CMakeTmp/CheckIncludeFile.c -o /Users/elliotfiske/old-school/471/FINAL/show\ offf/CMakeFiles/CMakeTmp/CMAKE_TRY_COMPILE.build/Debug/cmTryCompileExec1417520988.build/Objects-normal/x86_64/CheckIncludeFile.o

Ld Debug/cmTryCompileExec1417520988 normal x86_64
    cd "/Users/elliotfiske/old-school/471/FINAL/show offf/CMakeFiles/CMakeTmp"
    export MACOSX_DEPLOYMENT_TARGET=10.10
    /Applications/Xcode.app/Contents/Developer/Toolchains/XcodeDefault.xctoolchain/usr/bin/clang -arch x86_64 -isysroot /Applications/Xcode.app/Contents/Developer/Platforms/MacOSX.platform/Developer/SDKs/MacOSX10.10.sdk -L/Users/elliotfiske/old-school/471/FINAL/show\ offf/CMakeFiles/CMakeTmp/Debug -F/Users/elliotfiske/old-school/471/FINAL/show\ offf/CMakeFiles/CMakeTmp/Debug -filelist /Users/elliotfiske/old-school/471/FINAL/show\ offf/CMakeFiles/CMakeTmp/CMAKE_TRY_COMPILE.build/Debug/cmTryCompileExec1417520988.build/Objects-normal/x86_64/cmTryCompileExec1417520988.LinkFileList -mmacosx-version-min=10.10 -Wl,-search_paths_first -Wl,-headerpad_max_install_names -Xlinker -dependency_info -Xlinker /Users/elliotfiske/old-school/471/FINAL/show\ offf/CMakeFiles/CMakeTmp/CMAKE_TRY_COMPILE.build/Debug/cmTryCompileExec1417520988.build/Objects-normal/x86_64/cmTryCompileExec1417520988_dependency_info.dat -o /Users/elliotfiske/old-school/471/FINAL/show\ offf/CMakeFiles/CMakeTmp/Debug/cmTryCompileExec1417520988

** BUILD SUCCEEDED **



