The system is: Darwin - 14.1.0 - x86_64
Compiling the C compiler identification source file "CMakeCCompilerId.c" succeeded.
Compiler:  
Build flags: 
Id flags: 

The output was:
0
=== BUILD TARGET CompilerIdC OF PROJECT CompilerIdC WITH THE DEFAULT CONFIGURATION (Debug) ===

Check dependencies

Write auxiliary files
/bin/mkdir -p /Users/elliotfiske/471/FINAL/one_last_time/CMakeFiles/3.1.0/CompilerIdC/CompilerIdC.build/Debug/CompilerIdC.build
write-file /Users/elliotfiske/471/FINAL/one_last_time/CMakeFiles/3.1.0/CompilerIdC/CompilerIdC.build/Debug/CompilerIdC.build/Script-2C8FEB8E15DC1A1A00E56A5D.sh
chmod 0755 /Users/elliotfiske/471/FINAL/one_last_time/CMakeFiles/3.1.0/CompilerIdC/CompilerIdC.build/Debug/CompilerIdC.build/Script-2C8FEB8E15DC1A1A00E56A5D.sh
write-file /Users/elliotfiske/471/FINAL/one_last_time/CMakeFiles/3.1.0/CompilerIdC/CompilerIdC.build/Debug/CompilerIdC.build/CompilerIdC-generated-files.hmap
/bin/mkdir -p /Users/elliotfiske/471/FINAL/one_last_time/CMakeFiles/3.1.0/CompilerIdC/CompilerIdC.build/Debug/CompilerIdC.build/Objects-normal/i386
write-file /Users/elliotfiske/471/FINAL/one_last_time/CMakeFiles/3.1.0/CompilerIdC/CompilerIdC.build/Debug/CompilerIdC.build/Objects-normal/i386/CompilerIdC.LinkFileList
write-file /Users/elliotfiske/471/FINAL/one_last_time/CMakeFiles/3.1.0/CompilerIdC/CompilerIdC.build/Debug/CompilerIdC.build/CompilerIdC.hmap
write-file /Users/elliotfiske/471/FINAL/one_last_time/CMakeFiles/3.1.0/CompilerIdC/CompilerIdC.build/Debug/CompilerIdC.build/CompilerIdC-own-target-headers.hmap
write-file /Users/elliotfiske/471/FINAL/one_last_time/CMakeFiles/3.1.0/CompilerIdC/CompilerIdC.build/Debug/CompilerIdC.build/CompilerIdC-project-headers.hmap
write-file /Users/elliotfiske/471/FINAL/one_last_time/CMakeFiles/3.1.0/CompilerIdC/CompilerIdC.build/Debug/CompilerIdC.build/CompilerIdC-all-non-framework-target-headers.hmap
write-file /Users/elliotfiske/471/FINAL/one_last_time/CMakeFiles/3.1.0/CompilerIdC/CompilerIdC.build/Debug/CompilerIdC.build/CompilerIdC-all-target-headers.hmap

CompileC CompilerIdC.build/Debug/CompilerIdC.build/Objects-normal/i386/CMakeCCompilerId.o CMakeCCompilerId.c normal i386 c com.apple.compilers.llvm.clang.1_0.compiler
    cd /Users/elliotfiske/471/FINAL/one_last_time/CMakeFiles/3.1.0/CompilerIdC
    export LANG=en_US.US-ASCII
    /Applications/Xcode.app/Contents/Developer/Toolchains/XcodeDefault.xctoolchain/usr/bin/clang -x c -arch i386 -fmessage-length=0 -fdiagnostics-show-note-include-stack -fmacro-backtrace-limit=0 -Wno-trigraphs -fpascal-strings -Os -Wno-missing-field-initializers -Wno-missing-prototypes -Wno-return-type -Wno-missing-braces -Wparentheses -Wswitch -Wno-unused-function -Wno-unused-label -Wno-unused-parameter -Wno-unused-variable -Wunused-value -Wno-empty-body -Wno-uninitialized -Wno-unknown-pragmas -Wno-shadow -Wno-four-char-constants -Wno-conversion -Wno-constant-conversion -Wno-int-conversion -Wno-bool-conversion -Wno-enum-conversion -Wno-shorten-64-to-32 -Wpointer-sign -Wno-newline-eof -isysroot /Applications/Xcode.app/Contents/Developer/Platforms/MacOSX.platform/Developer/SDKs/MacOSX10.10.sdk -fasm-blocks -fstrict-aliasing -Wdeprecated-declarations -mmacosx-version-min=10.10 -g -fvisibility=hidden -Wno-sign-conversion -I/Users/elliotfiske/471/FINAL/one_last_time/CMakeFiles/3.1.0/CompilerIdC/CompilerIdC.build/Debug/CompilerIdC.build/CompilerIdC.hmap -I/Users/elliotfiske/471/FINAL/one_last_time/CMakeFiles/3.1.0/CompilerIdC/include -I/Applications/Xcode.app/Contents/Developer/Toolchains/XcodeDefault.xctoolchain/usr/include -I/Users/elliotfiske/471/FINAL/one_last_time/CMakeFiles/3.1.0/CompilerIdC/CompilerIdC.build/Debug/CompilerIdC.build/DerivedSources/i386 -I/Users/elliotfiske/471/FINAL/one_last_time/CMakeFiles/3.1.0/CompilerIdC/CompilerIdC.build/Debug/CompilerIdC.build/DerivedSources -F/Users/elliotfiske/471/FINAL/one_last_time/CMakeFiles/3.1.0/CompilerIdC -MMD -MT dependencies -MF /Users/elliotfiske/471/FINAL/one_last_time/CMakeFiles/3.1.0/CompilerIdC/CompilerIdC.build/Debug/CompilerIdC.build/Objects-normal/i386/CMakeCCompilerId.d --serialize-diagnostics /Users/elliotfiske/471/FINAL/one_last_time/CMakeFiles/3.1.0/CompilerIdC/CompilerIdC.build/Debug/CompilerIdC.build/Objects-normal/i386/CMakeCCompilerId.dia -c /Users/elliotfiske/471/FINAL/one_last_time/CMakeFiles/3.1.0/CompilerIdC/CMakeCCompilerId.c -o /Users/elliotfiske/471/FINAL/one_last_time/CMakeFiles/3.1.0/CompilerIdC/CompilerIdC.build/Debug/CompilerIdC.build/Objects-normal/i386/CMakeCCompilerId.o

Ld CompilerIdC normal i386
    cd /Users/elliotfiske/471/FINAL/one_last_time/CMakeFiles/3.1.0/CompilerIdC
    export MACOSX_DEPLOYMENT_TARGET=10.10
    /Applications/Xcode.app/Contents/Developer/Toolchains/XcodeDefault.xctoolchain/usr/bin/clang -arch i386 -isysroot /Applications/Xcode.app/Contents/Developer/Platforms/MacOSX.platform/Developer/SDKs/MacOSX10.10.sdk -L/Users/elliotfiske/471/FINAL/one_last_time/CMakeFiles/3.1.0/CompilerIdC -F/Users/elliotfiske/471/FINAL/one_last_time/CMakeFiles/3.1.0/CompilerIdC -filelist /Users/elliotfiske/471/FINAL/one_last_time/CMakeFiles/3.1.0/CompilerIdC/CompilerIdC.build/Debug/CompilerIdC.build/Objects-normal/i386/CompilerIdC.LinkFileList -mmacosx-version-min=10.10 -Xlinker -dependency_info -Xlinker /Users/elliotfiske/471/FINAL/one_last_time/CMakeFiles/3.1.0/CompilerIdC/CompilerIdC.build/Debug/CompilerIdC.build/Objects-normal/i386/CompilerIdC_dependency_info.dat -o /Users/elliotfiske/471/FINAL/one_last_time/CMakeFiles/3.1.0/CompilerIdC/CompilerIdC

PhaseScriptExecution Run\ Script CompilerIdC.build/Debug/CompilerIdC.build/Script-2C8FEB8E15DC1A1A00E56A5D.sh
    cd /Users/elliotfiske/471/FINAL/one_last_time/CMakeFiles/3.1.0/CompilerIdC
    /bin/sh -c /Users/elliotfiske/471/FINAL/one_last_time/CMakeFiles/3.1.0/CompilerIdC/CompilerIdC.build/Debug/CompilerIdC.build/Script-2C8FEB8E15DC1A1A00E56A5D.sh
GCC_VERSION=com.apple.compilers.llvm.clang.1_0

** BUILD SUCCEEDED **



Compilation of the C compiler identification source "CMakeCCompilerId.c" produced "CompilerIdC"

The C compiler identification is AppleClang, found in "/Users/elliotfiske/471/FINAL/one_last_time/CMakeFiles/3.1.0/CompilerIdC/CompilerIdC"

Compiling the CXX compiler identification source file "CMakeCXXCompilerId.cpp" succeeded.
Compiler:  
Build flags: 
Id flags: 

The output was:
0
=== BUILD TARGET CompilerIdCXX OF PROJECT CompilerIdCXX WITH THE DEFAULT CONFIGURATION (Debug) ===

Check dependencies

Write auxiliary files
/bin/mkdir -p /Users/elliotfiske/471/FINAL/one_last_time/CMakeFiles/3.1.0/CompilerIdCXX/CompilerIdCXX.build/Debug/CompilerIdCXX.build
write-file /Users/elliotfiske/471/FINAL/one_last_time/CMakeFiles/3.1.0/CompilerIdCXX/CompilerIdCXX.build/Debug/CompilerIdCXX.build/Script-2C8FEB8E15DC1A1A00E56A5D.sh
chmod 0755 /Users/elliotfiske/471/FINAL/one_last_time/CMakeFiles/3.1.0/CompilerIdCXX/CompilerIdCXX.build/Debug/CompilerIdCXX.build/Script-2C8FEB8E15DC1A1A00E56A5D.sh
write-file /Users/elliotfiske/471/FINAL/one_last_time/CMakeFiles/3.1.0/CompilerIdCXX/CompilerIdCXX.build/Debug/CompilerIdCXX.build/CompilerIdCXX.hmap
/bin/mkdir -p /Users/elliotfiske/471/FINAL/one_last_time/CMakeFiles/3.1.0/CompilerIdCXX/CompilerIdCXX.build/Debug/CompilerIdCXX.build/Objects-normal/i386
write-file /Users/elliotfiske/471/FINAL/one_last_time/CMakeFiles/3.1.0/CompilerIdCXX/CompilerIdCXX.build/Debug/CompilerIdCXX.build/Objects-normal/i386/CompilerIdCXX.LinkFileList
write-file /Users/elliotfiske/471/FINAL/one_last_time/CMakeFiles/3.1.0/CompilerIdCXX/CompilerIdCXX.build/Debug/CompilerIdCXX.build/CompilerIdCXX-project-headers.hmap
write-file /Users/elliotfiske/471/FINAL/one_last_time/CMakeFiles/3.1.0/CompilerIdCXX/CompilerIdCXX.build/Debug/CompilerIdCXX.build/CompilerIdCXX-all-target-headers.hmap
write-file /Users/elliotfiske/471/FINAL/one_last_time/CMakeFiles/3.1.0/CompilerIdCXX/CompilerIdCXX.build/Debug/CompilerIdCXX.build/CompilerIdCXX-own-target-headers.hmap
write-file /Users/elliotfiske/471/FINAL/one_last_time/CMakeFiles/3.1.0/CompilerIdCXX/CompilerIdCXX.build/Debug/CompilerIdCXX.build/CompilerIdCXX-all-non-framework-target-headers.hmap
write-file /Users/elliotfiske/471/FINAL/one_last_time/CMakeFiles/3.1.0/CompilerIdCXX/CompilerIdCXX.build/Debug/CompilerIdCXX.build/CompilerIdCXX-generated-files.hmap

CompileC CompilerIdCXX.build/Debug/CompilerIdCXX.build/Objects-normal/i386/CMakeCXXCompilerId.o CMakeCXXCompilerId.cpp normal i386 c++ com.apple.compilers.llvm.clang.1_0.compiler
    cd /Users/elliotfiske/471/FINAL/one_last_time/CMakeFiles/3.1.0/CompilerIdCXX
    export LANG=en_US.US-ASCII
    /Applications/Xcode.app/Contents/Developer/Toolchains/XcodeDefault.xctoolchain/usr/bin/clang -x c++ -arch i386 -fmessage-length=0 -fdiagnostics-show-note-include-stack -fmacro-backtrace-limit=0 -Wno-trigraphs -fpascal-strings -Os -Wno-missing-field-initializers -Wno-missing-prototypes -Wno-return-type -Wno-non-virtual-dtor -Wno-overloaded-virtual -Wno-exit-time-destructors -Wno-missing-braces -Wparentheses -Wswitch -Wno-unused-function -Wno-unused-label -Wno-unused-parameter -Wno-unused-variable -Wunused-value -Wno-empty-body -Wno-uninitialized -Wno-unknown-pragmas -Wno-shadow -Wno-four-char-constants -Wno-conversion -Wno-constant-conversion -Wno-int-conversion -Wno-bool-conversion -Wno-enum-conversion -Wno-shorten-64-to-32 -Wno-newline-eof -Wno-c++11-extensions -isysroot /Applications/Xcode.app/Contents/Developer/Platforms/MacOSX.platform/Developer/SDKs/MacOSX10.10.sdk -fasm-blocks -fstrict-aliasing -Wdeprecated-declarations -Winvalid-offsetof -mmacosx-version-min=10.10 -g -fvisibility=hidden -fvisibility-inlines-hidden -Wno-sign-conversion -I/Users/elliotfiske/471/FINAL/one_last_time/CMakeFiles/3.1.0/CompilerIdCXX/CompilerIdCXX.build/Debug/CompilerIdCXX.build/CompilerIdCXX.hmap -I/Users/elliotfiske/471/FINAL/one_last_time/CMakeFiles/3.1.0/CompilerIdCXX/include -I/Applications/Xcode.app/Contents/Developer/Toolchains/XcodeDefault.xctoolchain/usr/include -I/Users/elliotfiske/471/FINAL/one_last_time/CMakeFiles/3.1.0/CompilerIdCXX/CompilerIdCXX.build/Debug/CompilerIdCXX.build/DerivedSources/i386 -I/Users/elliotfiske/471/FINAL/one_last_time/CMakeFiles/3.1.0/CompilerIdCXX/CompilerIdCXX.build/Debug/CompilerIdCXX.build/DerivedSources -F/Users/elliotfiske/471/FINAL/one_last_time/CMakeFiles/3.1.0/CompilerIdCXX -MMD -MT dependencies -MF /Users/elliotfiske/471/FINAL/one_last_time/CMakeFiles/3.1.0/CompilerIdCXX/CompilerIdCXX.build/Debug/CompilerIdCXX.build/Objects-normal/i386/CMakeCXXCompilerId.d --serialize-diagnostics /Users/elliotfiske/471/FINAL/one_last_time/CMakeFiles/3.1.0/CompilerIdCXX/CompilerIdCXX.build/Debug/CompilerIdCXX.build/Objects-normal/i386/CMakeCXXCompilerId.dia -c /Users/elliotfiske/471/FINAL/one_last_time/CMakeFiles/3.1.0/CompilerIdCXX/CMakeCXXCompilerId.cpp -o /Users/elliotfiske/471/FINAL/one_last_time/CMakeFiles/3.1.0/CompilerIdCXX/CompilerIdCXX.build/Debug/CompilerIdCXX.build/Objects-normal/i386/CMakeCXXCompilerId.o

Ld CompilerIdCXX normal i386
    cd /Users/elliotfiske/471/FINAL/one_last_time/CMakeFiles/3.1.0/CompilerIdCXX
    export MACOSX_DEPLOYMENT_TARGET=10.10
    /Applications/Xcode.app/Contents/Developer/Toolchains/XcodeDefault.xctoolchain/usr/bin/clang++ -arch i386 -isysroot /Applications/Xcode.app/Contents/Developer/Platforms/MacOSX.platform/Developer/SDKs/MacOSX10.10.sdk -L/Users/elliotfiske/471/FINAL/one_last_time/CMakeFiles/3.1.0/CompilerIdCXX -F/Users/elliotfiske/471/FINAL/one_last_time/CMakeFiles/3.1.0/CompilerIdCXX -filelist /Users/elliotfiske/471/FINAL/one_last_time/CMakeFiles/3.1.0/CompilerIdCXX/CompilerIdCXX.build/Debug/CompilerIdCXX.build/Objects-normal/i386/CompilerIdCXX.LinkFileList -mmacosx-version-min=10.10 -Xlinker -dependency_info -Xlinker /Users/elliotfiske/471/FINAL/one_last_time/CMakeFiles/3.1.0/CompilerIdCXX/CompilerIdCXX.build/Debug/CompilerIdCXX.build/Objects-normal/i386/CompilerIdCXX_dependency_info.dat -o /Users/elliotfiske/471/FINAL/one_last_time/CMakeFiles/3.1.0/CompilerIdCXX/CompilerIdCXX

PhaseScriptExecution Run\ Script CompilerIdCXX.build/Debug/CompilerIdCXX.build/Script-2C8FEB8E15DC1A1A00E56A5D.sh
    cd /Users/elliotfiske/471/FINAL/one_last_time/CMakeFiles/3.1.0/CompilerIdCXX
    /bin/sh -c /Users/elliotfiske/471/FINAL/one_last_time/CMakeFiles/3.1.0/CompilerIdCXX/CompilerIdCXX.build/Debug/CompilerIdCXX.build/Script-2C8FEB8E15DC1A1A00E56A5D.sh
GCC_VERSION=com.apple.compilers.llvm.clang.1_0

** BUILD SUCCEEDED **



Compilation of the CXX compiler identification source "CMakeCXXCompilerId.cpp" produced "CompilerIdCXX"

The CXX compiler identification is AppleClang, found in "/Users/elliotfiske/471/FINAL/one_last_time/CMakeFiles/3.1.0/CompilerIdCXX/CompilerIdCXX"

Determining if the C compiler works passed with the following output:
Change Dir: /Users/elliotfiske/471/FINAL/one_last_time/CMakeFiles/CMakeTmp

Run Build Command:"/Applications/CMake.app/Contents/bin/cmakexbuild" "-project" "CMAKE_TRY_COMPILE.xcodeproj" "build" "-target" "cmTryCompileExec3877280443" "-configuration" "Debug"
=== BUILD TARGET cmTryCompileExec3877280443 OF PROJECT CMAKE_TRY_COMPILE WITH CONFIGURATION Debug ===

Check dependencies

Write auxiliary files
/bin/mkdir -p /Users/elliotfiske/471/FINAL/one_last_time/CMakeFiles/CMakeTmp/CMAKE_TRY_COMPILE.build/Debug/cmTryCompileExec3877280443.build/Objects-normal/x86_64
write-file /Users/elliotfiske/471/FINAL/one_last_time/CMakeFiles/CMakeTmp/CMAKE_TRY_COMPILE.build/Debug/cmTryCompileExec3877280443.build/Objects-normal/x86_64/cmTryCompileExec3877280443.LinkFileList

CompileC CMAKE_TRY_COMPILE.build/Debug/cmTryCompileExec3877280443.build/Objects-normal/x86_64/testCCompiler.o testCCompiler.c normal x86_64 c com.apple.compilers.llvm.clang.1_0.compiler
    cd /Users/elliotfiske/471/FINAL/one_last_time/CMakeFiles/CMakeTmp
    export LANG=en_US.US-ASCII
    /Applications/Xcode.app/Contents/Developer/Toolchains/XcodeDefault.xctoolchain/usr/bin/clang -x c -arch x86_64 -fmessage-length=0 -fdiagnostics-show-note-include-stack -fmacro-backtrace-limit=0 -Wno-trigraphs -fpascal-strings -O0 -Wno-missing-field-initializers -Wno-missing-prototypes -Wno-return-type -Wno-missing-braces -Wparentheses -Wswitch -Wno-unused-function -Wno-unused-label -Wno-unused-parameter -Wno-unused-variable -Wunused-value -Wno-empty-body -Wno-uninitialized -Wno-unknown-pragmas -Wno-shadow -Wno-four-char-constants -Wno-conversion -Wno-constant-conversion -Wno-int-conversion -Wno-bool-conversion -Wno-enum-conversion -Wno-shorten-64-to-32 -Wpointer-sign -Wno-newline-eof -DCMAKE_INTDIR=\"Debug\" -isysroot /Applications/Xcode.app/Contents/Developer/Platforms/MacOSX.platform/Developer/SDKs/MacOSX10.10.sdk -fasm-blocks -fstrict-aliasing -Wdeprecated-declarations -mmacosx-version-min=10.10 -g -Wno-sign-conversion -I/Users/elliotfiske/471/FINAL/one_last_time/CMakeFiles/CMakeTmp/Debug/include -I/Applications/Xcode.app/Contents/Developer/Toolchains/XcodeDefault.xctoolchain/usr/include -I/Users/elliotfiske/471/FINAL/one_last_time/CMakeFiles/CMakeTmp/CMAKE_TRY_COMPILE.build/Debug/cmTryCompileExec3877280443.build/DerivedSources/x86_64 -I/Users/elliotfiske/471/FINAL/one_last_time/CMakeFiles/CMakeTmp/CMAKE_TRY_COMPILE.build/Debug/cmTryCompileExec3877280443.build/DerivedSources -Wmost -Wno-four-char-constants -Wno-unknown-pragmas -F/Users/elliotfiske/471/FINAL/one_last_time/CMakeFiles/CMakeTmp/Debug -MMD -MT dependencies -MF /Users/elliotfiske/471/FINAL/one_last_time/CMakeFiles/CMakeTmp/CMAKE_TRY_COMPILE.build/Debug/cmTryCompileExec3877280443.build/Objects-normal/x86_64/testCCompiler.d --serialize-diagnostics /Users/elliotfiske/471/FINAL/one_last_time/CMakeFiles/CMakeTmp/CMAKE_TRY_COMPILE.build/Debug/cmTryCompileExec3877280443.build/Objects-normal/x86_64/testCCompiler.dia -c /Users/elliotfiske/471/FINAL/one_last_time/CMakeFiles/CMakeTmp/testCCompiler.c -o /Users/elliotfiske/471/FINAL/one_last_time/CMakeFiles/CMakeTmp/CMAKE_TRY_COMPILE.build/Debug/cmTryCompileExec3877280443.build/Objects-normal/x86_64/testCCompiler.o

Ld Debug/cmTryCompileExec3877280443 normal x86_64
    cd /Users/elliotfiske/471/FINAL/one_last_time/CMakeFiles/CMakeTmp
    export MACOSX_DEPLOYMENT_TARGET=10.10
    /Applications/Xcode.app/Contents/Developer/Toolchains/XcodeDefault.xctoolchain/usr/bin/clang -arch x86_64 -isysroot /Applications/Xcode.app/Contents/Developer/Platforms/MacOSX.platform/Developer/SDKs/MacOSX10.10.sdk -L/Users/elliotfiske/471/FINAL/one_last_time/CMakeFiles/CMakeTmp/Debug -F/Users/elliotfiske/471/FINAL/one_last_time/CMakeFiles/CMakeTmp/Debug -filelist /Users/elliotfiske/471/FINAL/one_last_time/CMakeFiles/CMakeTmp/CMAKE_TRY_COMPILE.build/Debug/cmTryCompileExec3877280443.build/Objects-normal/x86_64/cmTryCompileExec3877280443.LinkFileList -mmacosx-version-min=10.10 -Wl,-search_paths_first -Wl,-headerpad_max_install_names -Xlinker -dependency_info -Xlinker /Users/elliotfiske/471/FINAL/one_last_time/CMakeFiles/CMakeTmp/CMAKE_TRY_COMPILE.build/Debug/cmTryCompileExec3877280443.build/Objects-normal/x86_64/cmTryCompileExec3877280443_dependency_info.dat -o /Users/elliotfiske/471/FINAL/one_last_time/CMakeFiles/CMakeTmp/Debug/cmTryCompileExec3877280443

** BUILD SUCCEEDED **



Detecting C compiler ABI info compiled with the following output:
Change Dir: /Users/elliotfiske/471/FINAL/one_last_time/CMakeFiles/CMakeTmp

Run Build Command:"/Applications/CMake.app/Contents/bin/cmakexbuild" "-project" "CMAKE_TRY_COMPILE.xcodeproj" "build" "-target" "cmTryCompileExec4260412330" "-configuration" "Debug"
=== BUILD TARGET cmTryCompileExec4260412330 OF PROJECT CMAKE_TRY_COMPILE WITH CONFIGURATION Debug ===

Check dependencies

Write auxiliary files
/bin/mkdir -p /Users/elliotfiske/471/FINAL/one_last_time/CMakeFiles/CMakeTmp/CMAKE_TRY_COMPILE.build/Debug/cmTryCompileExec4260412330.build/Objects-normal/x86_64
write-file /Users/elliotfiske/471/FINAL/one_last_time/CMakeFiles/CMakeTmp/CMAKE_TRY_COMPILE.build/Debug/cmTryCompileExec4260412330.build/Objects-normal/x86_64/cmTryCompileExec4260412330.LinkFileList

CompileC CMAKE_TRY_COMPILE.build/Debug/cmTryCompileExec4260412330.build/Objects-normal/x86_64/CMakeCCompilerABI.o /Applications/CMake.app/Contents/share/cmake-3.1/Modules/CMakeCCompilerABI.c normal x86_64 c com.apple.compilers.llvm.clang.1_0.compiler
    cd /Users/elliotfiske/471/FINAL/one_last_time/CMakeFiles/CMakeTmp
    export LANG=en_US.US-ASCII
    /Applications/Xcode.app/Contents/Developer/Toolchains/XcodeDefault.xctoolchain/usr/bin/clang -x c -arch x86_64 -fmessage-length=0 -fdiagnostics-show-note-include-stack -fmacro-backtrace-limit=0 -Wno-trigraphs -fpascal-strings -O0 -Wno-missing-field-initializers -Wno-missing-prototypes -Wno-return-type -Wno-missing-braces -Wparentheses -Wswitch -Wno-unused-function -Wno-unused-label -Wno-unused-parameter -Wno-unused-variable -Wunused-value -Wno-empty-body -Wno-uninitialized -Wno-unknown-pragmas -Wno-shadow -Wno-four-char-constants -Wno-conversion -Wno-constant-conversion -Wno-int-conversion -Wno-bool-conversion -Wno-enum-conversion -Wno-shorten-64-to-32 -Wpointer-sign -Wno-newline-eof -DCMAKE_INTDIR=\"Debug\" -isysroot /Applications/Xcode.app/Contents/Developer/Platforms/MacOSX.platform/Developer/SDKs/MacOSX10.10.sdk -fasm-blocks -fstrict-aliasing -Wdeprecated-declarations -mmacosx-version-min=10.10 -g -Wno-sign-conversion -I/Users/elliotfiske/471/FINAL/one_last_time/CMakeFiles/CMakeTmp/Debug/include -I/Applications/Xcode.app/Contents/Developer/Toolchains/XcodeDefault.xctoolchain/usr/include -I/Users/elliotfiske/471/FINAL/one_last_time/CMakeFiles/CMakeTmp/CMAKE_TRY_COMPILE.build/Debug/cmTryCompileExec4260412330.build/DerivedSources/x86_64 -I/Users/elliotfiske/471/FINAL/one_last_time/CMakeFiles/CMakeTmp/CMAKE_TRY_COMPILE.build/Debug/cmTryCompileExec4260412330.build/DerivedSources -Wmost -Wno-four-char-constants -Wno-unknown-pragmas -F/Users/elliotfiske/471/FINAL/one_last_time/CMakeFiles/CMakeTmp/Debug -MMD -MT dependencies -MF /Users/elliotfiske/471/FINAL/one_last_time/CMakeFiles/CMakeTmp/CMAKE_TRY_COMPILE.build/Debug/cmTryCompileExec4260412330.build/Objects-normal/x86_64/CMakeCCompilerABI.d --serialize-diagnostics /Users/elliotfiske/471/FINAL/one_last_time/CMakeFiles/CMakeTmp/CMAKE_TRY_COMPILE.build/Debug/cmTryCompileExec4260412330.build/Objects-normal/x86_64/CMakeCCompilerABI.dia -c /Applications/CMake.app/Contents/share/cmake-3.1/Modules/CMakeCCompilerABI.c -o /Users/elliotfiske/471/FINAL/one_last_time/CMakeFiles/CMakeTmp/CMAKE_TRY_COMPILE.build/Debug/cmTryCompileExec4260412330.build/Objects-normal/x86_64/CMakeCCompilerABI.o

Ld Debug/cmTryCompileExec4260412330 normal x86_64
    cd /Users/elliotfiske/471/FINAL/one_last_time/CMakeFiles/CMakeTmp
    export MACOSX_DEPLOYMENT_TARGET=10.10
    /Applications/Xcode.app/Contents/Developer/Toolchains/XcodeDefault.xctoolchain/usr/bin/clang -arch x86_64 -isysroot /Applications/Xcode.app/Contents/Developer/Platforms/MacOSX.platform/Developer/SDKs/MacOSX10.10.sdk -L/Users/elliotfiske/471/FINAL/one_last_time/CMakeFiles/CMakeTmp/Debug -F/Users/elliotfiske/471/FINAL/one_last_time/CMakeFiles/CMakeTmp/Debug -filelist /Users/elliotfiske/471/FINAL/one_last_time/CMakeFiles/CMakeTmp/CMAKE_TRY_COMPILE.build/Debug/cmTryCompileExec4260412330.build/Objects-normal/x86_64/cmTryCompileExec4260412330.LinkFileList -mmacosx-version-min=10.10 -v -Wl,-v -Wl,-search_paths_first -Wl,-headerpad_max_install_names -Xlinker -dependency_info -Xlinker /Users/elliotfiske/471/FINAL/one_last_time/CMakeFiles/CMakeTmp/CMAKE_TRY_COMPILE.build/Debug/cmTryCompileExec4260412330.build/Objects-normal/x86_64/cmTryCompileExec4260412330_dependency_info.dat -o /Users/elliotfiske/471/FINAL/one_last_time/CMakeFiles/CMakeTmp/Debug/cmTryCompileExec4260412330
Apple LLVM version 6.0 (clang-600.0.57) (based on LLVM 3.5svn)
Target: x86_64-apple-darwin14.1.0
Thread model: posix
 "/Applications/Xcode.app/Contents/Developer/Toolchains/XcodeDefault.xctoolchain/usr/bin/ld" -demangle -dynamic -arch x86_64 -macosx_version_min 10.10.0 -syslibroot /Applications/Xcode.app/Contents/Developer/Platforms/MacOSX.platform/Developer/SDKs/MacOSX10.10.sdk -o /Users/elliotfiske/471/FINAL/one_last_time/CMakeFiles/CMakeTmp/Debug/cmTryCompileExec4260412330 -L/Users/elliotfiske/471/FINAL/one_last_time/CMakeFiles/CMakeTmp/Debug -filelist /Users/elliotfiske/471/FINAL/one_last_time/CMakeFiles/CMakeTmp/CMAKE_TRY_COMPILE.build/Debug/cmTryCompileExec4260412330.build/Objects-normal/x86_64/cmTryCompileExec4260412330.LinkFileList -v -search_paths_first -headerpad_max_install_names -dependency_info /Users/elliotfiske/471/FINAL/one_last_time/CMakeFiles/CMakeTmp/CMAKE_TRY_COMPILE.build/Debug/cmTryCompileExec4260412330.build/Objects-normal/x86_64/cmTryCompileExec4260412330_dependency_info.dat -lSystem /Applications/Xcode.app/Contents/Developer/Toolchains/XcodeDefault.xctoolchain/usr/bin/../lib/clang/6.0/lib/darwin/libclang_rt.osx.a -F/Users/elliotfiske/471/FINAL/one_last_time/CMakeFiles/CMakeTmp/Debug
@(#)PROGRAM:ld  PROJECT:ld64-241.9
configured to support archs: armv6 armv7 armv7s arm64 i386 x86_64 x86_64h armv6m armv7m armv7em
Library search paths:
	/Users/elliotfiske/471/FINAL/one_last_time/CMakeFiles/CMakeTmp/Debug
	/Applications/Xcode.app/Contents/Developer/Platforms/MacOSX.platform/Developer/SDKs/MacOSX10.10.sdk/usr/lib
Framework search paths:
	/Users/elliotfiske/471/FINAL/one_last_time/CMakeFiles/CMakeTmp/Debug
	/Applications/Xcode.app/Contents/Developer/Platforms/MacOSX.platform/Developer/SDKs/MacOSX10.10.sdk/System/Library/Frameworks/

** BUILD SUCCEEDED **



Parsed C implicit link information from above output:
  link line regex: [^( *|.*[/\])(ld|([^/\]+-)?ld|collect2)[^/\]*( |$)]
  ignore line: [Change Dir: /Users/elliotfiske/471/FINAL/one_last_time/CMakeFiles/CMakeTmp]
  ignore line: []
  ignore line: [Run Build Command:"/Applications/CMake.app/Contents/bin/cmakexbuild" "-project" "CMAKE_TRY_COMPILE.xcodeproj" "build" "-target" "cmTryCompileExec4260412330" "-configuration" "Debug"]
  ignore line: [=== BUILD TARGET cmTryCompileExec4260412330 OF PROJECT CMAKE_TRY_COMPILE WITH CONFIGURATION Debug ===]
  ignore line: []
  ignore line: [Check dependencies]
  ignore line: []
  ignore line: [Write auxiliary files]
  ignore line: [/bin/mkdir -p /Users/elliotfiske/471/FINAL/one_last_time/CMakeFiles/CMakeTmp/CMAKE_TRY_COMPILE.build/Debug/cmTryCompileExec4260412330.build/Objects-normal/x86_64]
  ignore line: [write-file /Users/elliotfiske/471/FINAL/one_last_time/CMakeFiles/CMakeTmp/CMAKE_TRY_COMPILE.build/Debug/cmTryCompileExec4260412330.build/Objects-normal/x86_64/cmTryCompileExec4260412330.LinkFileList]
  ignore line: []
  ignore line: [CompileC CMAKE_TRY_COMPILE.build/Debug/cmTryCompileExec4260412330.build/Objects-normal/x86_64/CMakeCCompilerABI.o /Applications/CMake.app/Contents/share/cmake-3.1/Modules/CMakeCCompilerABI.c normal x86_64 c com.apple.compilers.llvm.clang.1_0.compiler]
  ignore line: [    cd /Users/elliotfiske/471/FINAL/one_last_time/CMakeFiles/CMakeTmp]
  ignore line: [    export LANG=en_US.US-ASCII]
  ignore line: [    /Applications/Xcode.app/Contents/Developer/Toolchains/XcodeDefault.xctoolchain/usr/bin/clang -x c -arch x86_64 -fmessage-length=0 -fdiagnostics-show-note-include-stack -fmacro-backtrace-limit=0 -Wno-trigraphs -fpascal-strings -O0 -Wno-missing-field-initializers -Wno-missing-prototypes -Wno-return-type -Wno-missing-braces -Wparentheses -Wswitch -Wno-unused-function -Wno-unused-label -Wno-unused-parameter -Wno-unused-variable -Wunused-value -Wno-empty-body -Wno-uninitialized -Wno-unknown-pragmas -Wno-shadow -Wno-four-char-constants -Wno-conversion -Wno-constant-conversion -Wno-int-conversion -Wno-bool-conversion -Wno-enum-conversion -Wno-shorten-64-to-32 -Wpointer-sign -Wno-newline-eof -DCMAKE_INTDIR=\"Debug\" -isysroot /Applications/Xcode.app/Contents/Developer/Platforms/MacOSX.platform/Developer/SDKs/MacOSX10.10.sdk -fasm-blocks -fstrict-aliasing -Wdeprecated-declarations -mmacosx-version-min=10.10 -g -Wno-sign-conversion -I/Users/elliotfiske/471/FINAL/one_last_time/CMakeFiles/CMakeTmp/Debug/include -I/Applications/Xcode.app/Contents/Developer/Toolchains/XcodeDefault.xctoolchain/usr/include -I/Users/elliotfiske/471/FINAL/one_last_time/CMakeFiles/CMakeTmp/CMAKE_TRY_COMPILE.build/Debug/cmTryCompileExec4260412330.build/DerivedSources/x86_64 -I/Users/elliotfiske/471/FINAL/one_last_time/CMakeFiles/CMakeTmp/CMAKE_TRY_COMPILE.build/Debug/cmTryCompileExec4260412330.build/DerivedSources -Wmost -Wno-four-char-constants -Wno-unknown-pragmas -F/Users/elliotfiske/471/FINAL/one_last_time/CMakeFiles/CMakeTmp/Debug -MMD -MT dependencies -MF /Users/elliotfiske/471/FINAL/one_last_time/CMakeFiles/CMakeTmp/CMAKE_TRY_COMPILE.build/Debug/cmTryCompileExec4260412330.build/Objects-normal/x86_64/CMakeCCompilerABI.d --serialize-diagnostics /Users/elliotfiske/471/FINAL/one_last_time/CMakeFiles/CMakeTmp/CMAKE_TRY_COMPILE.build/Debug/cmTryCompileExec4260412330.build/Objects-normal/x86_64/CMakeCCompilerABI.dia -c /Applications/CMake.app/Contents/share/cmake-3.1/Modules/CMakeCCompilerABI.c -o /Users/elliotfiske/471/FINAL/one_last_time/CMakeFiles/CMakeTmp/CMAKE_TRY_COMPILE.build/Debug/cmTryCompileExec4260412330.build/Objects-normal/x86_64/CMakeCCompilerABI.o]
  ignore line: []
  ignore line: [Ld Debug/cmTryCompileExec4260412330 normal x86_64]
  ignore line: [    cd /Users/elliotfiske/471/FINAL/one_last_time/CMakeFiles/CMakeTmp]
  ignore line: [    export MACOSX_DEPLOYMENT_TARGET=10.10]
  ignore line: [    /Applications/Xcode.app/Contents/Developer/Toolchains/XcodeDefault.xctoolchain/usr/bin/clang -arch x86_64 -isysroot /Applications/Xcode.app/Contents/Developer/Platforms/MacOSX.platform/Developer/SDKs/MacOSX10.10.sdk -L/Users/elliotfiske/471/FINAL/one_last_time/CMakeFiles/CMakeTmp/Debug -F/Users/elliotfiske/471/FINAL/one_last_time/CMakeFiles/CMakeTmp/Debug -filelist /Users/elliotfiske/471/FINAL/one_last_time/CMakeFiles/CMakeTmp/CMAKE_TRY_COMPILE.build/Debug/cmTryCompileExec4260412330.build/Objects-normal/x86_64/cmTryCompileExec4260412330.LinkFileList -mmacosx-version-min=10.10 -v -Wl,-v -Wl,-search_paths_first -Wl,-headerpad_max_install_names -Xlinker -dependency_info -Xlinker /Users/elliotfiske/471/FINAL/one_last_time/CMakeFiles/CMakeTmp/CMAKE_TRY_COMPILE.build/Debug/cmTryCompileExec4260412330.build/Objects-normal/x86_64/cmTryCompileExec4260412330_dependency_info.dat -o /Users/elliotfiske/471/FINAL/one_last_time/CMakeFiles/CMakeTmp/Debug/cmTryCompileExec4260412330]
  ignore line: [Apple LLVM version 6.0 (clang-600.0.57) (based on LLVM 3.5svn)]
  ignore line: [Target: x86_64-apple-darwin14.1.0]
  ignore line: [Thread model: posix]
  reduced line: [ "/Applications/Xcode.app/Contents/Developer/Toolchains/XcodeDefault.xctoolchain/usr/bin/ld" -demangle -dynamic -arch x86_64 -macosx_version_min 10.10.0 -syslibroot /Applications/Xcode.app/Contents/Developer/Platforms/MacOSX.platform/Developer/SDKs/MacOSX10.10.sdk -o /Users/elliotfiske/471/FINAL/one_last_time/CMakeFiles/CMakeTmp/Debug/cmTryCompileExec4260412330 -L/Users/elliotfiske/471/FINAL/one_last_time/CMakeFiles/CMakeTmp/Debug -filelist /Users/elliotfiske/471/FINAL/one_last_time/CMakeFiles/CMakeTmp/CMAKE_TRY_COMPILE.build/Debug/cmTryCompileExec4260412330.build/Objects-normal/x86_64/cmTryCompileExec4260412330.LinkFileList -v -search_paths_first -headerpad_max_install_names -dependency_info /Users/elliotfiske/471/FINAL/one_last_time/CMakeFiles/CMakeTmp/CMAKE_TRY_COMPILE.build/Debug/cmTryCompileExec4260412330.build/Objects-normal/x86_64/cmTryCompileExec4260412330_dependency_info.dat -lSystem /Applications/Xcode.app/Contents/Developer/Toolchains/XcodeDefault.xctoolchain/usr/bin/../lib/clang/6.0/lib/darwin/libclang_rt.osx.a -F/Users/elliotfiske/471/FINAL/one_last_time/CMakeFiles/CMakeTmp/Debug]
            to: [ "/Applications/Xcode.app/Contents/Developer/Toolchains/XcodeDefault.xctoolchain/usr/bin/ld" -demangle -dynamic -arch x86_64 -macosx_version_min 10.10.0 -syslibroot /Applications/Xcode.app/Contents/Developer/Platforms/MacOSX.platform/Developer/SDKs/MacOSX10.10.sdk -o /Users/elliotfiske/471/FINAL/one_last_time/CMakeFiles/CMakeTmp/Debug/cmTryCompileExec4260412330 -filelist /Users/elliotfiske/471/FINAL/one_last_time/CMakeFiles/CMakeTmp/CMAKE_TRY_COMPILE.build/Debug/cmTryCompileExec4260412330.build/Objects-normal/x86_64/cmTryCompileExec4260412330.LinkFileList -v -search_paths_first -headerpad_max_install_names -dependency_info /Users/elliotfiske/471/FINAL/one_last_time/CMakeFiles/CMakeTmp/CMAKE_TRY_COMPILE.build/Debug/cmTryCompileExec4260412330.build/Objects-normal/x86_64/cmTryCompileExec4260412330_dependency_info.dat -lSystem /Applications/Xcode.app/Contents/Developer/Toolchains/XcodeDefault.xctoolchain/usr/bin/../lib/clang/6.0/lib/darwin/libclang_rt.osx.a ]
  link line: [ "/Applications/Xcode.app/Contents/Developer/Toolchains/XcodeDefault.xctoolchain/usr/bin/ld" -demangle -dynamic -arch x86_64 -macosx_version_min 10.10.0 -syslibroot /Applications/Xcode.app/Contents/Developer/Platforms/MacOSX.platform/Developer/SDKs/MacOSX10.10.sdk -o /Users/elliotfiske/471/FINAL/one_last_time/CMakeFiles/CMakeTmp/Debug/cmTryCompileExec4260412330 -filelist /Users/elliotfiske/471/FINAL/one_last_time/CMakeFiles/CMakeTmp/CMAKE_TRY_COMPILE.build/Debug/cmTryCompileExec4260412330.build/Objects-normal/x86_64/cmTryCompileExec4260412330.LinkFileList -v -search_paths_first -headerpad_max_install_names -dependency_info /Users/elliotfiske/471/FINAL/one_last_time/CMakeFiles/CMakeTmp/CMAKE_TRY_COMPILE.build/Debug/cmTryCompileExec4260412330.build/Objects-normal/x86_64/cmTryCompileExec4260412330_dependency_info.dat -lSystem /Applications/Xcode.app/Contents/Developer/Toolchains/XcodeDefault.xctoolchain/usr/bin/../lib/clang/6.0/lib/darwin/libclang_rt.osx.a ]
    arg [/Applications/Xcode.app/Contents/Developer/Toolchains/XcodeDefault.xctoolchain/usr/bin/ld] ==> ignore
    arg [-demangle] ==> ignore
    arg [-dynamic] ==> ignore
    arg [-arch] ==> ignore
    arg [x86_64] ==> ignore
    arg [-macosx_version_min] ==> ignore
    arg [10.10.0] ==> ignore
    arg [-syslibroot] ==> ignore
    arg [/Applications/Xcode.app/Contents/Developer/Platforms/MacOSX.platform/Developer/SDKs/MacOSX10.10.sdk] ==> ignore
    arg [-o] ==> ignore
    arg [/Users/elliotfiske/471/FINAL/one_last_time/CMakeFiles/CMakeTmp/Debug/cmTryCompileExec4260412330] ==> ignore
    arg [-filelist] ==> ignore
    arg [/Users/elliotfiske/471/FINAL/one_last_time/CMakeFiles/CMakeTmp/CMAKE_TRY_COMPILE.build/Debug/cmTryCompileExec4260412330.build/Objects-normal/x86_64/cmTryCompileExec4260412330.LinkFileList] ==> ignore
    arg [-v] ==> ignore
    arg [-search_paths_first] ==> ignore
    arg [-headerpad_max_install_names] ==> ignore
    arg [-dependency_info] ==> ignore
    arg [/Users/elliotfiske/471/FINAL/one_last_time/CMakeFiles/CMakeTmp/CMAKE_TRY_COMPILE.build/Debug/cmTryCompileExec4260412330.build/Objects-normal/x86_64/cmTryCompileExec4260412330_dependency_info.dat] ==> ignore
    arg [-lSystem] ==> lib [System]
    arg [/Applications/Xcode.app/Contents/Developer/Toolchains/XcodeDefault.xctoolchain/usr/bin/../lib/clang/6.0/lib/darwin/libclang_rt.osx.a] ==> lib [/Applications/Xcode.app/Contents/Developer/Toolchains/XcodeDefault.xctoolchain/usr/bin/../lib/clang/6.0/lib/darwin/libclang_rt.osx.a]
  Library search paths: [;/Users/elliotfiske/471/FINAL/one_last_time/CMakeFiles/CMakeTmp/Debug;/Applications/Xcode.app/Contents/Developer/Platforms/MacOSX.platform/Developer/SDKs/MacOSX10.10.sdk/usr/lib]
  Framework search paths: [;/Users/elliotfiske/471/FINAL/one_last_time/CMakeFiles/CMakeTmp/Debug;/Applications/Xcode.app/Contents/Developer/Platforms/MacOSX.platform/Developer/SDKs/MacOSX10.10.sdk/System/Library/Frameworks/]
  remove lib [System]
  collapse lib [/Applications/Xcode.app/Contents/Developer/Toolchains/XcodeDefault.xctoolchain/usr/bin/../lib/clang/6.0/lib/darwin/libclang_rt.osx.a] ==> [/Applications/Xcode.app/Contents/Developer/Toolchains/XcodeDefault.xctoolchain/usr/lib/clang/6.0/lib/darwin/libclang_rt.osx.a]
  collapse library dir [/Users/elliotfiske/471/FINAL/one_last_time/CMakeFiles/CMakeTmp/Debug] ==> [/Users/elliotfiske/471/FINAL/one_last_time/CMakeFiles/CMakeTmp/Debug], skipping non-system directory
  collapse library dir [/Applications/Xcode.app/Contents/Developer/Platforms/MacOSX.platform/Developer/SDKs/MacOSX10.10.sdk/usr/lib] ==> [/Applications/Xcode.app/Contents/Developer/Platforms/MacOSX.platform/Developer/SDKs/MacOSX10.10.sdk/usr/lib]
  collapse framework dir [/Users/elliotfiske/471/FINAL/one_last_time/CMakeFiles/CMakeTmp/Debug] ==> [/Users/elliotfiske/471/FINAL/one_last_time/CMakeFiles/CMakeTmp/Debug], skipping non-system directory
  collapse framework dir [/Applications/Xcode.app/Contents/Developer/Platforms/MacOSX.platform/Developer/SDKs/MacOSX10.10.sdk/System/Library/Frameworks/] ==> [/Applications/Xcode.app/Contents/Developer/Platforms/MacOSX.platform/Developer/SDKs/MacOSX10.10.sdk/System/Library/Frameworks]
  implicit libs: [/Applications/Xcode.app/Contents/Developer/Toolchains/XcodeDefault.xctoolchain/usr/lib/clang/6.0/lib/darwin/libclang_rt.osx.a]
  implicit dirs: [/Applications/Xcode.app/Contents/Developer/Platforms/MacOSX.platform/Developer/SDKs/MacOSX10.10.sdk/usr/lib]
  implicit fwks: [/Applications/Xcode.app/Contents/Developer/Platforms/MacOSX.platform/Developer/SDKs/MacOSX10.10.sdk/System/Library/Frameworks]


Determining if the CXX compiler works passed with the following output:
Change Dir: /Users/elliotfiske/471/FINAL/one_last_time/CMakeFiles/CMakeTmp

Run Build Command:"/Applications/CMake.app/Contents/bin/cmakexbuild" "-project" "CMAKE_TRY_COMPILE.xcodeproj" "build" "-target" "cmTryCompileExec467514865" "-configuration" "Debug"
=== BUILD TARGET cmTryCompileExec467514865 OF PROJECT CMAKE_TRY_COMPILE WITH CONFIGURATION Debug ===

Check dependencies

Write auxiliary files
/bin/mkdir -p /Users/elliotfiske/471/FINAL/one_last_time/CMakeFiles/CMakeTmp/CMAKE_TRY_COMPILE.build/Debug/cmTryCompileExec467514865.build/Objects-normal/x86_64
write-file /Users/elliotfiske/471/FINAL/one_last_time/CMakeFiles/CMakeTmp/CMAKE_TRY_COMPILE.build/Debug/cmTryCompileExec467514865.build/Objects-normal/x86_64/cmTryCompileExec467514865.LinkFileList

CompileC CMAKE_TRY_COMPILE.build/Debug/cmTryCompileExec467514865.build/Objects-normal/x86_64/testCXXCompiler.o testCXXCompiler.cxx normal x86_64 c++ com.apple.compilers.llvm.clang.1_0.compiler
    cd /Users/elliotfiske/471/FINAL/one_last_time/CMakeFiles/CMakeTmp
    export LANG=en_US.US-ASCII
    /Applications/Xcode.app/Contents/Developer/Toolchains/XcodeDefault.xctoolchain/usr/bin/clang -x c++ -arch x86_64 -fmessage-length=0 -fdiagnostics-show-note-include-stack -fmacro-backtrace-limit=0 -Wno-trigraphs -fpascal-strings -O0 -Wno-missing-field-initializers -Wno-missing-prototypes -Wno-return-type -Wno-non-virtual-dtor -Wno-overloaded-virtual -Wno-exit-time-destructors -Wno-missing-braces -Wparentheses -Wswitch -Wno-unused-function -Wno-unused-label -Wno-unused-parameter -Wno-unused-variable -Wunused-value -Wno-empty-body -Wno-uninitialized -Wno-unknown-pragmas -Wno-shadow -Wno-four-char-constants -Wno-conversion -Wno-constant-conversion -Wno-int-conversion -Wno-bool-conversion -Wno-enum-conversion -Wno-shorten-64-to-32 -Wno-newline-eof -Wno-c++11-extensions -DCMAKE_INTDIR=\"Debug\" -isysroot /Applications/Xcode.app/Contents/Developer/Platforms/MacOSX.platform/Developer/SDKs/MacOSX10.10.sdk -fasm-blocks -fstrict-aliasing -Wdeprecated-declarations -Winvalid-offsetof -mmacosx-version-min=10.10 -Wno-sign-conversion -I/Users/elliotfiske/471/FINAL/one_last_time/CMakeFiles/CMakeTmp/Debug/include -I/Applications/Xcode.app/Contents/Developer/Toolchains/XcodeDefault.xctoolchain/usr/include -I/Users/elliotfiske/471/FINAL/one_last_time/CMakeFiles/CMakeTmp/CMAKE_TRY_COMPILE.build/Debug/cmTryCompileExec467514865.build/DerivedSources/x86_64 -I/Users/elliotfiske/471/FINAL/one_last_time/CMakeFiles/CMakeTmp/CMAKE_TRY_COMPILE.build/Debug/cmTryCompileExec467514865.build/DerivedSources -Wmost -Wno-four-char-constants -Wno-unknown-pragmas -F/Users/elliotfiske/471/FINAL/one_last_time/CMakeFiles/CMakeTmp/Debug -g -MMD -MT dependencies -MF /Users/elliotfiske/471/FINAL/one_last_time/CMakeFiles/CMakeTmp/CMAKE_TRY_COMPILE.build/Debug/cmTryCompileExec467514865.build/Objects-normal/x86_64/testCXXCompiler.d --serialize-diagnostics /Users/elliotfiske/471/FINAL/one_last_time/CMakeFiles/CMakeTmp/CMAKE_TRY_COMPILE.build/Debug/cmTryCompileExec467514865.build/Objects-normal/x86_64/testCXXCompiler.dia -c /Users/elliotfiske/471/FINAL/one_last_time/CMakeFiles/CMakeTmp/testCXXCompiler.cxx -o /Users/elliotfiske/471/FINAL/one_last_time/CMakeFiles/CMakeTmp/CMAKE_TRY_COMPILE.build/Debug/cmTryCompileExec467514865.build/Objects-normal/x86_64/testCXXCompiler.o

Ld Debug/cmTryCompileExec467514865 normal x86_64
    cd /Users/elliotfiske/471/FINAL/one_last_time/CMakeFiles/CMakeTmp
    export MACOSX_DEPLOYMENT_TARGET=10.10
    /Applications/Xcode.app/Contents/Developer/Toolchains/XcodeDefault.xctoolchain/usr/bin/clang++ -arch x86_64 -isysroot /Applications/Xcode.app/Contents/Developer/Platforms/MacOSX.platform/Developer/SDKs/MacOSX10.10.sdk -L/Users/elliotfiske/471/FINAL/one_last_time/CMakeFiles/CMakeTmp/Debug -F/Users/elliotfiske/471/FINAL/one_last_time/CMakeFiles/CMakeTmp/Debug -filelist /Users/elliotfiske/471/FINAL/one_last_time/CMakeFiles/CMakeTmp/CMAKE_TRY_COMPILE.build/Debug/cmTryCompileExec467514865.build/Objects-normal/x86_64/cmTryCompileExec467514865.LinkFileList -mmacosx-version-min=10.10 -Wl,-search_paths_first -Wl,-headerpad_max_install_names -Xlinker -dependency_info -Xlinker /Users/elliotfiske/471/FINAL/one_last_time/CMakeFiles/CMakeTmp/CMAKE_TRY_COMPILE.build/Debug/cmTryCompileExec467514865.build/Objects-normal/x86_64/cmTryCompileExec467514865_dependency_info.dat -o /Users/elliotfiske/471/FINAL/one_last_time/CMakeFiles/CMakeTmp/Debug/cmTryCompileExec467514865

** BUILD SUCCEEDED **



Detecting CXX compiler ABI info compiled with the following output:
Change Dir: /Users/elliotfiske/471/FINAL/one_last_time/CMakeFiles/CMakeTmp

Run Build Command:"/Applications/CMake.app/Contents/bin/cmakexbuild" "-project" "CMAKE_TRY_COMPILE.xcodeproj" "build" "-target" "cmTryCompileExec1835132633" "-configuration" "Debug"
=== BUILD TARGET cmTryCompileExec1835132633 OF PROJECT CMAKE_TRY_COMPILE WITH CONFIGURATION Debug ===

Check dependencies

Write auxiliary files
/bin/mkdir -p /Users/elliotfiske/471/FINAL/one_last_time/CMakeFiles/CMakeTmp/CMAKE_TRY_COMPILE.build/Debug/cmTryCompileExec1835132633.build/Objects-normal/x86_64
write-file /Users/elliotfiske/471/FINAL/one_last_time/CMakeFiles/CMakeTmp/CMAKE_TRY_COMPILE.build/Debug/cmTryCompileExec1835132633.build/Objects-normal/x86_64/cmTryCompileExec1835132633.LinkFileList

CompileC CMAKE_TRY_COMPILE.build/Debug/cmTryCompileExec1835132633.build/Objects-normal/x86_64/CMakeCXXCompilerABI.o /Applications/CMake.app/Contents/share/cmake-3.1/Modules/CMakeCXXCompilerABI.cpp normal x86_64 c++ com.apple.compilers.llvm.clang.1_0.compiler
    cd /Users/elliotfiske/471/FINAL/one_last_time/CMakeFiles/CMakeTmp
    export LANG=en_US.US-ASCII
    /Applications/Xcode.app/Contents/Developer/Toolchains/XcodeDefault.xctoolchain/usr/bin/clang -x c++ -arch x86_64 -fmessage-length=0 -fdiagnostics-show-note-include-stack -fmacro-backtrace-limit=0 -Wno-trigraphs -fpascal-strings -O0 -Wno-missing-field-initializers -Wno-missing-prototypes -Wno-return-type -Wno-non-virtual-dtor -Wno-overloaded-virtual -Wno-exit-time-destructors -Wno-missing-braces -Wparentheses -Wswitch -Wno-unused-function -Wno-unused-label -Wno-unused-parameter -Wno-unused-variable -Wunused-value -Wno-empty-body -Wno-uninitialized -Wno-unknown-pragmas -Wno-shadow -Wno-four-char-constants -Wno-conversion -Wno-constant-conversion -Wno-int-conversion -Wno-bool-conversion -Wno-enum-conversion -Wno-shorten-64-to-32 -Wno-newline-eof -Wno-c++11-extensions -DCMAKE_INTDIR=\"Debug\" -isysroot /Applications/Xcode.app/Contents/Developer/Platforms/MacOSX.platform/Developer/SDKs/MacOSX10.10.sdk -fasm-blocks -fstrict-aliasing -Wdeprecated-declarations -Winvalid-offsetof -mmacosx-version-min=10.10 -Wno-sign-conversion -I/Users/elliotfiske/471/FINAL/one_last_time/CMakeFiles/CMakeTmp/Debug/include -I/Applications/Xcode.app/Contents/Developer/Toolchains/XcodeDefault.xctoolchain/usr/include -I/Users/elliotfiske/471/FINAL/one_last_time/CMakeFiles/CMakeTmp/CMAKE_TRY_COMPILE.build/Debug/cmTryCompileExec1835132633.build/DerivedSources/x86_64 -I/Users/elliotfiske/471/FINAL/one_last_time/CMakeFiles/CMakeTmp/CMAKE_TRY_COMPILE.build/Debug/cmTryCompileExec1835132633.build/DerivedSources -Wmost -Wno-four-char-constants -Wno-unknown-pragmas -F/Users/elliotfiske/471/FINAL/one_last_time/CMakeFiles/CMakeTmp/Debug -g -MMD -MT dependencies -MF /Users/elliotfiske/471/FINAL/one_last_time/CMakeFiles/CMakeTmp/CMAKE_TRY_COMPILE.build/Debug/cmTryCompileExec1835132633.build/Objects-normal/x86_64/CMakeCXXCompilerABI.d --serialize-diagnostics /Users/elliotfiske/471/FINAL/one_last_time/CMakeFiles/CMakeTmp/CMAKE_TRY_COMPILE.build/Debug/cmTryCompileExec1835132633.build/Objects-normal/x86_64/CMakeCXXCompilerABI.dia -c /Applications/CMake.app/Contents/share/cmake-3.1/Modules/CMakeCXXCompilerABI.cpp -o /Users/elliotfiske/471/FINAL/one_last_time/CMakeFiles/CMakeTmp/CMAKE_TRY_COMPILE.build/Debug/cmTryCompileExec1835132633.build/Objects-normal/x86_64/CMakeCXXCompilerABI.o

Ld Debug/cmTryCompileExec1835132633 normal x86_64
    cd /Users/elliotfiske/471/FINAL/one_last_time/CMakeFiles/CMakeTmp
    export MACOSX_DEPLOYMENT_TARGET=10.10
    /Applications/Xcode.app/Contents/Developer/Toolchains/XcodeDefault.xctoolchain/usr/bin/clang++ -arch x86_64 -isysroot /Applications/Xcode.app/Contents/Developer/Platforms/MacOSX.platform/Developer/SDKs/MacOSX10.10.sdk -L/Users/elliotfiske/471/FINAL/one_last_time/CMakeFiles/CMakeTmp/Debug -F/Users/elliotfiske/471/FINAL/one_last_time/CMakeFiles/CMakeTmp/Debug -filelist /Users/elliotfiske/471/FINAL/one_last_time/CMakeFiles/CMakeTmp/CMAKE_TRY_COMPILE.build/Debug/cmTryCompileExec1835132633.build/Objects-normal/x86_64/cmTryCompileExec1835132633.LinkFileList -mmacosx-version-min=10.10 -v -Wl,-v -Wl,-search_paths_first -Wl,-headerpad_max_install_names -Xlinker -dependency_info -Xlinker /Users/elliotfiske/471/FINAL/one_last_time/CMakeFiles/CMakeTmp/CMAKE_TRY_COMPILE.build/Debug/cmTryCompileExec1835132633.build/Objects-normal/x86_64/cmTryCompileExec1835132633_dependency_info.dat -o /Users/elliotfiske/471/FINAL/one_last_time/CMakeFiles/CMakeTmp/Debug/cmTryCompileExec1835132633
Apple LLVM version 6.0 (clang-600.0.57) (based on LLVM 3.5svn)
Target: x86_64-apple-darwin14.1.0
Thread model: posix
 "/Applications/Xcode.app/Contents/Developer/Toolchains/XcodeDefault.xctoolchain/usr/bin/ld" -demangle -dynamic -arch x86_64 -macosx_version_min 10.10.0 -syslibroot /Applications/Xcode.app/Contents/Developer/Platforms/MacOSX.platform/Developer/SDKs/MacOSX10.10.sdk -o /Users/elliotfiske/471/FINAL/one_last_time/CMakeFiles/CMakeTmp/Debug/cmTryCompileExec1835132633 -L/Users/elliotfiske/471/FINAL/one_last_time/CMakeFiles/CMakeTmp/Debug -filelist /Users/elliotfiske/471/FINAL/one_last_time/CMakeFiles/CMakeTmp/CMAKE_TRY_COMPILE.build/Debug/cmTryCompileExec1835132633.build/Objects-normal/x86_64/cmTryCompileExec1835132633.LinkFileList -v -search_paths_first -headerpad_max_install_names -dependency_info /Users/elliotfiske/471/FINAL/one_last_time/CMakeFiles/CMakeTmp/CMAKE_TRY_COMPILE.build/Debug/cmTryCompileExec1835132633.build/Objects-normal/x86_64/cmTryCompileExec1835132633_dependency_info.dat -lc++ -lSystem /Applications/Xcode.app/Contents/Developer/Toolchains/XcodeDefault.xctoolchain/usr/bin/../lib/clang/6.0/lib/darwin/libclang_rt.osx.a -F/Users/elliotfiske/471/FINAL/one_last_time/CMakeFiles/CMakeTmp/Debug
@(#)PROGRAM:ld  PROJECT:ld64-241.9
configured to support archs: armv6 armv7 armv7s arm64 i386 x86_64 x86_64h armv6m armv7m armv7em
Library search paths:
	/Users/elliotfiske/471/FINAL/one_last_time/CMakeFiles/CMakeTmp/Debug
	/Applications/Xcode.app/Contents/Developer/Platforms/MacOSX.platform/Developer/SDKs/MacOSX10.10.sdk/usr/lib
Framework search paths:
	/Users/elliotfiske/471/FINAL/one_last_time/CMakeFiles/CMakeTmp/Debug
	/Applications/Xcode.app/Contents/Developer/Platforms/MacOSX.platform/Developer/SDKs/MacOSX10.10.sdk/System/Library/Frameworks/

** BUILD SUCCEEDED **



Parsed CXX implicit link information from above output:
  link line regex: [^( *|.*[/\])(ld|([^/\]+-)?ld|collect2)[^/\]*( |$)]
  ignore line: [Change Dir: /Users/elliotfiske/471/FINAL/one_last_time/CMakeFiles/CMakeTmp]
  ignore line: []
  ignore line: [Run Build Command:"/Applications/CMake.app/Contents/bin/cmakexbuild" "-project" "CMAKE_TRY_COMPILE.xcodeproj" "build" "-target" "cmTryCompileExec1835132633" "-configuration" "Debug"]
  ignore line: [=== BUILD TARGET cmTryCompileExec1835132633 OF PROJECT CMAKE_TRY_COMPILE WITH CONFIGURATION Debug ===]
  ignore line: []
  ignore line: [Check dependencies]
  ignore line: []
  ignore line: [Write auxiliary files]
  ignore line: [/bin/mkdir -p /Users/elliotfiske/471/FINAL/one_last_time/CMakeFiles/CMakeTmp/CMAKE_TRY_COMPILE.build/Debug/cmTryCompileExec1835132633.build/Objects-normal/x86_64]
  ignore line: [write-file /Users/elliotfiske/471/FINAL/one_last_time/CMakeFiles/CMakeTmp/CMAKE_TRY_COMPILE.build/Debug/cmTryCompileExec1835132633.build/Objects-normal/x86_64/cmTryCompileExec1835132633.LinkFileList]
  ignore line: []
  ignore line: [CompileC CMAKE_TRY_COMPILE.build/Debug/cmTryCompileExec1835132633.build/Objects-normal/x86_64/CMakeCXXCompilerABI.o /Applications/CMake.app/Contents/share/cmake-3.1/Modules/CMakeCXXCompilerABI.cpp normal x86_64 c++ com.apple.compilers.llvm.clang.1_0.compiler]
  ignore line: [    cd /Users/elliotfiske/471/FINAL/one_last_time/CMakeFiles/CMakeTmp]
  ignore line: [    export LANG=en_US.US-ASCII]
  ignore line: [    /Applications/Xcode.app/Contents/Developer/Toolchains/XcodeDefault.xctoolchain/usr/bin/clang -x c++ -arch x86_64 -fmessage-length=0 -fdiagnostics-show-note-include-stack -fmacro-backtrace-limit=0 -Wno-trigraphs -fpascal-strings -O0 -Wno-missing-field-initializers -Wno-missing-prototypes -Wno-return-type -Wno-non-virtual-dtor -Wno-overloaded-virtual -Wno-exit-time-destructors -Wno-missing-braces -Wparentheses -Wswitch -Wno-unused-function -Wno-unused-label -Wno-unused-parameter -Wno-unused-variable -Wunused-value -Wno-empty-body -Wno-uninitialized -Wno-unknown-pragmas -Wno-shadow -Wno-four-char-constants -Wno-conversion -Wno-constant-conversion -Wno-int-conversion -Wno-bool-conversion -Wno-enum-conversion -Wno-shorten-64-to-32 -Wno-newline-eof -Wno-c++11-extensions -DCMAKE_INTDIR=\"Debug\" -isysroot /Applications/Xcode.app/Contents/Developer/Platforms/MacOSX.platform/Developer/SDKs/MacOSX10.10.sdk -fasm-blocks -fstrict-aliasing -Wdeprecated-declarations -Winvalid-offsetof -mmacosx-version-min=10.10 -Wno-sign-conversion -I/Users/elliotfiske/471/FINAL/one_last_time/CMakeFiles/CMakeTmp/Debug/include -I/Applications/Xcode.app/Contents/Developer/Toolchains/XcodeDefault.xctoolchain/usr/include -I/Users/elliotfiske/471/FINAL/one_last_time/CMakeFiles/CMakeTmp/CMAKE_TRY_COMPILE.build/Debug/cmTryCompileExec1835132633.build/DerivedSources/x86_64 -I/Users/elliotfiske/471/FINAL/one_last_time/CMakeFiles/CMakeTmp/CMAKE_TRY_COMPILE.build/Debug/cmTryCompileExec1835132633.build/DerivedSources -Wmost -Wno-four-char-constants -Wno-unknown-pragmas -F/Users/elliotfiske/471/FINAL/one_last_time/CMakeFiles/CMakeTmp/Debug -g -MMD -MT dependencies -MF /Users/elliotfiske/471/FINAL/one_last_time/CMakeFiles/CMakeTmp/CMAKE_TRY_COMPILE.build/Debug/cmTryCompileExec1835132633.build/Objects-normal/x86_64/CMakeCXXCompilerABI.d --serialize-diagnostics /Users/elliotfiske/471/FINAL/one_last_time/CMakeFiles/CMakeTmp/CMAKE_TRY_COMPILE.build/Debug/cmTryCompileExec1835132633.build/Objects-normal/x86_64/CMakeCXXCompilerABI.dia -c /Applications/CMake.app/Contents/share/cmake-3.1/Modules/CMakeCXXCompilerABI.cpp -o /Users/elliotfiske/471/FINAL/one_last_time/CMakeFiles/CMakeTmp/CMAKE_TRY_COMPILE.build/Debug/cmTryCompileExec1835132633.build/Objects-normal/x86_64/CMakeCXXCompilerABI.o]
  ignore line: []
  ignore line: [Ld Debug/cmTryCompileExec1835132633 normal x86_64]
  ignore line: [    cd /Users/elliotfiske/471/FINAL/one_last_time/CMakeFiles/CMakeTmp]
  ignore line: [    export MACOSX_DEPLOYMENT_TARGET=10.10]
  ignore line: [    /Applications/Xcode.app/Contents/Developer/Toolchains/XcodeDefault.xctoolchain/usr/bin/clang++ -arch x86_64 -isysroot /Applications/Xcode.app/Contents/Developer/Platforms/MacOSX.platform/Developer/SDKs/MacOSX10.10.sdk -L/Users/elliotfiske/471/FINAL/one_last_time/CMakeFiles/CMakeTmp/Debug -F/Users/elliotfiske/471/FINAL/one_last_time/CMakeFiles/CMakeTmp/Debug -filelist /Users/elliotfiske/471/FINAL/one_last_time/CMakeFiles/CMakeTmp/CMAKE_TRY_COMPILE.build/Debug/cmTryCompileExec1835132633.build/Objects-normal/x86_64/cmTryCompileExec1835132633.LinkFileList -mmacosx-version-min=10.10 -v -Wl,-v -Wl,-search_paths_first -Wl,-headerpad_max_install_names -Xlinker -dependency_info -Xlinker /Users/elliotfiske/471/FINAL/one_last_time/CMakeFiles/CMakeTmp/CMAKE_TRY_COMPILE.build/Debug/cmTryCompileExec1835132633.build/Objects-normal/x86_64/cmTryCompileExec1835132633_dependency_info.dat -o /Users/elliotfiske/471/FINAL/one_last_time/CMakeFiles/CMakeTmp/Debug/cmTryCompileExec1835132633]
  ignore line: [Apple LLVM version 6.0 (clang-600.0.57) (based on LLVM 3.5svn)]
  ignore line: [Target: x86_64-apple-darwin14.1.0]
  ignore line: [Thread model: posix]
  reduced line: [ "/Applications/Xcode.app/Contents/Developer/Toolchains/XcodeDefault.xctoolchain/usr/bin/ld" -demangle -dynamic -arch x86_64 -macosx_version_min 10.10.0 -syslibroot /Applications/Xcode.app/Contents/Developer/Platforms/MacOSX.platform/Developer/SDKs/MacOSX10.10.sdk -o /Users/elliotfiske/471/FINAL/one_last_time/CMakeFiles/CMakeTmp/Debug/cmTryCompileExec1835132633 -L/Users/elliotfiske/471/FINAL/one_last_time/CMakeFiles/CMakeTmp/Debug -filelist /Users/elliotfiske/471/FINAL/one_last_time/CMakeFiles/CMakeTmp/CMAKE_TRY_COMPILE.build/Debug/cmTryCompileExec1835132633.build/Objects-normal/x86_64/cmTryCompileExec1835132633.LinkFileList -v -search_paths_first -headerpad_max_install_names -dependency_info /Users/elliotfiske/471/FINAL/one_last_time/CMakeFiles/CMakeTmp/CMAKE_TRY_COMPILE.build/Debug/cmTryCompileExec1835132633.build/Objects-normal/x86_64/cmTryCompileExec1835132633_dependency_info.dat -lc++ -lSystem /Applications/Xcode.app/Contents/Developer/Toolchains/XcodeDefault.xctoolchain/usr/bin/../lib/clang/6.0/lib/darwin/libclang_rt.osx.a -F/Users/elliotfiske/471/FINAL/one_last_time/CMakeFiles/CMakeTmp/Debug]
            to: [ "/Applications/Xcode.app/Contents/Developer/Toolchains/XcodeDefault.xctoolchain/usr/bin/ld" -demangle -dynamic -arch x86_64 -macosx_version_min 10.10.0 -syslibroot /Applications/Xcode.app/Contents/Developer/Platforms/MacOSX.platform/Developer/SDKs/MacOSX10.10.sdk -o /Users/elliotfiske/471/FINAL/one_last_time/CMakeFiles/CMakeTmp/Debug/cmTryCompileExec1835132633 -filelist /Users/elliotfiske/471/FINAL/one_last_time/CMakeFiles/CMakeTmp/CMAKE_TRY_COMPILE.build/Debug/cmTryCompileExec1835132633.build/Objects-normal/x86_64/cmTryCompileExec1835132633.LinkFileList -v -search_paths_first -headerpad_max_install_names -dependency_info /Users/elliotfiske/471/FINAL/one_last_time/CMakeFiles/CMakeTmp/CMAKE_TRY_COMPILE.build/Debug/cmTryCompileExec1835132633.build/Objects-normal/x86_64/cmTryCompileExec1835132633_dependency_info.dat -lc++ -lSystem /Applications/Xcode.app/Contents/Developer/Toolchains/XcodeDefault.xctoolchain/usr/bin/../lib/clang/6.0/lib/darwin/libclang_rt.osx.a ]
  link line: [ "/Applications/Xcode.app/Contents/Developer/Toolchains/XcodeDefault.xctoolchain/usr/bin/ld" -demangle -dynamic -arch x86_64 -macosx_version_min 10.10.0 -syslibroot /Applications/Xcode.app/Contents/Developer/Platforms/MacOSX.platform/Developer/SDKs/MacOSX10.10.sdk -o /Users/elliotfiske/471/FINAL/one_last_time/CMakeFiles/CMakeTmp/Debug/cmTryCompileExec1835132633 -filelist /Users/elliotfiske/471/FINAL/one_last_time/CMakeFiles/CMakeTmp/CMAKE_TRY_COMPILE.build/Debug/cmTryCompileExec1835132633.build/Objects-normal/x86_64/cmTryCompileExec1835132633.LinkFileList -v -search_paths_first -headerpad_max_install_names -dependency_info /Users/elliotfiske/471/FINAL/one_last_time/CMakeFiles/CMakeTmp/CMAKE_TRY_COMPILE.build/Debug/cmTryCompileExec1835132633.build/Objects-normal/x86_64/cmTryCompileExec1835132633_dependency_info.dat -lc++ -lSystem /Applications/Xcode.app/Contents/Developer/Toolchains/XcodeDefault.xctoolchain/usr/bin/../lib/clang/6.0/lib/darwin/libclang_rt.osx.a ]
    arg [/Applications/Xcode.app/Contents/Developer/Toolchains/XcodeDefault.xctoolchain/usr/bin/ld] ==> ignore
    arg [-demangle] ==> ignore
    arg [-dynamic] ==> ignore
    arg [-arch] ==> ignore
    arg [x86_64] ==> ignore
    arg [-macosx_version_min] ==> ignore
    arg [10.10.0] ==> ignore
    arg [-syslibroot] ==> ignore
    arg [/Applications/Xcode.app/Contents/Developer/Platforms/MacOSX.platform/Developer/SDKs/MacOSX10.10.sdk] ==> ignore
    arg [-o] ==> ignore
    arg [/Users/elliotfiske/471/FINAL/one_last_time/CMakeFiles/CMakeTmp/Debug/cmTryCompileExec1835132633] ==> ignore
    arg [-filelist] ==> ignore
    arg [/Users/elliotfiske/471/FINAL/one_last_time/CMakeFiles/CMakeTmp/CMAKE_TRY_COMPILE.build/Debug/cmTryCompileExec1835132633.build/Objects-normal/x86_64/cmTryCompileExec1835132633.LinkFileList] ==> ignore
    arg [-v] ==> ignore
    arg [-search_paths_first] ==> ignore
    arg [-headerpad_max_install_names] ==> ignore
    arg [-dependency_info] ==> ignore
    arg [/Users/elliotfiske/471/FINAL/one_last_time/CMakeFiles/CMakeTmp/CMAKE_TRY_COMPILE.build/Debug/cmTryCompileExec1835132633.build/Objects-normal/x86_64/cmTryCompileExec1835132633_dependency_info.dat] ==> ignore
    arg [-lc++] ==> lib [c++]
    arg [-lSystem] ==> lib [System]
    arg [/Applications/Xcode.app/Contents/Developer/Toolchains/XcodeDefault.xctoolchain/usr/bin/../lib/clang/6.0/lib/darwin/libclang_rt.osx.a] ==> lib [/Applications/Xcode.app/Contents/Developer/Toolchains/XcodeDefault.xctoolchain/usr/bin/../lib/clang/6.0/lib/darwin/libclang_rt.osx.a]
  Library search paths: [;/Users/elliotfiske/471/FINAL/one_last_time/CMakeFiles/CMakeTmp/Debug;/Applications/Xcode.app/Contents/Developer/Platforms/MacOSX.platform/Developer/SDKs/MacOSX10.10.sdk/usr/lib]
  Framework search paths: [;/Users/elliotfiske/471/FINAL/one_last_time/CMakeFiles/CMakeTmp/Debug;/Applications/Xcode.app/Contents/Developer/Platforms/MacOSX.platform/Developer/SDKs/MacOSX10.10.sdk/System/Library/Frameworks/]
  remove lib [System]
  collapse lib [/Applications/Xcode.app/Contents/Developer/Toolchains/XcodeDefault.xctoolchain/usr/bin/../lib/clang/6.0/lib/darwin/libclang_rt.osx.a] ==> [/Applications/Xcode.app/Contents/Developer/Toolchains/XcodeDefault.xctoolchain/usr/lib/clang/6.0/lib/darwin/libclang_rt.osx.a]
  collapse library dir [/Users/elliotfiske/471/FINAL/one_last_time/CMakeFiles/CMakeTmp/Debug] ==> [/Users/elliotfiske/471/FINAL/one_last_time/CMakeFiles/CMakeTmp/Debug], skipping non-system directory
  collapse library dir [/Applications/Xcode.app/Contents/Developer/Platforms/MacOSX.platform/Developer/SDKs/MacOSX10.10.sdk/usr/lib] ==> [/Applications/Xcode.app/Contents/Developer/Platforms/MacOSX.platform/Developer/SDKs/MacOSX10.10.sdk/usr/lib]
  collapse framework dir [/Users/elliotfiske/471/FINAL/one_last_time/CMakeFiles/CMakeTmp/Debug] ==> [/Users/elliotfiske/471/FINAL/one_last_time/CMakeFiles/CMakeTmp/Debug], skipping non-system directory
  collapse framework dir [/Applications/Xcode.app/Contents/Developer/Platforms/MacOSX.platform/Developer/SDKs/MacOSX10.10.sdk/System/Library/Frameworks/] ==> [/Applications/Xcode.app/Contents/Developer/Platforms/MacOSX.platform/Developer/SDKs/MacOSX10.10.sdk/System/Library/Frameworks]
  implicit libs: [c++;/Applications/Xcode.app/Contents/Developer/Toolchains/XcodeDefault.xctoolchain/usr/lib/clang/6.0/lib/darwin/libclang_rt.osx.a]
  implicit dirs: [/Applications/Xcode.app/Contents/Developer/Platforms/MacOSX.platform/Developer/SDKs/MacOSX10.10.sdk/usr/lib]
  implicit fwks: [/Applications/Xcode.app/Contents/Developer/Platforms/MacOSX.platform/Developer/SDKs/MacOSX10.10.sdk/System/Library/Frameworks]


Determining if files pthread.h exist passed with the following output:
Change Dir: /Users/elliotfiske/471/FINAL/one_last_time/CMakeFiles/CMakeTmp

Run Build Command:"/Applications/CMake.app/Contents/bin/cmakexbuild" "-project" "CMAKE_TRY_COMPILE.xcodeproj" "build" "-target" "cmTryCompileExec454582843" "-configuration" "Debug"
=== BUILD TARGET cmTryCompileExec454582843 OF PROJECT CMAKE_TRY_COMPILE WITH CONFIGURATION Debug ===

Check dependencies

Write auxiliary files
/bin/mkdir -p /Users/elliotfiske/471/FINAL/one_last_time/CMakeFiles/CMakeTmp/CMAKE_TRY_COMPILE.build/Debug/cmTryCompileExec454582843.build/Objects-normal/x86_64
write-file /Users/elliotfiske/471/FINAL/one_last_time/CMakeFiles/CMakeTmp/CMAKE_TRY_COMPILE.build/Debug/cmTryCompileExec454582843.build/Objects-normal/x86_64/cmTryCompileExec454582843.LinkFileList

CompileC CMAKE_TRY_COMPILE.build/Debug/cmTryCompileExec454582843.build/Objects-normal/x86_64/CheckIncludeFiles.o CheckIncludeFiles.c normal x86_64 c com.apple.compilers.llvm.clang.1_0.compiler
    cd /Users/elliotfiske/471/FINAL/one_last_time/CMakeFiles/CMakeTmp
    export LANG=en_US.US-ASCII
    /Applications/Xcode.app/Contents/Developer/Toolchains/XcodeDefault.xctoolchain/usr/bin/clang -x c -arch x86_64 -fmessage-length=0 -fdiagnostics-show-note-include-stack -fmacro-backtrace-limit=0 -Wno-trigraphs -fpascal-strings -O0 -Wno-missing-field-initializers -Wno-missing-prototypes -Wno-return-type -Wno-missing-braces -Wparentheses -Wswitch -Wno-unused-function -Wno-unused-label -Wno-unused-parameter -Wno-unused-variable -Wunused-value -Wno-empty-body -Wno-uninitialized -Wno-unknown-pragmas -Wno-shadow -Wno-four-char-constants -Wno-conversion -Wno-constant-conversion -Wno-int-conversion -Wno-bool-conversion -Wno-enum-conversion -Wno-shorten-64-to-32 -Wpointer-sign -Wno-newline-eof -DCMAKE_INTDIR=\"Debug\" -isysroot /Applications/Xcode.app/Contents/Developer/Platforms/MacOSX.platform/Developer/SDKs/MacOSX10.10.sdk -fasm-blocks -fstrict-aliasing -Wdeprecated-declarations -mmacosx-version-min=10.10 -g -Wno-sign-conversion -I/Users/elliotfiske/471/FINAL/one_last_time/CMakeFiles/CMakeTmp/Debug/include -I/Applications/Xcode.app/Contents/Developer/Toolchains/XcodeDefault.xctoolchain/usr/include -I/Users/elliotfiske/471/FINAL/one_last_time/CMakeFiles/CMakeTmp/CMAKE_TRY_COMPILE.build/Debug/cmTryCompileExec454582843.build/DerivedSources/x86_64 -I/Users/elliotfiske/471/FINAL/one_last_time/CMakeFiles/CMakeTmp/CMAKE_TRY_COMPILE.build/Debug/cmTryCompileExec454582843.build/DerivedSources -Wmost -Wno-four-char-constants -Wno-unknown-pragmas -F/Users/elliotfiske/471/FINAL/one_last_time/CMakeFiles/CMakeTmp/Debug -MMD -MT dependencies -MF /Users/elliotfiske/471/FINAL/one_last_time/CMakeFiles/CMakeTmp/CMAKE_TRY_COMPILE.build/Debug/cmTryCompileExec454582843.build/Objects-normal/x86_64/CheckIncludeFiles.d --serialize-diagnostics /Users/elliotfiske/471/FINAL/one_last_time/CMakeFiles/CMakeTmp/CMAKE_TRY_COMPILE.build/Debug/cmTryCompileExec454582843.build/Objects-normal/x86_64/CheckIncludeFiles.dia -c /Users/elliotfiske/471/FINAL/one_last_time/CMakeFiles/CMakeTmp/CheckIncludeFiles.c -o /Users/elliotfiske/471/FINAL/one_last_time/CMakeFiles/CMakeTmp/CMAKE_TRY_COMPILE.build/Debug/cmTryCompileExec454582843.build/Objects-normal/x86_64/CheckIncludeFiles.o

Ld Debug/cmTryCompileExec454582843 normal x86_64
    cd /Users/elliotfiske/471/FINAL/one_last_time/CMakeFiles/CMakeTmp
    export MACOSX_DEPLOYMENT_TARGET=10.10
    /Applications/Xcode.app/Contents/Developer/Toolchains/XcodeDefault.xctoolchain/usr/bin/clang -arch x86_64 -isysroot /Applications/Xcode.app/Contents/Developer/Platforms/MacOSX.platform/Developer/SDKs/MacOSX10.10.sdk -L/Users/elliotfiske/471/FINAL/one_last_time/CMakeFiles/CMakeTmp/Debug -F/Users/elliotfiske/471/FINAL/one_last_time/CMakeFiles/CMakeTmp/Debug -filelist /Users/elliotfiske/471/FINAL/one_last_time/CMakeFiles/CMakeTmp/CMAKE_TRY_COMPILE.build/Debug/cmTryCompileExec454582843.build/Objects-normal/x86_64/cmTryCompileExec454582843.LinkFileList -mmacosx-version-min=10.10 -Wl,-search_paths_first -Wl,-headerpad_max_install_names -Xlinker -dependency_info -Xlinker /Users/elliotfiske/471/FINAL/one_last_time/CMakeFiles/CMakeTmp/CMAKE_TRY_COMPILE.build/Debug/cmTryCompileExec454582843.build/Objects-normal/x86_64/cmTryCompileExec454582843_dependency_info.dat -o /Users/elliotfiske/471/FINAL/one_last_time/CMakeFiles/CMakeTmp/Debug/cmTryCompileExec454582843

** BUILD SUCCEEDED **



Determining if the pthread_create exist passed with the following output:
Change Dir: /Users/elliotfiske/471/FINAL/one_last_time/CMakeFiles/CMakeTmp

Run Build Command:"/Applications/CMake.app/Contents/bin/cmakexbuild" "-project" "CMAKE_TRY_COMPILE.xcodeproj" "build" "-target" "cmTryCompileExec1656394856" "-configuration" "Debug"
=== BUILD TARGET cmTryCompileExec1656394856 OF PROJECT CMAKE_TRY_COMPILE WITH CONFIGURATION Debug ===

Check dependencies

Write auxiliary files
/bin/mkdir -p /Users/elliotfiske/471/FINAL/one_last_time/CMakeFiles/CMakeTmp/CMAKE_TRY_COMPILE.build/Debug/cmTryCompileExec1656394856.build/Objects-normal/x86_64
write-file /Users/elliotfiske/471/FINAL/one_last_time/CMakeFiles/CMakeTmp/CMAKE_TRY_COMPILE.build/Debug/cmTryCompileExec1656394856.build/Objects-normal/x86_64/cmTryCompileExec1656394856.LinkFileList

CompileC CMAKE_TRY_COMPILE.build/Debug/cmTryCompileExec1656394856.build/Objects-normal/x86_64/CheckSymbolExists.o CheckSymbolExists.c normal x86_64 c com.apple.compilers.llvm.clang.1_0.compiler
    cd /Users/elliotfiske/471/FINAL/one_last_time/CMakeFiles/CMakeTmp
    export LANG=en_US.US-ASCII
    /Applications/Xcode.app/Contents/Developer/Toolchains/XcodeDefault.xctoolchain/usr/bin/clang -x c -arch x86_64 -fmessage-length=0 -fdiagnostics-show-note-include-stack -fmacro-backtrace-limit=0 -Wno-trigraphs -fpascal-strings -O0 -Wno-missing-field-initializers -Wno-missing-prototypes -Wno-return-type -Wno-missing-braces -Wparentheses -Wswitch -Wno-unused-function -Wno-unused-label -Wno-unused-parameter -Wno-unused-variable -Wunused-value -Wno-empty-body -Wno-uninitialized -Wno-unknown-pragmas -Wno-shadow -Wno-four-char-constants -Wno-conversion -Wno-constant-conversion -Wno-int-conversion -Wno-bool-conversion -Wno-enum-conversion -Wno-shorten-64-to-32 -Wpointer-sign -Wno-newline-eof -DCMAKE_INTDIR=\"Debug\" -isysroot /Applications/Xcode.app/Contents/Developer/Platforms/MacOSX.platform/Developer/SDKs/MacOSX10.10.sdk -fasm-blocks -fstrict-aliasing -Wdeprecated-declarations -mmacosx-version-min=10.10 -g -Wno-sign-conversion -I/Users/elliotfiske/471/FINAL/one_last_time/CMakeFiles/CMakeTmp/Debug/include -I/Applications/Xcode.app/Contents/Developer/Toolchains/XcodeDefault.xctoolchain/usr/include -I/Users/elliotfiske/471/FINAL/one_last_time/CMakeFiles/CMakeTmp/CMAKE_TRY_COMPILE.build/Debug/cmTryCompileExec1656394856.build/DerivedSources/x86_64 -I/Users/elliotfiske/471/FINAL/one_last_time/CMakeFiles/CMakeTmp/CMAKE_TRY_COMPILE.build/Debug/cmTryCompileExec1656394856.build/DerivedSources -Wmost -Wno-four-char-constants -Wno-unknown-pragmas -F/Users/elliotfiske/471/FINAL/one_last_time/CMakeFiles/CMakeTmp/Debug -MMD -MT dependencies -MF /Users/elliotfiske/471/FINAL/one_last_time/CMakeFiles/CMakeTmp/CMAKE_TRY_COMPILE.build/Debug/cmTryCompileExec1656394856.build/Objects-normal/x86_64/CheckSymbolExists.d --serialize-diagnostics /Users/elliotfiske/471/FINAL/one_last_time/CMakeFiles/CMakeTmp/CMAKE_TRY_COMPILE.build/Debug/cmTryCompileExec1656394856.build/Objects-normal/x86_64/CheckSymbolExists.dia -c /Users/elliotfiske/471/FINAL/one_last_time/CMakeFiles/CMakeTmp/CheckSymbolExists.c -o /Users/elliotfiske/471/FINAL/one_last_time/CMakeFiles/CMakeTmp/CMAKE_TRY_COMPILE.build/Debug/cmTryCompileExec1656394856.build/Objects-normal/x86_64/CheckSymbolExists.o

Ld Debug/cmTryCompileExec1656394856 normal x86_64
    cd /Users/elliotfiske/471/FINAL/one_last_time/CMakeFiles/CMakeTmp
    export MACOSX_DEPLOYMENT_TARGET=10.10
    /Applications/Xcode.app/Contents/Developer/Toolchains/XcodeDefault.xctoolchain/usr/bin/clang -arch x86_64 -isysroot /Applications/Xcode.app/Contents/Developer/Platforms/MacOSX.platform/Developer/SDKs/MacOSX10.10.sdk -L/Users/elliotfiske/471/FINAL/one_last_time/CMakeFiles/CMakeTmp/Debug -F/Users/elliotfiske/471/FINAL/one_last_time/CMakeFiles/CMakeTmp/Debug -filelist /Users/elliotfiske/471/FINAL/one_last_time/CMakeFiles/CMakeTmp/CMAKE_TRY_COMPILE.build/Debug/cmTryCompileExec1656394856.build/Objects-normal/x86_64/cmTryCompileExec1656394856.LinkFileList -mmacosx-version-min=10.10 -Wl,-search_paths_first -Wl,-headerpad_max_install_names -Xlinker -dependency_info -Xlinker /Users/elliotfiske/471/FINAL/one_last_time/CMakeFiles/CMakeTmp/CMAKE_TRY_COMPILE.build/Debug/cmTryCompileExec1656394856.build/Objects-normal/x86_64/cmTryCompileExec1656394856_dependency_info.dat -o /Users/elliotfiske/471/FINAL/one_last_time/CMakeFiles/CMakeTmp/Debug/cmTryCompileExec1656394856

** BUILD SUCCEEDED **


File /Users/elliotfiske/471/FINAL/one_last_time/CMakeFiles/CMakeTmp/CheckSymbolExists.c:
/* */
#include <pthread.h>

int main(int argc, char** argv)
{
  (void)argv;
#ifndef pthread_create
  return ((int*)(&pthread_create))[argc];
#else
  (void)argc;
  return 0;
#endif
}

Determining if the include file sys/types.h exists passed with the following output:
Change Dir: /Users/elliotfiske/471/FINAL/one_last_time/CMakeFiles/CMakeTmp

Run Build Command:"/Applications/CMake.app/Contents/bin/cmakexbuild" "-project" "CMAKE_TRY_COMPILE.xcodeproj" "build" "-target" "cmTryCompileExec2329020027" "-configuration" "Debug"
=== BUILD TARGET cmTryCompileExec2329020027 OF PROJECT CMAKE_TRY_COMPILE WITH CONFIGURATION Debug ===

Check dependencies

Write auxiliary files
/bin/mkdir -p /Users/elliotfiske/471/FINAL/one_last_time/CMakeFiles/CMakeTmp/CMAKE_TRY_COMPILE.build/Debug/cmTryCompileExec2329020027.build/Objects-normal/x86_64
write-file /Users/elliotfiske/471/FINAL/one_last_time/CMakeFiles/CMakeTmp/CMAKE_TRY_COMPILE.build/Debug/cmTryCompileExec2329020027.build/Objects-normal/x86_64/cmTryCompileExec2329020027.LinkFileList

CompileC CMAKE_TRY_COMPILE.build/Debug/cmTryCompileExec2329020027.build/Objects-normal/x86_64/CheckIncludeFile.o CheckIncludeFile.c normal x86_64 c com.apple.compilers.llvm.clang.1_0.compiler
    cd /Users/elliotfiske/471/FINAL/one_last_time/CMakeFiles/CMakeTmp
    export LANG=en_US.US-ASCII
    /Applications/Xcode.app/Contents/Developer/Toolchains/XcodeDefault.xctoolchain/usr/bin/clang -x c -arch x86_64 -fmessage-length=0 -fdiagnostics-show-note-include-stack -fmacro-backtrace-limit=0 -Wno-trigraphs -fpascal-strings -O0 -Wno-missing-field-initializers -Wno-missing-prototypes -Wno-return-type -Wno-missing-braces -Wparentheses -Wswitch -Wno-unused-function -Wno-unused-label -Wno-unused-parameter -Wno-unused-variable -Wunused-value -Wno-empty-body -Wno-uninitialized -Wno-unknown-pragmas -Wno-shadow -Wno-four-char-constants -Wno-conversion -Wno-constant-conversion -Wno-int-conversion -Wno-bool-conversion -Wno-enum-conversion -Wno-shorten-64-to-32 -Wpointer-sign -Wno-newline-eof -DCMAKE_INTDIR=\"Debug\" -isysroot /Applications/Xcode.app/Contents/Developer/Platforms/MacOSX.platform/Developer/SDKs/MacOSX10.10.sdk -fasm-blocks -fstrict-aliasing -Wdeprecated-declarations -mmacosx-version-min=10.10 -g -Wno-sign-conversion -I/Users/elliotfiske/471/FINAL/one_last_time/CMakeFiles/CMakeTmp/Debug/include -I/Applications/Xcode.app/Contents/Developer/Toolchains/XcodeDefault.xctoolchain/usr/include -I/Users/elliotfiske/471/FINAL/one_last_time/CMakeFiles/CMakeTmp/CMAKE_TRY_COMPILE.build/Debug/cmTryCompileExec2329020027.build/DerivedSources/x86_64 -I/Users/elliotfiske/471/FINAL/one_last_time/CMakeFiles/CMakeTmp/CMAKE_TRY_COMPILE.build/Debug/cmTryCompileExec2329020027.build/DerivedSources -Wmost -Wno-four-char-constants -Wno-unknown-pragmas -F/Users/elliotfiske/471/FINAL/one_last_time/CMakeFiles/CMakeTmp/Debug -MMD -MT dependencies -MF /Users/elliotfiske/471/FINAL/one_last_time/CMakeFiles/CMakeTmp/CMAKE_TRY_COMPILE.build/Debug/cmTryCompileExec2329020027.build/Objects-normal/x86_64/CheckIncludeFile.d --serialize-diagnostics /Users/elliotfiske/471/FINAL/one_last_time/CMakeFiles/CMakeTmp/CMAKE_TRY_COMPILE.build/Debug/cmTryCompileExec2329020027.build/Objects-normal/x86_64/CheckIncludeFile.dia -c /Users/elliotfiske/471/FINAL/one_last_time/CMakeFiles/CMakeTmp/CheckIncludeFile.c -o /Users/elliotfiske/471/FINAL/one_last_time/CMakeFiles/CMakeTmp/CMAKE_TRY_COMPILE.build/Debug/cmTryCompileExec2329020027.build/Objects-normal/x86_64/CheckIncludeFile.o

Ld Debug/cmTryCompileExec2329020027 normal x86_64
    cd /Users/elliotfiske/471/FINAL/one_last_time/CMakeFiles/CMakeTmp
    export MACOSX_DEPLOYMENT_TARGET=10.10
    /Applications/Xcode.app/Contents/Developer/Toolchains/XcodeDefault.xctoolchain/usr/bin/clang -arch x86_64 -isysroot /Applications/Xcode.app/Contents/Developer/Platforms/MacOSX.platform/Developer/SDKs/MacOSX10.10.sdk -L/Users/elliotfiske/471/FINAL/one_last_time/CMakeFiles/CMakeTmp/Debug -F/Users/elliotfiske/471/FINAL/one_last_time/CMakeFiles/CMakeTmp/Debug -filelist /Users/elliotfiske/471/FINAL/one_last_time/CMakeFiles/CMakeTmp/CMAKE_TRY_COMPILE.build/Debug/cmTryCompileExec2329020027.build/Objects-normal/x86_64/cmTryCompileExec2329020027.LinkFileList -mmacosx-version-min=10.10 -Wl,-search_paths_first -Wl,-headerpad_max_install_names -Xlinker -dependency_info -Xlinker /Users/elliotfiske/471/FINAL/one_last_time/CMakeFiles/CMakeTmp/CMAKE_TRY_COMPILE.build/Debug/cmTryCompileExec2329020027.build/Objects-normal/x86_64/cmTryCompileExec2329020027_dependency_info.dat -o /Users/elliotfiske/471/FINAL/one_last_time/CMakeFiles/CMakeTmp/Debug/cmTryCompileExec2329020027

** BUILD SUCCEEDED **



Determining if the include file stdint.h exists passed with the following output:
Change Dir: /Users/elliotfiske/471/FINAL/one_last_time/CMakeFiles/CMakeTmp

Run Build Command:"/Applications/CMake.app/Contents/bin/cmakexbuild" "-project" "CMAKE_TRY_COMPILE.xcodeproj" "build" "-target" "cmTryCompileExec2089220559" "-configuration" "Debug"
=== BUILD TARGET cmTryCompileExec2089220559 OF PROJECT CMAKE_TRY_COMPILE WITH CONFIGURATION Debug ===

Check dependencies

Write auxiliary files
/bin/mkdir -p /Users/elliotfiske/471/FINAL/one_last_time/CMakeFiles/CMakeTmp/CMAKE_TRY_COMPILE.build/Debug/cmTryCompileExec2089220559.build/Objects-normal/x86_64
write-file /Users/elliotfiske/471/FINAL/one_last_time/CMakeFiles/CMakeTmp/CMAKE_TRY_COMPILE.build/Debug/cmTryCompileExec2089220559.build/Objects-normal/x86_64/cmTryCompileExec2089220559.LinkFileList

CompileC CMAKE_TRY_COMPILE.build/Debug/cmTryCompileExec2089220559.build/Objects-normal/x86_64/CheckIncludeFile.o CheckIncludeFile.c normal x86_64 c com.apple.compilers.llvm.clang.1_0.compiler
    cd /Users/elliotfiske/471/FINAL/one_last_time/CMakeFiles/CMakeTmp
    export LANG=en_US.US-ASCII
    /Applications/Xcode.app/Contents/Developer/Toolchains/XcodeDefault.xctoolchain/usr/bin/clang -x c -arch x86_64 -fmessage-length=0 -fdiagnostics-show-note-include-stack -fmacro-backtrace-limit=0 -Wno-trigraphs -fpascal-strings -O0 -Wno-missing-field-initializers -Wno-missing-prototypes -Wno-return-type -Wno-missing-braces -Wparentheses -Wswitch -Wno-unused-function -Wno-unused-label -Wno-unused-parameter -Wno-unused-variable -Wunused-value -Wno-empty-body -Wno-uninitialized -Wno-unknown-pragmas -Wno-shadow -Wno-four-char-constants -Wno-conversion -Wno-constant-conversion -Wno-int-conversion -Wno-bool-conversion -Wno-enum-conversion -Wno-shorten-64-to-32 -Wpointer-sign -Wno-newline-eof -DCMAKE_INTDIR=\"Debug\" -isysroot /Applications/Xcode.app/Contents/Developer/Platforms/MacOSX.platform/Developer/SDKs/MacOSX10.10.sdk -fasm-blocks -fstrict-aliasing -Wdeprecated-declarations -mmacosx-version-min=10.10 -g -Wno-sign-conversion -I/Users/elliotfiske/471/FINAL/one_last_time/CMakeFiles/CMakeTmp/Debug/include -I/Applications/Xcode.app/Contents/Developer/Toolchains/XcodeDefault.xctoolchain/usr/include -I/Users/elliotfiske/471/FINAL/one_last_time/CMakeFiles/CMakeTmp/CMAKE_TRY_COMPILE.build/Debug/cmTryCompileExec2089220559.build/DerivedSources/x86_64 -I/Users/elliotfiske/471/FINAL/one_last_time/CMakeFiles/CMakeTmp/CMAKE_TRY_COMPILE.build/Debug/cmTryCompileExec2089220559.build/DerivedSources -Wmost -Wno-four-char-constants -Wno-unknown-pragmas -F/Users/elliotfiske/471/FINAL/one_last_time/CMakeFiles/CMakeTmp/Debug -MMD -MT dependencies -MF /Users/elliotfiske/471/FINAL/one_last_time/CMakeFiles/CMakeTmp/CMAKE_TRY_COMPILE.build/Debug/cmTryCompileExec2089220559.build/Objects-normal/x86_64/CheckIncludeFile.d --serialize-diagnostics /Users/elliotfiske/471/FINAL/one_last_time/CMakeFiles/CMakeTmp/CMAKE_TRY_COMPILE.build/Debug/cmTryCompileExec2089220559.build/Objects-normal/x86_64/CheckIncludeFile.dia -c /Users/elliotfiske/471/FINAL/one_last_time/CMakeFiles/CMakeTmp/CheckIncludeFile.c -o /Users/elliotfiske/471/FINAL/one_last_time/CMakeFiles/CMakeTmp/CMAKE_TRY_COMPILE.build/Debug/cmTryCompileExec2089220559.build/Objects-normal/x86_64/CheckIncludeFile.o

Ld Debug/cmTryCompileExec2089220559 normal x86_64
    cd /Users/elliotfiske/471/FINAL/one_last_time/CMakeFiles/CMakeTmp
    export MACOSX_DEPLOYMENT_TARGET=10.10
    /Applications/Xcode.app/Contents/Developer/Toolchains/XcodeDefault.xctoolchain/usr/bin/clang -arch x86_64 -isysroot /Applications/Xcode.app/Contents/Developer/Platforms/MacOSX.platform/Developer/SDKs/MacOSX10.10.sdk -L/Users/elliotfiske/471/FINAL/one_last_time/CMakeFiles/CMakeTmp/Debug -F/Users/elliotfiske/471/FINAL/one_last_time/CMakeFiles/CMakeTmp/Debug -filelist /Users/elliotfiske/471/FINAL/one_last_time/CMakeFiles/CMakeTmp/CMAKE_TRY_COMPILE.build/Debug/cmTryCompileExec2089220559.build/Objects-normal/x86_64/cmTryCompileExec2089220559.LinkFileList -mmacosx-version-min=10.10 -Wl,-search_paths_first -Wl,-headerpad_max_install_names -Xlinker -dependency_info -Xlinker /Users/elliotfiske/471/FINAL/one_last_time/CMakeFiles/CMakeTmp/CMAKE_TRY_COMPILE.build/Debug/cmTryCompileExec2089220559.build/Objects-normal/x86_64/cmTryCompileExec2089220559_dependency_info.dat -o /Users/elliotfiske/471/FINAL/one_last_time/CMakeFiles/CMakeTmp/Debug/cmTryCompileExec2089220559

** BUILD SUCCEEDED **



Determining if the include file stddef.h exists passed with the following output:
Change Dir: /Users/elliotfiske/471/FINAL/one_last_time/CMakeFiles/CMakeTmp

Run Build Command:"/Applications/CMake.app/Contents/bin/cmakexbuild" "-project" "CMAKE_TRY_COMPILE.xcodeproj" "build" "-target" "cmTryCompileExec1660001998" "-configuration" "Debug"
=== BUILD TARGET cmTryCompileExec1660001998 OF PROJECT CMAKE_TRY_COMPILE WITH CONFIGURATION Debug ===

Check dependencies

Write auxiliary files
/bin/mkdir -p /Users/elliotfiske/471/FINAL/one_last_time/CMakeFiles/CMakeTmp/CMAKE_TRY_COMPILE.build/Debug/cmTryCompileExec1660001998.build/Objects-normal/x86_64
write-file /Users/elliotfiske/471/FINAL/one_last_time/CMakeFiles/CMakeTmp/CMAKE_TRY_COMPILE.build/Debug/cmTryCompileExec1660001998.build/Objects-normal/x86_64/cmTryCompileExec1660001998.LinkFileList

CompileC CMAKE_TRY_COMPILE.build/Debug/cmTryCompileExec1660001998.build/Objects-normal/x86_64/CheckIncludeFile.o CheckIncludeFile.c normal x86_64 c com.apple.compilers.llvm.clang.1_0.compiler
    cd /Users/elliotfiske/471/FINAL/one_last_time/CMakeFiles/CMakeTmp
    export LANG=en_US.US-ASCII
    /Applications/Xcode.app/Contents/Developer/Toolchains/XcodeDefault.xctoolchain/usr/bin/clang -x c -arch x86_64 -fmessage-length=0 -fdiagnostics-show-note-include-stack -fmacro-backtrace-limit=0 -Wno-trigraphs -fpascal-strings -O0 -Wno-missing-field-initializers -Wno-missing-prototypes -Wno-return-type -Wno-missing-braces -Wparentheses -Wswitch -Wno-unused-function -Wno-unused-label -Wno-unused-parameter -Wno-unused-variable -Wunused-value -Wno-empty-body -Wno-uninitialized -Wno-unknown-pragmas -Wno-shadow -Wno-four-char-constants -Wno-conversion -Wno-constant-conversion -Wno-int-conversion -Wno-bool-conversion -Wno-enum-conversion -Wno-shorten-64-to-32 -Wpointer-sign -Wno-newline-eof -DCMAKE_INTDIR=\"Debug\" -isysroot /Applications/Xcode.app/Contents/Developer/Platforms/MacOSX.platform/Developer/SDKs/MacOSX10.10.sdk -fasm-blocks -fstrict-aliasing -Wdeprecated-declarations -mmacosx-version-min=10.10 -g -Wno-sign-conversion -I/Users/elliotfiske/471/FINAL/one_last_time/CMakeFiles/CMakeTmp/Debug/include -I/Applications/Xcode.app/Contents/Developer/Toolchains/XcodeDefault.xctoolchain/usr/include -I/Users/elliotfiske/471/FINAL/one_last_time/CMakeFiles/CMakeTmp/CMAKE_TRY_COMPILE.build/Debug/cmTryCompileExec1660001998.build/DerivedSources/x86_64 -I/Users/elliotfiske/471/FINAL/one_last_time/CMakeFiles/CMakeTmp/CMAKE_TRY_COMPILE.build/Debug/cmTryCompileExec1660001998.build/DerivedSources -Wmost -Wno-four-char-constants -Wno-unknown-pragmas -F/Users/elliotfiske/471/FINAL/one_last_time/CMakeFiles/CMakeTmp/Debug -MMD -MT dependencies -MF /Users/elliotfiske/471/FINAL/one_last_time/CMakeFiles/CMakeTmp/CMAKE_TRY_COMPILE.build/Debug/cmTryCompileExec1660001998.build/Objects-normal/x86_64/CheckIncludeFile.d --serialize-diagnostics /Users/elliotfiske/471/FINAL/one_last_time/CMakeFiles/CMakeTmp/CMAKE_TRY_COMPILE.build/Debug/cmTryCompileExec1660001998.build/Objects-normal/x86_64/CheckIncludeFile.dia -c /Users/elliotfiske/471/FINAL/one_last_time/CMakeFiles/CMakeTmp/CheckIncludeFile.c -o /Users/elliotfiske/471/FINAL/one_last_time/CMakeFiles/CMakeTmp/CMAKE_TRY_COMPILE.build/Debug/cmTryCompileExec1660001998.build/Objects-normal/x86_64/CheckIncludeFile.o

Ld Debug/cmTryCompileExec1660001998 normal x86_64
    cd /Users/elliotfiske/471/FINAL/one_last_time/CMakeFiles/CMakeTmp
    export MACOSX_DEPLOYMENT_TARGET=10.10
    /Applications/Xcode.app/Contents/Developer/Toolchains/XcodeDefault.xctoolchain/usr/bin/clang -arch x86_64 -isysroot /Applications/Xcode.app/Contents/Developer/Platforms/MacOSX.platform/Developer/SDKs/MacOSX10.10.sdk -L/Users/elliotfiske/471/FINAL/one_last_time/CMakeFiles/CMakeTmp/Debug -F/Users/elliotfiske/471/FINAL/one_last_time/CMakeFiles/CMakeTmp/Debug -filelist /Users/elliotfiske/471/FINAL/one_last_time/CMakeFiles/CMakeTmp/CMAKE_TRY_COMPILE.build/Debug/cmTryCompileExec1660001998.build/Objects-normal/x86_64/cmTryCompileExec1660001998.LinkFileList -mmacosx-version-min=10.10 -Wl,-search_paths_first -Wl,-headerpad_max_install_names -Xlinker -dependency_info -Xlinker /Users/elliotfiske/471/FINAL/one_last_time/CMakeFiles/CMakeTmp/CMAKE_TRY_COMPILE.build/Debug/cmTryCompileExec1660001998.build/Objects-normal/x86_64/cmTryCompileExec1660001998_dependency_info.dat -o /Users/elliotfiske/471/FINAL/one_last_time/CMakeFiles/CMakeTmp/Debug/cmTryCompileExec1660001998

** BUILD SUCCEEDED **



Determining if the function fseeko exists passed with the following output:
Change Dir: /Users/elliotfiske/471/FINAL/one_last_time/CMakeFiles/CMakeTmp

Run Build Command:"/Applications/CMake.app/Contents/bin/cmakexbuild" "-project" "CMAKE_TRY_COMPILE.xcodeproj" "build" "-target" "cmTryCompileExec799643880" "-configuration" "Debug"
=== BUILD TARGET cmTryCompileExec799643880 OF PROJECT CMAKE_TRY_COMPILE WITH CONFIGURATION Debug ===

Check dependencies

Write auxiliary files
/bin/mkdir -p /Users/elliotfiske/471/FINAL/one_last_time/CMakeFiles/CMakeTmp/CMAKE_TRY_COMPILE.build/Debug/cmTryCompileExec799643880.build/Objects-normal/x86_64
write-file /Users/elliotfiske/471/FINAL/one_last_time/CMakeFiles/CMakeTmp/CMAKE_TRY_COMPILE.build/Debug/cmTryCompileExec799643880.build/Objects-normal/x86_64/cmTryCompileExec799643880.LinkFileList

CompileC CMAKE_TRY_COMPILE.build/Debug/cmTryCompileExec799643880.build/Objects-normal/x86_64/CheckFunctionExists.o /Applications/CMake.app/Contents/share/cmake-3.1/Modules/CheckFunctionExists.c normal x86_64 c com.apple.compilers.llvm.clang.1_0.compiler
    cd /Users/elliotfiske/471/FINAL/one_last_time/CMakeFiles/CMakeTmp
    export LANG=en_US.US-ASCII
    /Applications/Xcode.app/Contents/Developer/Toolchains/XcodeDefault.xctoolchain/usr/bin/clang -x c -arch x86_64 -fmessage-length=0 -fdiagnostics-show-note-include-stack -fmacro-backtrace-limit=0 -Wno-trigraphs -fpascal-strings -O0 -Wno-missing-field-initializers -Wno-missing-prototypes -Wno-return-type -Wno-missing-braces -Wparentheses -Wswitch -Wno-unused-function -Wno-unused-label -Wno-unused-parameter -Wno-unused-variable -Wunused-value -Wno-empty-body -Wno-uninitialized -Wno-unknown-pragmas -Wno-shadow -Wno-four-char-constants -Wno-conversion -Wno-constant-conversion -Wno-int-conversion -Wno-bool-conversion -Wno-enum-conversion -Wno-shorten-64-to-32 -Wpointer-sign -Wno-newline-eof -DCMAKE_INTDIR=\"Debug\" -isysroot /Applications/Xcode.app/Contents/Developer/Platforms/MacOSX.platform/Developer/SDKs/MacOSX10.10.sdk -fasm-blocks -fstrict-aliasing -Wdeprecated-declarations -mmacosx-version-min=10.10 -g -Wno-sign-conversion -I/Users/elliotfiske/471/FINAL/one_last_time/CMakeFiles/CMakeTmp/Debug/include -I/Applications/Xcode.app/Contents/Developer/Toolchains/XcodeDefault.xctoolchain/usr/include -I/Users/elliotfiske/471/FINAL/one_last_time/CMakeFiles/CMakeTmp/CMAKE_TRY_COMPILE.build/Debug/cmTryCompileExec799643880.build/DerivedSources/x86_64 -I/Users/elliotfiske/471/FINAL/one_last_time/CMakeFiles/CMakeTmp/CMAKE_TRY_COMPILE.build/Debug/cmTryCompileExec799643880.build/DerivedSources -Wmost -Wno-four-char-constants -Wno-unknown-pragmas -F/Users/elliotfiske/471/FINAL/one_last_time/CMakeFiles/CMakeTmp/Debug -DCHECK_FUNCTION_EXISTS=fseeko -MMD -MT dependencies -MF /Users/elliotfiske/471/FINAL/one_last_time/CMakeFiles/CMakeTmp/CMAKE_TRY_COMPILE.build/Debug/cmTryCompileExec799643880.build/Objects-normal/x86_64/CheckFunctionExists.d --serialize-diagnostics /Users/elliotfiske/471/FINAL/one_last_time/CMakeFiles/CMakeTmp/CMAKE_TRY_COMPILE.build/Debug/cmTryCompileExec799643880.build/Objects-normal/x86_64/CheckFunctionExists.dia -c /Applications/CMake.app/Contents/share/cmake-3.1/Modules/CheckFunctionExists.c -o /Users/elliotfiske/471/FINAL/one_last_time/CMakeFiles/CMakeTmp/CMAKE_TRY_COMPILE.build/Debug/cmTryCompileExec799643880.build/Objects-normal/x86_64/CheckFunctionExists.o

Ld Debug/cmTryCompileExec799643880 normal x86_64
    cd /Users/elliotfiske/471/FINAL/one_last_time/CMakeFiles/CMakeTmp
    export MACOSX_DEPLOYMENT_TARGET=10.10
    /Applications/Xcode.app/Contents/Developer/Toolchains/XcodeDefault.xctoolchain/usr/bin/clang -arch x86_64 -isysroot /Applications/Xcode.app/Contents/Developer/Platforms/MacOSX.platform/Developer/SDKs/MacOSX10.10.sdk -L/Users/elliotfiske/471/FINAL/one_last_time/CMakeFiles/CMakeTmp/Debug -F/Users/elliotfiske/471/FINAL/one_last_time/CMakeFiles/CMakeTmp/Debug -filelist /Users/elliotfiske/471/FINAL/one_last_time/CMakeFiles/CMakeTmp/CMAKE_TRY_COMPILE.build/Debug/cmTryCompileExec799643880.build/Objects-normal/x86_64/cmTryCompileExec799643880.LinkFileList -mmacosx-version-min=10.10 -Wl,-search_paths_first -Wl,-headerpad_max_install_names -Xlinker -dependency_info -Xlinker /Users/elliotfiske/471/FINAL/one_last_time/CMakeFiles/CMakeTmp/CMAKE_TRY_COMPILE.build/Debug/cmTryCompileExec799643880.build/Objects-normal/x86_64/cmTryCompileExec799643880_dependency_info.dat -o /Users/elliotfiske/471/FINAL/one_last_time/CMakeFiles/CMakeTmp/Debug/cmTryCompileExec799643880

** BUILD SUCCEEDED **



Determining if the include file unistd.h exists passed with the following output:
Change Dir: /Users/elliotfiske/471/FINAL/one_last_time/CMakeFiles/CMakeTmp

Run Build Command:"/Applications/CMake.app/Contents/bin/cmakexbuild" "-project" "CMAKE_TRY_COMPILE.xcodeproj" "build" "-target" "cmTryCompileExec534940183" "-configuration" "Debug"
=== BUILD TARGET cmTryCompileExec534940183 OF PROJECT CMAKE_TRY_COMPILE WITH CONFIGURATION Debug ===

Check dependencies

Write auxiliary files
/bin/mkdir -p /Users/elliotfiske/471/FINAL/one_last_time/CMakeFiles/CMakeTmp/CMAKE_TRY_COMPILE.build/Debug/cmTryCompileExec534940183.build/Objects-normal/x86_64
write-file /Users/elliotfiske/471/FINAL/one_last_time/CMakeFiles/CMakeTmp/CMAKE_TRY_COMPILE.build/Debug/cmTryCompileExec534940183.build/Objects-normal/x86_64/cmTryCompileExec534940183.LinkFileList

CompileC CMAKE_TRY_COMPILE.build/Debug/cmTryCompileExec534940183.build/Objects-normal/x86_64/CheckIncludeFile.o CheckIncludeFile.c normal x86_64 c com.apple.compilers.llvm.clang.1_0.compiler
    cd /Users/elliotfiske/471/FINAL/one_last_time/CMakeFiles/CMakeTmp
    export LANG=en_US.US-ASCII
    /Applications/Xcode.app/Contents/Developer/Toolchains/XcodeDefault.xctoolchain/usr/bin/clang -x c -arch x86_64 -fmessage-length=0 -fdiagnostics-show-note-include-stack -fmacro-backtrace-limit=0 -Wno-trigraphs -fpascal-strings -O0 -Wno-missing-field-initializers -Wno-missing-prototypes -Wno-return-type -Wno-missing-braces -Wparentheses -Wswitch -Wno-unused-function -Wno-unused-label -Wno-unused-parameter -Wno-unused-variable -Wunused-value -Wno-empty-body -Wno-uninitialized -Wno-unknown-pragmas -Wno-shadow -Wno-four-char-constants -Wno-conversion -Wno-constant-conversion -Wno-int-conversion -Wno-bool-conversion -Wno-enum-conversion -Wno-shorten-64-to-32 -Wpointer-sign -Wno-newline-eof -DCMAKE_INTDIR=\"Debug\" -isysroot /Applications/Xcode.app/Contents/Developer/Platforms/MacOSX.platform/Developer/SDKs/MacOSX10.10.sdk -fasm-blocks -fstrict-aliasing -Wdeprecated-declarations -mmacosx-version-min=10.10 -g -Wno-sign-conversion -I/Users/elliotfiske/471/FINAL/one_last_time/CMakeFiles/CMakeTmp/Debug/include -I/Applications/Xcode.app/Contents/Developer/Toolchains/XcodeDefault.xctoolchain/usr/include -I/Users/elliotfiske/471/FINAL/one_last_time/CMakeFiles/CMakeTmp/CMAKE_TRY_COMPILE.build/Debug/cmTryCompileExec534940183.build/DerivedSources/x86_64 -I/Users/elliotfiske/471/FINAL/one_last_time/CMakeFiles/CMakeTmp/CMAKE_TRY_COMPILE.build/Debug/cmTryCompileExec534940183.build/DerivedSources -Wmost -Wno-four-char-constants -Wno-unknown-pragmas -F/Users/elliotfiske/471/FINAL/one_last_time/CMakeFiles/CMakeTmp/Debug -MMD -MT dependencies -MF /Users/elliotfiske/471/FINAL/one_last_time/CMakeFiles/CMakeTmp/CMAKE_TRY_COMPILE.build/Debug/cmTryCompileExec534940183.build/Objects-normal/x86_64/CheckIncludeFile.d --serialize-diagnostics /Users/elliotfiske/471/FINAL/one_last_time/CMakeFiles/CMakeTmp/CMAKE_TRY_COMPILE.build/Debug/cmTryCompileExec534940183.build/Objects-normal/x86_64/CheckIncludeFile.dia -c /Users/elliotfiske/471/FINAL/one_last_time/CMakeFiles/CMakeTmp/CheckIncludeFile.c -o /Users/elliotfiske/471/FINAL/one_last_time/CMakeFiles/CMakeTmp/CMAKE_TRY_COMPILE.build/Debug/cmTryCompileExec534940183.build/Objects-normal/x86_64/CheckIncludeFile.o

Ld Debug/cmTryCompileExec534940183 normal x86_64
    cd /Users/elliotfiske/471/FINAL/one_last_time/CMakeFiles/CMakeTmp
    export MACOSX_DEPLOYMENT_TARGET=10.10
    /Applications/Xcode.app/Contents/Developer/Toolchains/XcodeDefault.xctoolchain/usr/bin/clang -arch x86_64 -isysroot /Applications/Xcode.app/Contents/Developer/Platforms/MacOSX.platform/Developer/SDKs/MacOSX10.10.sdk -L/Users/elliotfiske/471/FINAL/one_last_time/CMakeFiles/CMakeTmp/Debug -F/Users/elliotfiske/471/FINAL/one_last_time/CMakeFiles/CMakeTmp/Debug -filelist /Users/elliotfiske/471/FINAL/one_last_time/CMakeFiles/CMakeTmp/CMAKE_TRY_COMPILE.build/Debug/cmTryCompileExec534940183.build/Objects-normal/x86_64/cmTryCompileExec534940183.LinkFileList -mmacosx-version-min=10.10 -Wl,-search_paths_first -Wl,-headerpad_max_install_names -Xlinker -dependency_info -Xlinker /Users/elliotfiske/471/FINAL/one_last_time/CMakeFiles/CMakeTmp/CMAKE_TRY_COMPILE.build/Debug/cmTryCompileExec534940183.build/Objects-normal/x86_64/cmTryCompileExec534940183_dependency_info.dat -o /Users/elliotfiske/471/FINAL/one_last_time/CMakeFiles/CMakeTmp/Debug/cmTryCompileExec534940183

** BUILD SUCCEEDED **



