The system is: Darwin - 14.0.0 - x86_64
Compiling the C compiler identification source file "CMakeCCompilerId.c" succeeded.
Compiler:  
Build flags: 
Id flags: 

The output was:
0
=== BUILD TARGET CompilerIdC OF PROJECT CompilerIdC WITH THE DEFAULT CONFIGURATION (Debug) ===

Check dependencies

Write auxiliary files
/bin/mkdir -p /Users/elliotfiske/471/Cmake/CMakeFiles/3.1.0/CompilerIdC/CompilerIdC.build/Debug/CompilerIdC.build
write-file /Users/elliotfiske/471/Cmake/CMakeFiles/3.1.0/CompilerIdC/CompilerIdC.build/Debug/CompilerIdC.build/CompilerIdC-all-target-headers.hmap
/bin/mkdir -p /Users/elliotfiske/471/Cmake/CMakeFiles/3.1.0/CompilerIdC/CompilerIdC.build/Debug/CompilerIdC.build/Objects-normal/i386
write-file /Users/elliotfiske/471/Cmake/CMakeFiles/3.1.0/CompilerIdC/CompilerIdC.build/Debug/CompilerIdC.build/Objects-normal/i386/CompilerIdC.LinkFileList
write-file /Users/elliotfiske/471/Cmake/CMakeFiles/3.1.0/CompilerIdC/CompilerIdC.build/Debug/CompilerIdC.build/CompilerIdC-project-headers.hmap
write-file /Users/elliotfiske/471/Cmake/CMakeFiles/3.1.0/CompilerIdC/CompilerIdC.build/Debug/CompilerIdC.build/Script-2C8FEB8E15DC1A1A00E56A5D.sh
chmod 0755 /Users/elliotfiske/471/Cmake/CMakeFiles/3.1.0/CompilerIdC/CompilerIdC.build/Debug/CompilerIdC.build/Script-2C8FEB8E15DC1A1A00E56A5D.sh
write-file /Users/elliotfiske/471/Cmake/CMakeFiles/3.1.0/CompilerIdC/CompilerIdC.build/Debug/CompilerIdC.build/CompilerIdC-own-target-headers.hmap
write-file /Users/elliotfiske/471/Cmake/CMakeFiles/3.1.0/CompilerIdC/CompilerIdC.build/Debug/CompilerIdC.build/CompilerIdC-generated-files.hmap
write-file /Users/elliotfiske/471/Cmake/CMakeFiles/3.1.0/CompilerIdC/CompilerIdC.build/Debug/CompilerIdC.build/CompilerIdC-all-non-framework-target-headers.hmap
write-file /Users/elliotfiske/471/Cmake/CMakeFiles/3.1.0/CompilerIdC/CompilerIdC.build/Debug/CompilerIdC.build/CompilerIdC.hmap

CompileC CompilerIdC.build/Debug/CompilerIdC.build/Objects-normal/i386/CMakeCCompilerId.o CMakeCCompilerId.c normal i386 c com.apple.compilers.llvm.clang.1_0.compiler
    cd /Users/elliotfiske/471/Cmake/CMakeFiles/3.1.0/CompilerIdC
    export LANG=en_US.US-ASCII
    /Applications/Xcode.app/Contents/Developer/Toolchains/XcodeDefault.xctoolchain/usr/bin/clang -x c -arch i386 -fmessage-length=0 -fdiagnostics-show-note-include-stack -fmacro-backtrace-limit=0 -Wno-trigraphs -fpascal-strings -Os -Wno-missing-field-initializers -Wno-missing-prototypes -Wno-return-type -Wno-missing-braces -Wparentheses -Wswitch -Wno-unused-function -Wno-unused-label -Wno-unused-parameter -Wno-unused-variable -Wunused-value -Wno-empty-body -Wno-uninitialized -Wno-unknown-pragmas -Wno-shadow -Wno-four-char-constants -Wno-conversion -Wno-constant-conversion -Wno-int-conversion -Wno-bool-conversion -Wno-enum-conversion -Wno-shorten-64-to-32 -Wpointer-sign -Wno-newline-eof -isysroot /Applications/Xcode.app/Contents/Developer/Platforms/MacOSX.platform/Developer/SDKs/MacOSX10.10.sdk -fasm-blocks -fstrict-aliasing -Wdeprecated-declarations -mmacosx-version-min=10.10 -g -fvisibility=hidden -Wno-sign-conversion -I/Users/elliotfiske/471/Cmake/CMakeFiles/3.1.0/CompilerIdC/CompilerIdC.build/Debug/CompilerIdC.build/CompilerIdC.hmap -I/Users/elliotfiske/471/Cmake/CMakeFiles/3.1.0/CompilerIdC/include -I/Applications/Xcode.app/Contents/Developer/Toolchains/XcodeDefault.xctoolchain/usr/include -I/Users/elliotfiske/471/Cmake/CMakeFiles/3.1.0/CompilerIdC/CompilerIdC.build/Debug/CompilerIdC.build/DerivedSources/i386 -I/Users/elliotfiske/471/Cmake/CMakeFiles/3.1.0/CompilerIdC/CompilerIdC.build/Debug/CompilerIdC.build/DerivedSources -F/Users/elliotfiske/471/Cmake/CMakeFiles/3.1.0/CompilerIdC -MMD -MT dependencies -MF /Users/elliotfiske/471/Cmake/CMakeFiles/3.1.0/CompilerIdC/CompilerIdC.build/Debug/CompilerIdC.build/Objects-normal/i386/CMakeCCompilerId.d --serialize-diagnostics /Users/elliotfiske/471/Cmake/CMakeFiles/3.1.0/CompilerIdC/CompilerIdC.build/Debug/CompilerIdC.build/Objects-normal/i386/CMakeCCompilerId.dia -c /Users/elliotfiske/471/Cmake/CMakeFiles/3.1.0/CompilerIdC/CMakeCCompilerId.c -o /Users/elliotfiske/471/Cmake/CMakeFiles/3.1.0/CompilerIdC/CompilerIdC.build/Debug/CompilerIdC.build/Objects-normal/i386/CMakeCCompilerId.o

Ld CompilerIdC normal i386
    cd /Users/elliotfiske/471/Cmake/CMakeFiles/3.1.0/CompilerIdC
    export MACOSX_DEPLOYMENT_TARGET=10.10
    /Applications/Xcode.app/Contents/Developer/Toolchains/XcodeDefault.xctoolchain/usr/bin/clang -arch i386 -isysroot /Applications/Xcode.app/Contents/Developer/Platforms/MacOSX.platform/Developer/SDKs/MacOSX10.10.sdk -L/Users/elliotfiske/471/Cmake/CMakeFiles/3.1.0/CompilerIdC -F/Users/elliotfiske/471/Cmake/CMakeFiles/3.1.0/CompilerIdC -filelist /Users/elliotfiske/471/Cmake/CMakeFiles/3.1.0/CompilerIdC/CompilerIdC.build/Debug/CompilerIdC.build/Objects-normal/i386/CompilerIdC.LinkFileList -mmacosx-version-min=10.10 -Xlinker -dependency_info -Xlinker /Users/elliotfiske/471/Cmake/CMakeFiles/3.1.0/CompilerIdC/CompilerIdC.build/Debug/CompilerIdC.build/Objects-normal/i386/CompilerIdC_dependency_info.dat -o /Users/elliotfiske/471/Cmake/CMakeFiles/3.1.0/CompilerIdC/CompilerIdC

PhaseScriptExecution Run\ Script CompilerIdC.build/Debug/CompilerIdC.build/Script-2C8FEB8E15DC1A1A00E56A5D.sh
    cd /Users/elliotfiske/471/Cmake/CMakeFiles/3.1.0/CompilerIdC
    /bin/sh -c /Users/elliotfiske/471/Cmake/CMakeFiles/3.1.0/CompilerIdC/CompilerIdC.build/Debug/CompilerIdC.build/Script-2C8FEB8E15DC1A1A00E56A5D.sh
GCC_VERSION=com.apple.compilers.llvm.clang.1_0

** BUILD SUCCEEDED **



Compilation of the C compiler identification source "CMakeCCompilerId.c" produced "CompilerIdC"

The C compiler identification is AppleClang, found in "/Users/elliotfiske/471/Cmake/CMakeFiles/3.1.0/CompilerIdC/CompilerIdC"

Compiling the CXX compiler identification source file "CMakeCXXCompilerId.cpp" succeeded.
Compiler:  
Build flags: 
Id flags: 

The output was:
0
=== BUILD TARGET CompilerIdCXX OF PROJECT CompilerIdCXX WITH THE DEFAULT CONFIGURATION (Debug) ===

Check dependencies

Write auxiliary files
/bin/mkdir -p /Users/elliotfiske/471/Cmake/CMakeFiles/3.1.0/CompilerIdCXX/CompilerIdCXX.build/Debug/CompilerIdCXX.build
write-file /Users/elliotfiske/471/Cmake/CMakeFiles/3.1.0/CompilerIdCXX/CompilerIdCXX.build/Debug/CompilerIdCXX.build/CompilerIdCXX.hmap
write-file /Users/elliotfiske/471/Cmake/CMakeFiles/3.1.0/CompilerIdCXX/CompilerIdCXX.build/Debug/CompilerIdCXX.build/CompilerIdCXX-all-non-framework-target-headers.hmap
write-file /Users/elliotfiske/471/Cmake/CMakeFiles/3.1.0/CompilerIdCXX/CompilerIdCXX.build/Debug/CompilerIdCXX.build/CompilerIdCXX-generated-files.hmap
write-file /Users/elliotfiske/471/Cmake/CMakeFiles/3.1.0/CompilerIdCXX/CompilerIdCXX.build/Debug/CompilerIdCXX.build/CompilerIdCXX-all-target-headers.hmap
/bin/mkdir -p /Users/elliotfiske/471/Cmake/CMakeFiles/3.1.0/CompilerIdCXX/CompilerIdCXX.build/Debug/CompilerIdCXX.build/Objects-normal/i386
write-file /Users/elliotfiske/471/Cmake/CMakeFiles/3.1.0/CompilerIdCXX/CompilerIdCXX.build/Debug/CompilerIdCXX.build/Objects-normal/i386/CompilerIdCXX.LinkFileList
write-file /Users/elliotfiske/471/Cmake/CMakeFiles/3.1.0/CompilerIdCXX/CompilerIdCXX.build/Debug/CompilerIdCXX.build/Script-2C8FEB8E15DC1A1A00E56A5D.sh
chmod 0755 /Users/elliotfiske/471/Cmake/CMakeFiles/3.1.0/CompilerIdCXX/CompilerIdCXX.build/Debug/CompilerIdCXX.build/Script-2C8FEB8E15DC1A1A00E56A5D.sh
write-file /Users/elliotfiske/471/Cmake/CMakeFiles/3.1.0/CompilerIdCXX/CompilerIdCXX.build/Debug/CompilerIdCXX.build/CompilerIdCXX-own-target-headers.hmap
write-file /Users/elliotfiske/471/Cmake/CMakeFiles/3.1.0/CompilerIdCXX/CompilerIdCXX.build/Debug/CompilerIdCXX.build/CompilerIdCXX-project-headers.hmap

CompileC CompilerIdCXX.build/Debug/CompilerIdCXX.build/Objects-normal/i386/CMakeCXXCompilerId.o CMakeCXXCompilerId.cpp normal i386 c++ com.apple.compilers.llvm.clang.1_0.compiler
    cd /Users/elliotfiske/471/Cmake/CMakeFiles/3.1.0/CompilerIdCXX
    export LANG=en_US.US-ASCII
    /Applications/Xcode.app/Contents/Developer/Toolchains/XcodeDefault.xctoolchain/usr/bin/clang -x c++ -arch i386 -fmessage-length=0 -fdiagnostics-show-note-include-stack -fmacro-backtrace-limit=0 -Wno-trigraphs -fpascal-strings -Os -Wno-missing-field-initializers -Wno-missing-prototypes -Wno-return-type -Wno-non-virtual-dtor -Wno-overloaded-virtual -Wno-exit-time-destructors -Wno-missing-braces -Wparentheses -Wswitch -Wno-unused-function -Wno-unused-label -Wno-unused-parameter -Wno-unused-variable -Wunused-value -Wno-empty-body -Wno-uninitialized -Wno-unknown-pragmas -Wno-shadow -Wno-four-char-constants -Wno-conversion -Wno-constant-conversion -Wno-int-conversion -Wno-bool-conversion -Wno-enum-conversion -Wno-shorten-64-to-32 -Wno-newline-eof -Wno-c++11-extensions -isysroot /Applications/Xcode.app/Contents/Developer/Platforms/MacOSX.platform/Developer/SDKs/MacOSX10.10.sdk -fasm-blocks -fstrict-aliasing -Wdeprecated-declarations -Winvalid-offsetof -mmacosx-version-min=10.10 -g -fvisibility=hidden -fvisibility-inlines-hidden -Wno-sign-conversion -I/Users/elliotfiske/471/Cmake/CMakeFiles/3.1.0/CompilerIdCXX/CompilerIdCXX.build/Debug/CompilerIdCXX.build/CompilerIdCXX.hmap -I/Users/elliotfiske/471/Cmake/CMakeFiles/3.1.0/CompilerIdCXX/include -I/Applications/Xcode.app/Contents/Developer/Toolchains/XcodeDefault.xctoolchain/usr/include -I/Users/elliotfiske/471/Cmake/CMakeFiles/3.1.0/CompilerIdCXX/CompilerIdCXX.build/Debug/CompilerIdCXX.build/DerivedSources/i386 -I/Users/elliotfiske/471/Cmake/CMakeFiles/3.1.0/CompilerIdCXX/CompilerIdCXX.build/Debug/CompilerIdCXX.build/DerivedSources -F/Users/elliotfiske/471/Cmake/CMakeFiles/3.1.0/CompilerIdCXX -MMD -MT dependencies -MF /Users/elliotfiske/471/Cmake/CMakeFiles/3.1.0/CompilerIdCXX/CompilerIdCXX.build/Debug/CompilerIdCXX.build/Objects-normal/i386/CMakeCXXCompilerId.d --serialize-diagnostics /Users/elliotfiske/471/Cmake/CMakeFiles/3.1.0/CompilerIdCXX/CompilerIdCXX.build/Debug/CompilerIdCXX.build/Objects-normal/i386/CMakeCXXCompilerId.dia -c /Users/elliotfiske/471/Cmake/CMakeFiles/3.1.0/CompilerIdCXX/CMakeCXXCompilerId.cpp -o /Users/elliotfiske/471/Cmake/CMakeFiles/3.1.0/CompilerIdCXX/CompilerIdCXX.build/Debug/CompilerIdCXX.build/Objects-normal/i386/CMakeCXXCompilerId.o

Ld CompilerIdCXX normal i386
    cd /Users/elliotfiske/471/Cmake/CMakeFiles/3.1.0/CompilerIdCXX
    export MACOSX_DEPLOYMENT_TARGET=10.10
    /Applications/Xcode.app/Contents/Developer/Toolchains/XcodeDefault.xctoolchain/usr/bin/clang++ -arch i386 -isysroot /Applications/Xcode.app/Contents/Developer/Platforms/MacOSX.platform/Developer/SDKs/MacOSX10.10.sdk -L/Users/elliotfiske/471/Cmake/CMakeFiles/3.1.0/CompilerIdCXX -F/Users/elliotfiske/471/Cmake/CMakeFiles/3.1.0/CompilerIdCXX -filelist /Users/elliotfiske/471/Cmake/CMakeFiles/3.1.0/CompilerIdCXX/CompilerIdCXX.build/Debug/CompilerIdCXX.build/Objects-normal/i386/CompilerIdCXX.LinkFileList -mmacosx-version-min=10.10 -Xlinker -dependency_info -Xlinker /Users/elliotfiske/471/Cmake/CMakeFiles/3.1.0/CompilerIdCXX/CompilerIdCXX.build/Debug/CompilerIdCXX.build/Objects-normal/i386/CompilerIdCXX_dependency_info.dat -o /Users/elliotfiske/471/Cmake/CMakeFiles/3.1.0/CompilerIdCXX/CompilerIdCXX

PhaseScriptExecution Run\ Script CompilerIdCXX.build/Debug/CompilerIdCXX.build/Script-2C8FEB8E15DC1A1A00E56A5D.sh
    cd /Users/elliotfiske/471/Cmake/CMakeFiles/3.1.0/CompilerIdCXX
    /bin/sh -c /Users/elliotfiske/471/Cmake/CMakeFiles/3.1.0/CompilerIdCXX/CompilerIdCXX.build/Debug/CompilerIdCXX.build/Script-2C8FEB8E15DC1A1A00E56A5D.sh
GCC_VERSION=com.apple.compilers.llvm.clang.1_0

** BUILD SUCCEEDED **



Compilation of the CXX compiler identification source "CMakeCXXCompilerId.cpp" produced "CompilerIdCXX"

The CXX compiler identification is AppleClang, found in "/Users/elliotfiske/471/Cmake/CMakeFiles/3.1.0/CompilerIdCXX/CompilerIdCXX"

Determining if the C compiler works passed with the following output:
Change Dir: /Users/elliotfiske/471/Cmake/CMakeFiles/CMakeTmp

Run Build Command:"/Applications/CMake.app/Contents/bin/cmakexbuild" "-project" "CMAKE_TRY_COMPILE.xcodeproj" "build" "-target" "cmTryCompileExec1060558025" "-configuration" "Debug"
=== BUILD TARGET cmTryCompileExec1060558025 OF PROJECT CMAKE_TRY_COMPILE WITH CONFIGURATION Debug ===

Check dependencies

Write auxiliary files
/bin/mkdir -p /Users/elliotfiske/471/Cmake/CMakeFiles/CMakeTmp/CMAKE_TRY_COMPILE.build/Debug/cmTryCompileExec1060558025.build/Objects-normal/x86_64
write-file /Users/elliotfiske/471/Cmake/CMakeFiles/CMakeTmp/CMAKE_TRY_COMPILE.build/Debug/cmTryCompileExec1060558025.build/Objects-normal/x86_64/cmTryCompileExec1060558025.LinkFileList

CompileC CMAKE_TRY_COMPILE.build/Debug/cmTryCompileExec1060558025.build/Objects-normal/x86_64/testCCompiler.o testCCompiler.c normal x86_64 c com.apple.compilers.llvm.clang.1_0.compiler
    cd /Users/elliotfiske/471/Cmake/CMakeFiles/CMakeTmp
    export LANG=en_US.US-ASCII
    /Applications/Xcode.app/Contents/Developer/Toolchains/XcodeDefault.xctoolchain/usr/bin/clang -x c -arch x86_64 -fmessage-length=0 -fdiagnostics-show-note-include-stack -fmacro-backtrace-limit=0 -Wno-trigraphs -fpascal-strings -O0 -Wno-missing-field-initializers -Wno-missing-prototypes -Wno-return-type -Wno-missing-braces -Wparentheses -Wswitch -Wno-unused-function -Wno-unused-label -Wno-unused-parameter -Wno-unused-variable -Wunused-value -Wno-empty-body -Wno-uninitialized -Wno-unknown-pragmas -Wno-shadow -Wno-four-char-constants -Wno-conversion -Wno-constant-conversion -Wno-int-conversion -Wno-bool-conversion -Wno-enum-conversion -Wno-shorten-64-to-32 -Wpointer-sign -Wno-newline-eof -DCMAKE_INTDIR=\"Debug\" -isysroot /Applications/Xcode.app/Contents/Developer/Platforms/MacOSX.platform/Developer/SDKs/MacOSX10.10.sdk -fasm-blocks -fstrict-aliasing -Wdeprecated-declarations -mmacosx-version-min=10.10 -g -Wno-sign-conversion -I/Users/elliotfiske/471/Cmake/CMakeFiles/CMakeTmp/Debug/include -I/Applications/Xcode.app/Contents/Developer/Toolchains/XcodeDefault.xctoolchain/usr/include -I/Users/elliotfiske/471/Cmake/CMakeFiles/CMakeTmp/CMAKE_TRY_COMPILE.build/Debug/cmTryCompileExec1060558025.build/DerivedSources/x86_64 -I/Users/elliotfiske/471/Cmake/CMakeFiles/CMakeTmp/CMAKE_TRY_COMPILE.build/Debug/cmTryCompileExec1060558025.build/DerivedSources -Wmost -Wno-four-char-constants -Wno-unknown-pragmas -F/Users/elliotfiske/471/Cmake/CMakeFiles/CMakeTmp/Debug -MMD -MT dependencies -MF /Users/elliotfiske/471/Cmake/CMakeFiles/CMakeTmp/CMAKE_TRY_COMPILE.build/Debug/cmTryCompileExec1060558025.build/Objects-normal/x86_64/testCCompiler.d --serialize-diagnostics /Users/elliotfiske/471/Cmake/CMakeFiles/CMakeTmp/CMAKE_TRY_COMPILE.build/Debug/cmTryCompileExec1060558025.build/Objects-normal/x86_64/testCCompiler.dia -c /Users/elliotfiske/471/Cmake/CMakeFiles/CMakeTmp/testCCompiler.c -o /Users/elliotfiske/471/Cmake/CMakeFiles/CMakeTmp/CMAKE_TRY_COMPILE.build/Debug/cmTryCompileExec1060558025.build/Objects-normal/x86_64/testCCompiler.o

Ld Debug/cmTryCompileExec1060558025 normal x86_64
    cd /Users/elliotfiske/471/Cmake/CMakeFiles/CMakeTmp
    export MACOSX_DEPLOYMENT_TARGET=10.10
    /Applications/Xcode.app/Contents/Developer/Toolchains/XcodeDefault.xctoolchain/usr/bin/clang -arch x86_64 -isysroot /Applications/Xcode.app/Contents/Developer/Platforms/MacOSX.platform/Developer/SDKs/MacOSX10.10.sdk -L/Users/elliotfiske/471/Cmake/CMakeFiles/CMakeTmp/Debug -F/Users/elliotfiske/471/Cmake/CMakeFiles/CMakeTmp/Debug -filelist /Users/elliotfiske/471/Cmake/CMakeFiles/CMakeTmp/CMAKE_TRY_COMPILE.build/Debug/cmTryCompileExec1060558025.build/Objects-normal/x86_64/cmTryCompileExec1060558025.LinkFileList -mmacosx-version-min=10.10 -Wl,-search_paths_first -Wl,-headerpad_max_install_names -Xlinker -dependency_info -Xlinker /Users/elliotfiske/471/Cmake/CMakeFiles/CMakeTmp/CMAKE_TRY_COMPILE.build/Debug/cmTryCompileExec1060558025.build/Objects-normal/x86_64/cmTryCompileExec1060558025_dependency_info.dat -o /Users/elliotfiske/471/Cmake/CMakeFiles/CMakeTmp/Debug/cmTryCompileExec1060558025

** BUILD SUCCEEDED **



Detecting C compiler ABI info compiled with the following output:
Change Dir: /Users/elliotfiske/471/Cmake/CMakeFiles/CMakeTmp

Run Build Command:"/Applications/CMake.app/Contents/bin/cmakexbuild" "-project" "CMAKE_TRY_COMPILE.xcodeproj" "build" "-target" "cmTryCompileExec2422446578" "-configuration" "Debug"
=== BUILD TARGET cmTryCompileExec2422446578 OF PROJECT CMAKE_TRY_COMPILE WITH CONFIGURATION Debug ===

Check dependencies

Write auxiliary files
/bin/mkdir -p /Users/elliotfiske/471/Cmake/CMakeFiles/CMakeTmp/CMAKE_TRY_COMPILE.build/Debug/cmTryCompileExec2422446578.build/Objects-normal/x86_64
write-file /Users/elliotfiske/471/Cmake/CMakeFiles/CMakeTmp/CMAKE_TRY_COMPILE.build/Debug/cmTryCompileExec2422446578.build/Objects-normal/x86_64/cmTryCompileExec2422446578.LinkFileList

CompileC CMAKE_TRY_COMPILE.build/Debug/cmTryCompileExec2422446578.build/Objects-normal/x86_64/CMakeCCompilerABI.o /Applications/CMake.app/Contents/share/cmake-3.1/Modules/CMakeCCompilerABI.c normal x86_64 c com.apple.compilers.llvm.clang.1_0.compiler
    cd /Users/elliotfiske/471/Cmake/CMakeFiles/CMakeTmp
    export LANG=en_US.US-ASCII
    /Applications/Xcode.app/Contents/Developer/Toolchains/XcodeDefault.xctoolchain/usr/bin/clang -x c -arch x86_64 -fmessage-length=0 -fdiagnostics-show-note-include-stack -fmacro-backtrace-limit=0 -Wno-trigraphs -fpascal-strings -O0 -Wno-missing-field-initializers -Wno-missing-prototypes -Wno-return-type -Wno-missing-braces -Wparentheses -Wswitch -Wno-unused-function -Wno-unused-label -Wno-unused-parameter -Wno-unused-variable -Wunused-value -Wno-empty-body -Wno-uninitialized -Wno-unknown-pragmas -Wno-shadow -Wno-four-char-constants -Wno-conversion -Wno-constant-conversion -Wno-int-conversion -Wno-bool-conversion -Wno-enum-conversion -Wno-shorten-64-to-32 -Wpointer-sign -Wno-newline-eof -DCMAKE_INTDIR=\"Debug\" -isysroot /Applications/Xcode.app/Contents/Developer/Platforms/MacOSX.platform/Developer/SDKs/MacOSX10.10.sdk -fasm-blocks -fstrict-aliasing -Wdeprecated-declarations -mmacosx-version-min=10.10 -g -Wno-sign-conversion -I/Users/elliotfiske/471/Cmake/CMakeFiles/CMakeTmp/Debug/include -I/Applications/Xcode.app/Contents/Developer/Toolchains/XcodeDefault.xctoolchain/usr/include -I/Users/elliotfiske/471/Cmake/CMakeFiles/CMakeTmp/CMAKE_TRY_COMPILE.build/Debug/cmTryCompileExec2422446578.build/DerivedSources/x86_64 -I/Users/elliotfiske/471/Cmake/CMakeFiles/CMakeTmp/CMAKE_TRY_COMPILE.build/Debug/cmTryCompileExec2422446578.build/DerivedSources -Wmost -Wno-four-char-constants -Wno-unknown-pragmas -F/Users/elliotfiske/471/Cmake/CMakeFiles/CMakeTmp/Debug -MMD -MT dependencies -MF /Users/elliotfiske/471/Cmake/CMakeFiles/CMakeTmp/CMAKE_TRY_COMPILE.build/Debug/cmTryCompileExec2422446578.build/Objects-normal/x86_64/CMakeCCompilerABI.d --serialize-diagnostics /Users/elliotfiske/471/Cmake/CMakeFiles/CMakeTmp/CMAKE_TRY_COMPILE.build/Debug/cmTryCompileExec2422446578.build/Objects-normal/x86_64/CMakeCCompilerABI.dia -c /Applications/CMake.app/Contents/share/cmake-3.1/Modules/CMakeCCompilerABI.c -o /Users/elliotfiske/471/Cmake/CMakeFiles/CMakeTmp/CMAKE_TRY_COMPILE.build/Debug/cmTryCompileExec2422446578.build/Objects-normal/x86_64/CMakeCCompilerABI.o

Ld Debug/cmTryCompileExec2422446578 normal x86_64
    cd /Users/elliotfiske/471/Cmake/CMakeFiles/CMakeTmp
    export MACOSX_DEPLOYMENT_TARGET=10.10
    /Applications/Xcode.app/Contents/Developer/Toolchains/XcodeDefault.xctoolchain/usr/bin/clang -arch x86_64 -isysroot /Applications/Xcode.app/Contents/Developer/Platforms/MacOSX.platform/Developer/SDKs/MacOSX10.10.sdk -L/Users/elliotfiske/471/Cmake/CMakeFiles/CMakeTmp/Debug -F/Users/elliotfiske/471/Cmake/CMakeFiles/CMakeTmp/Debug -filelist /Users/elliotfiske/471/Cmake/CMakeFiles/CMakeTmp/CMAKE_TRY_COMPILE.build/Debug/cmTryCompileExec2422446578.build/Objects-normal/x86_64/cmTryCompileExec2422446578.LinkFileList -mmacosx-version-min=10.10 -v -Wl,-v -Wl,-search_paths_first -Wl,-headerpad_max_install_names -Xlinker -dependency_info -Xlinker /Users/elliotfiske/471/Cmake/CMakeFiles/CMakeTmp/CMAKE_TRY_COMPILE.build/Debug/cmTryCompileExec2422446578.build/Objects-normal/x86_64/cmTryCompileExec2422446578_dependency_info.dat -o /Users/elliotfiske/471/Cmake/CMakeFiles/CMakeTmp/Debug/cmTryCompileExec2422446578
Apple LLVM version 6.0 (clang-600.0.56) (based on LLVM 3.5svn)
Target: x86_64-apple-darwin14.0.0
Thread model: posix
 "/Applications/Xcode.app/Contents/Developer/Toolchains/XcodeDefault.xctoolchain/usr/bin/ld" -demangle -dynamic -arch x86_64 -macosx_version_min 10.10.0 -syslibroot /Applications/Xcode.app/Contents/Developer/Platforms/MacOSX.platform/Developer/SDKs/MacOSX10.10.sdk -o /Users/elliotfiske/471/Cmake/CMakeFiles/CMakeTmp/Debug/cmTryCompileExec2422446578 -L/Users/elliotfiske/471/Cmake/CMakeFiles/CMakeTmp/Debug -filelist /Users/elliotfiske/471/Cmake/CMakeFiles/CMakeTmp/CMAKE_TRY_COMPILE.build/Debug/cmTryCompileExec2422446578.build/Objects-normal/x86_64/cmTryCompileExec2422446578.LinkFileList -v -search_paths_first -headerpad_max_install_names -dependency_info /Users/elliotfiske/471/Cmake/CMakeFiles/CMakeTmp/CMAKE_TRY_COMPILE.build/Debug/cmTryCompileExec2422446578.build/Objects-normal/x86_64/cmTryCompileExec2422446578_dependency_info.dat -lSystem /Applications/Xcode.app/Contents/Developer/Toolchains/XcodeDefault.xctoolchain/usr/bin/../lib/clang/6.0/lib/darwin/libclang_rt.osx.a -F/Users/elliotfiske/471/Cmake/CMakeFiles/CMakeTmp/Debug
@(#)PROGRAM:ld  PROJECT:ld64-241.9
configured to support archs: armv6 armv7 armv7s arm64 i386 x86_64 x86_64h armv6m armv7m armv7em
Library search paths:
	/Users/elliotfiske/471/Cmake/CMakeFiles/CMakeTmp/Debug
	/Applications/Xcode.app/Contents/Developer/Platforms/MacOSX.platform/Developer/SDKs/MacOSX10.10.sdk/usr/lib
Framework search paths:
	/Users/elliotfiske/471/Cmake/CMakeFiles/CMakeTmp/Debug
	/Applications/Xcode.app/Contents/Developer/Platforms/MacOSX.platform/Developer/SDKs/MacOSX10.10.sdk/System/Library/Frameworks/

** BUILD SUCCEEDED **



Parsed C implicit link information from above output:
  link line regex: [^( *|.*[/\])(ld|([^/\]+-)?ld|collect2)[^/\]*( |$)]
  ignore line: [Change Dir: /Users/elliotfiske/471/Cmake/CMakeFiles/CMakeTmp]
  ignore line: []
  ignore line: [Run Build Command:"/Applications/CMake.app/Contents/bin/cmakexbuild" "-project" "CMAKE_TRY_COMPILE.xcodeproj" "build" "-target" "cmTryCompileExec2422446578" "-configuration" "Debug"]
  ignore line: [=== BUILD TARGET cmTryCompileExec2422446578 OF PROJECT CMAKE_TRY_COMPILE WITH CONFIGURATION Debug ===]
  ignore line: []
  ignore line: [Check dependencies]
  ignore line: []
  ignore line: [Write auxiliary files]
  ignore line: [/bin/mkdir -p /Users/elliotfiske/471/Cmake/CMakeFiles/CMakeTmp/CMAKE_TRY_COMPILE.build/Debug/cmTryCompileExec2422446578.build/Objects-normal/x86_64]
  ignore line: [write-file /Users/elliotfiske/471/Cmake/CMakeFiles/CMakeTmp/CMAKE_TRY_COMPILE.build/Debug/cmTryCompileExec2422446578.build/Objects-normal/x86_64/cmTryCompileExec2422446578.LinkFileList]
  ignore line: []
  ignore line: [CompileC CMAKE_TRY_COMPILE.build/Debug/cmTryCompileExec2422446578.build/Objects-normal/x86_64/CMakeCCompilerABI.o /Applications/CMake.app/Contents/share/cmake-3.1/Modules/CMakeCCompilerABI.c normal x86_64 c com.apple.compilers.llvm.clang.1_0.compiler]
  ignore line: [    cd /Users/elliotfiske/471/Cmake/CMakeFiles/CMakeTmp]
  ignore line: [    export LANG=en_US.US-ASCII]
  ignore line: [    /Applications/Xcode.app/Contents/Developer/Toolchains/XcodeDefault.xctoolchain/usr/bin/clang -x c -arch x86_64 -fmessage-length=0 -fdiagnostics-show-note-include-stack -fmacro-backtrace-limit=0 -Wno-trigraphs -fpascal-strings -O0 -Wno-missing-field-initializers -Wno-missing-prototypes -Wno-return-type -Wno-missing-braces -Wparentheses -Wswitch -Wno-unused-function -Wno-unused-label -Wno-unused-parameter -Wno-unused-variable -Wunused-value -Wno-empty-body -Wno-uninitialized -Wno-unknown-pragmas -Wno-shadow -Wno-four-char-constants -Wno-conversion -Wno-constant-conversion -Wno-int-conversion -Wno-bool-conversion -Wno-enum-conversion -Wno-shorten-64-to-32 -Wpointer-sign -Wno-newline-eof -DCMAKE_INTDIR=\"Debug\" -isysroot /Applications/Xcode.app/Contents/Developer/Platforms/MacOSX.platform/Developer/SDKs/MacOSX10.10.sdk -fasm-blocks -fstrict-aliasing -Wdeprecated-declarations -mmacosx-version-min=10.10 -g -Wno-sign-conversion -I/Users/elliotfiske/471/Cmake/CMakeFiles/CMakeTmp/Debug/include -I/Applications/Xcode.app/Contents/Developer/Toolchains/XcodeDefault.xctoolchain/usr/include -I/Users/elliotfiske/471/Cmake/CMakeFiles/CMakeTmp/CMAKE_TRY_COMPILE.build/Debug/cmTryCompileExec2422446578.build/DerivedSources/x86_64 -I/Users/elliotfiske/471/Cmake/CMakeFiles/CMakeTmp/CMAKE_TRY_COMPILE.build/Debug/cmTryCompileExec2422446578.build/DerivedSources -Wmost -Wno-four-char-constants -Wno-unknown-pragmas -F/Users/elliotfiske/471/Cmake/CMakeFiles/CMakeTmp/Debug -MMD -MT dependencies -MF /Users/elliotfiske/471/Cmake/CMakeFiles/CMakeTmp/CMAKE_TRY_COMPILE.build/Debug/cmTryCompileExec2422446578.build/Objects-normal/x86_64/CMakeCCompilerABI.d --serialize-diagnostics /Users/elliotfiske/471/Cmake/CMakeFiles/CMakeTmp/CMAKE_TRY_COMPILE.build/Debug/cmTryCompileExec2422446578.build/Objects-normal/x86_64/CMakeCCompilerABI.dia -c /Applications/CMake.app/Contents/share/cmake-3.1/Modules/CMakeCCompilerABI.c -o /Users/elliotfiske/471/Cmake/CMakeFiles/CMakeTmp/CMAKE_TRY_COMPILE.build/Debug/cmTryCompileExec2422446578.build/Objects-normal/x86_64/CMakeCCompilerABI.o]
  ignore line: []
  ignore line: [Ld Debug/cmTryCompileExec2422446578 normal x86_64]
  ignore line: [    cd /Users/elliotfiske/471/Cmake/CMakeFiles/CMakeTmp]
  ignore line: [    export MACOSX_DEPLOYMENT_TARGET=10.10]
  ignore line: [    /Applications/Xcode.app/Contents/Developer/Toolchains/XcodeDefault.xctoolchain/usr/bin/clang -arch x86_64 -isysroot /Applications/Xcode.app/Contents/Developer/Platforms/MacOSX.platform/Developer/SDKs/MacOSX10.10.sdk -L/Users/elliotfiske/471/Cmake/CMakeFiles/CMakeTmp/Debug -F/Users/elliotfiske/471/Cmake/CMakeFiles/CMakeTmp/Debug -filelist /Users/elliotfiske/471/Cmake/CMakeFiles/CMakeTmp/CMAKE_TRY_COMPILE.build/Debug/cmTryCompileExec2422446578.build/Objects-normal/x86_64/cmTryCompileExec2422446578.LinkFileList -mmacosx-version-min=10.10 -v -Wl,-v -Wl,-search_paths_first -Wl,-headerpad_max_install_names -Xlinker -dependency_info -Xlinker /Users/elliotfiske/471/Cmake/CMakeFiles/CMakeTmp/CMAKE_TRY_COMPILE.build/Debug/cmTryCompileExec2422446578.build/Objects-normal/x86_64/cmTryCompileExec2422446578_dependency_info.dat -o /Users/elliotfiske/471/Cmake/CMakeFiles/CMakeTmp/Debug/cmTryCompileExec2422446578]
  ignore line: [Apple LLVM version 6.0 (clang-600.0.56) (based on LLVM 3.5svn)]
  ignore line: [Target: x86_64-apple-darwin14.0.0]
  ignore line: [Thread model: posix]
  reduced line: [ "/Applications/Xcode.app/Contents/Developer/Toolchains/XcodeDefault.xctoolchain/usr/bin/ld" -demangle -dynamic -arch x86_64 -macosx_version_min 10.10.0 -syslibroot /Applications/Xcode.app/Contents/Developer/Platforms/MacOSX.platform/Developer/SDKs/MacOSX10.10.sdk -o /Users/elliotfiske/471/Cmake/CMakeFiles/CMakeTmp/Debug/cmTryCompileExec2422446578 -L/Users/elliotfiske/471/Cmake/CMakeFiles/CMakeTmp/Debug -filelist /Users/elliotfiske/471/Cmake/CMakeFiles/CMakeTmp/CMAKE_TRY_COMPILE.build/Debug/cmTryCompileExec2422446578.build/Objects-normal/x86_64/cmTryCompileExec2422446578.LinkFileList -v -search_paths_first -headerpad_max_install_names -dependency_info /Users/elliotfiske/471/Cmake/CMakeFiles/CMakeTmp/CMAKE_TRY_COMPILE.build/Debug/cmTryCompileExec2422446578.build/Objects-normal/x86_64/cmTryCompileExec2422446578_dependency_info.dat -lSystem /Applications/Xcode.app/Contents/Developer/Toolchains/XcodeDefault.xctoolchain/usr/bin/../lib/clang/6.0/lib/darwin/libclang_rt.osx.a -F/Users/elliotfiske/471/Cmake/CMakeFiles/CMakeTmp/Debug]
            to: [ "/Applications/Xcode.app/Contents/Developer/Toolchains/XcodeDefault.xctoolchain/usr/bin/ld" -demangle -dynamic -arch x86_64 -macosx_version_min 10.10.0 -syslibroot /Applications/Xcode.app/Contents/Developer/Platforms/MacOSX.platform/Developer/SDKs/MacOSX10.10.sdk -o /Users/elliotfiske/471/Cmake/CMakeFiles/CMakeTmp/Debug/cmTryCompileExec2422446578 -filelist /Users/elliotfiske/471/Cmake/CMakeFiles/CMakeTmp/CMAKE_TRY_COMPILE.build/Debug/cmTryCompileExec2422446578.build/Objects-normal/x86_64/cmTryCompileExec2422446578.LinkFileList -v -search_paths_first -headerpad_max_install_names -dependency_info /Users/elliotfiske/471/Cmake/CMakeFiles/CMakeTmp/CMAKE_TRY_COMPILE.build/Debug/cmTryCompileExec2422446578.build/Objects-normal/x86_64/cmTryCompileExec2422446578_dependency_info.dat -lSystem /Applications/Xcode.app/Contents/Developer/Toolchains/XcodeDefault.xctoolchain/usr/bin/../lib/clang/6.0/lib/darwin/libclang_rt.osx.a ]
  link line: [ "/Applications/Xcode.app/Contents/Developer/Toolchains/XcodeDefault.xctoolchain/usr/bin/ld" -demangle -dynamic -arch x86_64 -macosx_version_min 10.10.0 -syslibroot /Applications/Xcode.app/Contents/Developer/Platforms/MacOSX.platform/Developer/SDKs/MacOSX10.10.sdk -o /Users/elliotfiske/471/Cmake/CMakeFiles/CMakeTmp/Debug/cmTryCompileExec2422446578 -filelist /Users/elliotfiske/471/Cmake/CMakeFiles/CMakeTmp/CMAKE_TRY_COMPILE.build/Debug/cmTryCompileExec2422446578.build/Objects-normal/x86_64/cmTryCompileExec2422446578.LinkFileList -v -search_paths_first -headerpad_max_install_names -dependency_info /Users/elliotfiske/471/Cmake/CMakeFiles/CMakeTmp/CMAKE_TRY_COMPILE.build/Debug/cmTryCompileExec2422446578.build/Objects-normal/x86_64/cmTryCompileExec2422446578_dependency_info.dat -lSystem /Applications/Xcode.app/Contents/Developer/Toolchains/XcodeDefault.xctoolchain/usr/bin/../lib/clang/6.0/lib/darwin/libclang_rt.osx.a ]
    arg [/Applications/Xcode.app/Contents/Developer/Toolchains/XcodeDefault.xctoolchain/usr/bin/ld] ==> ignore
    arg [-demangle] ==> ignore
    arg [-dynamic] ==> ignore
    arg [-arch] ==> ignore
    arg [x86_64] ==> ignore
    arg [-macosx_version_min] ==> ignore
    arg [10.10.0] ==> ignore
    arg [-syslibroot] ==> ignore
    arg [/Applications/Xcode.app/Contents/Developer/Platforms/MacOSX.platform/Developer/SDKs/MacOSX10.10.sdk] ==> ignore
    arg [-o] ==> ignore
    arg [/Users/elliotfiske/471/Cmake/CMakeFiles/CMakeTmp/Debug/cmTryCompileExec2422446578] ==> ignore
    arg [-filelist] ==> ignore
    arg [/Users/elliotfiske/471/Cmake/CMakeFiles/CMakeTmp/CMAKE_TRY_COMPILE.build/Debug/cmTryCompileExec2422446578.build/Objects-normal/x86_64/cmTryCompileExec2422446578.LinkFileList] ==> ignore
    arg [-v] ==> ignore
    arg [-search_paths_first] ==> ignore
    arg [-headerpad_max_install_names] ==> ignore
    arg [-dependency_info] ==> ignore
    arg [/Users/elliotfiske/471/Cmake/CMakeFiles/CMakeTmp/CMAKE_TRY_COMPILE.build/Debug/cmTryCompileExec2422446578.build/Objects-normal/x86_64/cmTryCompileExec2422446578_dependency_info.dat] ==> ignore
    arg [-lSystem] ==> lib [System]
    arg [/Applications/Xcode.app/Contents/Developer/Toolchains/XcodeDefault.xctoolchain/usr/bin/../lib/clang/6.0/lib/darwin/libclang_rt.osx.a] ==> lib [/Applications/Xcode.app/Contents/Developer/Toolchains/XcodeDefault.xctoolchain/usr/bin/../lib/clang/6.0/lib/darwin/libclang_rt.osx.a]
  Library search paths: [;/Users/elliotfiske/471/Cmake/CMakeFiles/CMakeTmp/Debug;/Applications/Xcode.app/Contents/Developer/Platforms/MacOSX.platform/Developer/SDKs/MacOSX10.10.sdk/usr/lib]
  Framework search paths: [;/Users/elliotfiske/471/Cmake/CMakeFiles/CMakeTmp/Debug;/Applications/Xcode.app/Contents/Developer/Platforms/MacOSX.platform/Developer/SDKs/MacOSX10.10.sdk/System/Library/Frameworks/]
  remove lib [System]
  collapse lib [/Applications/Xcode.app/Contents/Developer/Toolchains/XcodeDefault.xctoolchain/usr/bin/../lib/clang/6.0/lib/darwin/libclang_rt.osx.a] ==> [/Applications/Xcode.app/Contents/Developer/Toolchains/XcodeDefault.xctoolchain/usr/lib/clang/6.0/lib/darwin/libclang_rt.osx.a]
  collapse library dir [/Users/elliotfiske/471/Cmake/CMakeFiles/CMakeTmp/Debug] ==> [/Users/elliotfiske/471/Cmake/CMakeFiles/CMakeTmp/Debug], skipping non-system directory
  collapse library dir [/Applications/Xcode.app/Contents/Developer/Platforms/MacOSX.platform/Developer/SDKs/MacOSX10.10.sdk/usr/lib] ==> [/Applications/Xcode.app/Contents/Developer/Platforms/MacOSX.platform/Developer/SDKs/MacOSX10.10.sdk/usr/lib]
  collapse framework dir [/Users/elliotfiske/471/Cmake/CMakeFiles/CMakeTmp/Debug] ==> [/Users/elliotfiske/471/Cmake/CMakeFiles/CMakeTmp/Debug], skipping non-system directory
  collapse framework dir [/Applications/Xcode.app/Contents/Developer/Platforms/MacOSX.platform/Developer/SDKs/MacOSX10.10.sdk/System/Library/Frameworks/] ==> [/Applications/Xcode.app/Contents/Developer/Platforms/MacOSX.platform/Developer/SDKs/MacOSX10.10.sdk/System/Library/Frameworks]
  implicit libs: [/Applications/Xcode.app/Contents/Developer/Toolchains/XcodeDefault.xctoolchain/usr/lib/clang/6.0/lib/darwin/libclang_rt.osx.a]
  implicit dirs: [/Applications/Xcode.app/Contents/Developer/Platforms/MacOSX.platform/Developer/SDKs/MacOSX10.10.sdk/usr/lib]
  implicit fwks: [/Applications/Xcode.app/Contents/Developer/Platforms/MacOSX.platform/Developer/SDKs/MacOSX10.10.sdk/System/Library/Frameworks]


Determining if the CXX compiler works passed with the following output:
Change Dir: /Users/elliotfiske/471/Cmake/CMakeFiles/CMakeTmp

Run Build Command:"/Applications/CMake.app/Contents/bin/cmakexbuild" "-project" "CMAKE_TRY_COMPILE.xcodeproj" "build" "-target" "cmTryCompileExec1147928475" "-configuration" "Debug"
=== BUILD TARGET cmTryCompileExec1147928475 OF PROJECT CMAKE_TRY_COMPILE WITH CONFIGURATION Debug ===

Check dependencies

Write auxiliary files
/bin/mkdir -p /Users/elliotfiske/471/Cmake/CMakeFiles/CMakeTmp/CMAKE_TRY_COMPILE.build/Debug/cmTryCompileExec1147928475.build/Objects-normal/x86_64
write-file /Users/elliotfiske/471/Cmake/CMakeFiles/CMakeTmp/CMAKE_TRY_COMPILE.build/Debug/cmTryCompileExec1147928475.build/Objects-normal/x86_64/cmTryCompileExec1147928475.LinkFileList

CompileC CMAKE_TRY_COMPILE.build/Debug/cmTryCompileExec1147928475.build/Objects-normal/x86_64/testCXXCompiler.o testCXXCompiler.cxx normal x86_64 c++ com.apple.compilers.llvm.clang.1_0.compiler
    cd /Users/elliotfiske/471/Cmake/CMakeFiles/CMakeTmp
    export LANG=en_US.US-ASCII
    /Applications/Xcode.app/Contents/Developer/Toolchains/XcodeDefault.xctoolchain/usr/bin/clang -x c++ -arch x86_64 -fmessage-length=0 -fdiagnostics-show-note-include-stack -fmacro-backtrace-limit=0 -Wno-trigraphs -fpascal-strings -O0 -Wno-missing-field-initializers -Wno-missing-prototypes -Wno-return-type -Wno-non-virtual-dtor -Wno-overloaded-virtual -Wno-exit-time-destructors -Wno-missing-braces -Wparentheses -Wswitch -Wno-unused-function -Wno-unused-label -Wno-unused-parameter -Wno-unused-variable -Wunused-value -Wno-empty-body -Wno-uninitialized -Wno-unknown-pragmas -Wno-shadow -Wno-four-char-constants -Wno-conversion -Wno-constant-conversion -Wno-int-conversion -Wno-bool-conversion -Wno-enum-conversion -Wno-shorten-64-to-32 -Wno-newline-eof -Wno-c++11-extensions -DCMAKE_INTDIR=\"Debug\" -isysroot /Applications/Xcode.app/Contents/Developer/Platforms/MacOSX.platform/Developer/SDKs/MacOSX10.10.sdk -fasm-blocks -fstrict-aliasing -Wdeprecated-declarations -Winvalid-offsetof -mmacosx-version-min=10.10 -Wno-sign-conversion -I/Users/elliotfiske/471/Cmake/CMakeFiles/CMakeTmp/Debug/include -I/Applications/Xcode.app/Contents/Developer/Toolchains/XcodeDefault.xctoolchain/usr/include -I/Users/elliotfiske/471/Cmake/CMakeFiles/CMakeTmp/CMAKE_TRY_COMPILE.build/Debug/cmTryCompileExec1147928475.build/DerivedSources/x86_64 -I/Users/elliotfiske/471/Cmake/CMakeFiles/CMakeTmp/CMAKE_TRY_COMPILE.build/Debug/cmTryCompileExec1147928475.build/DerivedSources -Wmost -Wno-four-char-constants -Wno-unknown-pragmas -F/Users/elliotfiske/471/Cmake/CMakeFiles/CMakeTmp/Debug -g -MMD -MT dependencies -MF /Users/elliotfiske/471/Cmake/CMakeFiles/CMakeTmp/CMAKE_TRY_COMPILE.build/Debug/cmTryCompileExec1147928475.build/Objects-normal/x86_64/testCXXCompiler.d --serialize-diagnostics /Users/elliotfiske/471/Cmake/CMakeFiles/CMakeTmp/CMAKE_TRY_COMPILE.build/Debug/cmTryCompileExec1147928475.build/Objects-normal/x86_64/testCXXCompiler.dia -c /Users/elliotfiske/471/Cmake/CMakeFiles/CMakeTmp/testCXXCompiler.cxx -o /Users/elliotfiske/471/Cmake/CMakeFiles/CMakeTmp/CMAKE_TRY_COMPILE.build/Debug/cmTryCompileExec1147928475.build/Objects-normal/x86_64/testCXXCompiler.o

Ld Debug/cmTryCompileExec1147928475 normal x86_64
    cd /Users/elliotfiske/471/Cmake/CMakeFiles/CMakeTmp
    export MACOSX_DEPLOYMENT_TARGET=10.10
    /Applications/Xcode.app/Contents/Developer/Toolchains/XcodeDefault.xctoolchain/usr/bin/clang++ -arch x86_64 -isysroot /Applications/Xcode.app/Contents/Developer/Platforms/MacOSX.platform/Developer/SDKs/MacOSX10.10.sdk -L/Users/elliotfiske/471/Cmake/CMakeFiles/CMakeTmp/Debug -F/Users/elliotfiske/471/Cmake/CMakeFiles/CMakeTmp/Debug -filelist /Users/elliotfiske/471/Cmake/CMakeFiles/CMakeTmp/CMAKE_TRY_COMPILE.build/Debug/cmTryCompileExec1147928475.build/Objects-normal/x86_64/cmTryCompileExec1147928475.LinkFileList -mmacosx-version-min=10.10 -Wl,-search_paths_first -Wl,-headerpad_max_install_names -Xlinker -dependency_info -Xlinker /Users/elliotfiske/471/Cmake/CMakeFiles/CMakeTmp/CMAKE_TRY_COMPILE.build/Debug/cmTryCompileExec1147928475.build/Objects-normal/x86_64/cmTryCompileExec1147928475_dependency_info.dat -o /Users/elliotfiske/471/Cmake/CMakeFiles/CMakeTmp/Debug/cmTryCompileExec1147928475

** BUILD SUCCEEDED **



Detecting CXX compiler ABI info compiled with the following output:
Change Dir: /Users/elliotfiske/471/Cmake/CMakeFiles/CMakeTmp

Run Build Command:"/Applications/CMake.app/Contents/bin/cmakexbuild" "-project" "CMAKE_TRY_COMPILE.xcodeproj" "build" "-target" "cmTryCompileExec2756599666" "-configuration" "Debug"
=== BUILD TARGET cmTryCompileExec2756599666 OF PROJECT CMAKE_TRY_COMPILE WITH CONFIGURATION Debug ===

Check dependencies

Write auxiliary files
/bin/mkdir -p /Users/elliotfiske/471/Cmake/CMakeFiles/CMakeTmp/CMAKE_TRY_COMPILE.build/Debug/cmTryCompileExec2756599666.build/Objects-normal/x86_64
write-file /Users/elliotfiske/471/Cmake/CMakeFiles/CMakeTmp/CMAKE_TRY_COMPILE.build/Debug/cmTryCompileExec2756599666.build/Objects-normal/x86_64/cmTryCompileExec2756599666.LinkFileList

CompileC CMAKE_TRY_COMPILE.build/Debug/cmTryCompileExec2756599666.build/Objects-normal/x86_64/CMakeCXXCompilerABI.o /Applications/CMake.app/Contents/share/cmake-3.1/Modules/CMakeCXXCompilerABI.cpp normal x86_64 c++ com.apple.compilers.llvm.clang.1_0.compiler
    cd /Users/elliotfiske/471/Cmake/CMakeFiles/CMakeTmp
    export LANG=en_US.US-ASCII
    /Applications/Xcode.app/Contents/Developer/Toolchains/XcodeDefault.xctoolchain/usr/bin/clang -x c++ -arch x86_64 -fmessage-length=0 -fdiagnostics-show-note-include-stack -fmacro-backtrace-limit=0 -Wno-trigraphs -fpascal-strings -O0 -Wno-missing-field-initializers -Wno-missing-prototypes -Wno-return-type -Wno-non-virtual-dtor -Wno-overloaded-virtual -Wno-exit-time-destructors -Wno-missing-braces -Wparentheses -Wswitch -Wno-unused-function -Wno-unused-label -Wno-unused-parameter -Wno-unused-variable -Wunused-value -Wno-empty-body -Wno-uninitialized -Wno-unknown-pragmas -Wno-shadow -Wno-four-char-constants -Wno-conversion -Wno-constant-conversion -Wno-int-conversion -Wno-bool-conversion -Wno-enum-conversion -Wno-shorten-64-to-32 -Wno-newline-eof -Wno-c++11-extensions -DCMAKE_INTDIR=\"Debug\" -isysroot /Applications/Xcode.app/Contents/Developer/Platforms/MacOSX.platform/Developer/SDKs/MacOSX10.10.sdk -fasm-blocks -fstrict-aliasing -Wdeprecated-declarations -Winvalid-offsetof -mmacosx-version-min=10.10 -Wno-sign-conversion -I/Users/elliotfiske/471/Cmake/CMakeFiles/CMakeTmp/Debug/include -I/Applications/Xcode.app/Contents/Developer/Toolchains/XcodeDefault.xctoolchain/usr/include -I/Users/elliotfiske/471/Cmake/CMakeFiles/CMakeTmp/CMAKE_TRY_COMPILE.build/Debug/cmTryCompileExec2756599666.build/DerivedSources/x86_64 -I/Users/elliotfiske/471/Cmake/CMakeFiles/CMakeTmp/CMAKE_TRY_COMPILE.build/Debug/cmTryCompileExec2756599666.build/DerivedSources -Wmost -Wno-four-char-constants -Wno-unknown-pragmas -F/Users/elliotfiske/471/Cmake/CMakeFiles/CMakeTmp/Debug -g -MMD -MT dependencies -MF /Users/elliotfiske/471/Cmake/CMakeFiles/CMakeTmp/CMAKE_TRY_COMPILE.build/Debug/cmTryCompileExec2756599666.build/Objects-normal/x86_64/CMakeCXXCompilerABI.d --serialize-diagnostics /Users/elliotfiske/471/Cmake/CMakeFiles/CMakeTmp/CMAKE_TRY_COMPILE.build/Debug/cmTryCompileExec2756599666.build/Objects-normal/x86_64/CMakeCXXCompilerABI.dia -c /Applications/CMake.app/Contents/share/cmake-3.1/Modules/CMakeCXXCompilerABI.cpp -o /Users/elliotfiske/471/Cmake/CMakeFiles/CMakeTmp/CMAKE_TRY_COMPILE.build/Debug/cmTryCompileExec2756599666.build/Objects-normal/x86_64/CMakeCXXCompilerABI.o

Ld Debug/cmTryCompileExec2756599666 normal x86_64
    cd /Users/elliotfiske/471/Cmake/CMakeFiles/CMakeTmp
    export MACOSX_DEPLOYMENT_TARGET=10.10
    /Applications/Xcode.app/Contents/Developer/Toolchains/XcodeDefault.xctoolchain/usr/bin/clang++ -arch x86_64 -isysroot /Applications/Xcode.app/Contents/Developer/Platforms/MacOSX.platform/Developer/SDKs/MacOSX10.10.sdk -L/Users/elliotfiske/471/Cmake/CMakeFiles/CMakeTmp/Debug -F/Users/elliotfiske/471/Cmake/CMakeFiles/CMakeTmp/Debug -filelist /Users/elliotfiske/471/Cmake/CMakeFiles/CMakeTmp/CMAKE_TRY_COMPILE.build/Debug/cmTryCompileExec2756599666.build/Objects-normal/x86_64/cmTryCompileExec2756599666.LinkFileList -mmacosx-version-min=10.10 -v -Wl,-v -Wl,-search_paths_first -Wl,-headerpad_max_install_names -Xlinker -dependency_info -Xlinker /Users/elliotfiske/471/Cmake/CMakeFiles/CMakeTmp/CMAKE_TRY_COMPILE.build/Debug/cmTryCompileExec2756599666.build/Objects-normal/x86_64/cmTryCompileExec2756599666_dependency_info.dat -o /Users/elliotfiske/471/Cmake/CMakeFiles/CMakeTmp/Debug/cmTryCompileExec2756599666
Apple LLVM version 6.0 (clang-600.0.56) (based on LLVM 3.5svn)
Target: x86_64-apple-darwin14.0.0
Thread model: posix
 "/Applications/Xcode.app/Contents/Developer/Toolchains/XcodeDefault.xctoolchain/usr/bin/ld" -demangle -dynamic -arch x86_64 -macosx_version_min 10.10.0 -syslibroot /Applications/Xcode.app/Contents/Developer/Platforms/MacOSX.platform/Developer/SDKs/MacOSX10.10.sdk -o /Users/elliotfiske/471/Cmake/CMakeFiles/CMakeTmp/Debug/cmTryCompileExec2756599666 -L/Users/elliotfiske/471/Cmake/CMakeFiles/CMakeTmp/Debug -filelist /Users/elliotfiske/471/Cmake/CMakeFiles/CMakeTmp/CMAKE_TRY_COMPILE.build/Debug/cmTryCompileExec2756599666.build/Objects-normal/x86_64/cmTryCompileExec2756599666.LinkFileList -v -search_paths_first -headerpad_max_install_names -dependency_info /Users/elliotfiske/471/Cmake/CMakeFiles/CMakeTmp/CMAKE_TRY_COMPILE.build/Debug/cmTryCompileExec2756599666.build/Objects-normal/x86_64/cmTryCompileExec2756599666_dependency_info.dat -lc++ -lSystem /Applications/Xcode.app/Contents/Developer/Toolchains/XcodeDefault.xctoolchain/usr/bin/../lib/clang/6.0/lib/darwin/libclang_rt.osx.a -F/Users/elliotfiske/471/Cmake/CMakeFiles/CMakeTmp/Debug
@(#)PROGRAM:ld  PROJECT:ld64-241.9
configured to support archs: armv6 armv7 armv7s arm64 i386 x86_64 x86_64h armv6m armv7m armv7em
Library search paths:
	/Users/elliotfiske/471/Cmake/CMakeFiles/CMakeTmp/Debug
	/Applications/Xcode.app/Contents/Developer/Platforms/MacOSX.platform/Developer/SDKs/MacOSX10.10.sdk/usr/lib
Framework search paths:
	/Users/elliotfiske/471/Cmake/CMakeFiles/CMakeTmp/Debug
	/Applications/Xcode.app/Contents/Developer/Platforms/MacOSX.platform/Developer/SDKs/MacOSX10.10.sdk/System/Library/Frameworks/

** BUILD SUCCEEDED **



Parsed CXX implicit link information from above output:
  link line regex: [^( *|.*[/\])(ld|([^/\]+-)?ld|collect2)[^/\]*( |$)]
  ignore line: [Change Dir: /Users/elliotfiske/471/Cmake/CMakeFiles/CMakeTmp]
  ignore line: []
  ignore line: [Run Build Command:"/Applications/CMake.app/Contents/bin/cmakexbuild" "-project" "CMAKE_TRY_COMPILE.xcodeproj" "build" "-target" "cmTryCompileExec2756599666" "-configuration" "Debug"]
  ignore line: [=== BUILD TARGET cmTryCompileExec2756599666 OF PROJECT CMAKE_TRY_COMPILE WITH CONFIGURATION Debug ===]
  ignore line: []
  ignore line: [Check dependencies]
  ignore line: []
  ignore line: [Write auxiliary files]
  ignore line: [/bin/mkdir -p /Users/elliotfiske/471/Cmake/CMakeFiles/CMakeTmp/CMAKE_TRY_COMPILE.build/Debug/cmTryCompileExec2756599666.build/Objects-normal/x86_64]
  ignore line: [write-file /Users/elliotfiske/471/Cmake/CMakeFiles/CMakeTmp/CMAKE_TRY_COMPILE.build/Debug/cmTryCompileExec2756599666.build/Objects-normal/x86_64/cmTryCompileExec2756599666.LinkFileList]
  ignore line: []
  ignore line: [CompileC CMAKE_TRY_COMPILE.build/Debug/cmTryCompileExec2756599666.build/Objects-normal/x86_64/CMakeCXXCompilerABI.o /Applications/CMake.app/Contents/share/cmake-3.1/Modules/CMakeCXXCompilerABI.cpp normal x86_64 c++ com.apple.compilers.llvm.clang.1_0.compiler]
  ignore line: [    cd /Users/elliotfiske/471/Cmake/CMakeFiles/CMakeTmp]
  ignore line: [    export LANG=en_US.US-ASCII]
  ignore line: [    /Applications/Xcode.app/Contents/Developer/Toolchains/XcodeDefault.xctoolchain/usr/bin/clang -x c++ -arch x86_64 -fmessage-length=0 -fdiagnostics-show-note-include-stack -fmacro-backtrace-limit=0 -Wno-trigraphs -fpascal-strings -O0 -Wno-missing-field-initializers -Wno-missing-prototypes -Wno-return-type -Wno-non-virtual-dtor -Wno-overloaded-virtual -Wno-exit-time-destructors -Wno-missing-braces -Wparentheses -Wswitch -Wno-unused-function -Wno-unused-label -Wno-unused-parameter -Wno-unused-variable -Wunused-value -Wno-empty-body -Wno-uninitialized -Wno-unknown-pragmas -Wno-shadow -Wno-four-char-constants -Wno-conversion -Wno-constant-conversion -Wno-int-conversion -Wno-bool-conversion -Wno-enum-conversion -Wno-shorten-64-to-32 -Wno-newline-eof -Wno-c++11-extensions -DCMAKE_INTDIR=\"Debug\" -isysroot /Applications/Xcode.app/Contents/Developer/Platforms/MacOSX.platform/Developer/SDKs/MacOSX10.10.sdk -fasm-blocks -fstrict-aliasing -Wdeprecated-declarations -Winvalid-offsetof -mmacosx-version-min=10.10 -Wno-sign-conversion -I/Users/elliotfiske/471/Cmake/CMakeFiles/CMakeTmp/Debug/include -I/Applications/Xcode.app/Contents/Developer/Toolchains/XcodeDefault.xctoolchain/usr/include -I/Users/elliotfiske/471/Cmake/CMakeFiles/CMakeTmp/CMAKE_TRY_COMPILE.build/Debug/cmTryCompileExec2756599666.build/DerivedSources/x86_64 -I/Users/elliotfiske/471/Cmake/CMakeFiles/CMakeTmp/CMAKE_TRY_COMPILE.build/Debug/cmTryCompileExec2756599666.build/DerivedSources -Wmost -Wno-four-char-constants -Wno-unknown-pragmas -F/Users/elliotfiske/471/Cmake/CMakeFiles/CMakeTmp/Debug -g -MMD -MT dependencies -MF /Users/elliotfiske/471/Cmake/CMakeFiles/CMakeTmp/CMAKE_TRY_COMPILE.build/Debug/cmTryCompileExec2756599666.build/Objects-normal/x86_64/CMakeCXXCompilerABI.d --serialize-diagnostics /Users/elliotfiske/471/Cmake/CMakeFiles/CMakeTmp/CMAKE_TRY_COMPILE.build/Debug/cmTryCompileExec2756599666.build/Objects-normal/x86_64/CMakeCXXCompilerABI.dia -c /Applications/CMake.app/Contents/share/cmake-3.1/Modules/CMakeCXXCompilerABI.cpp -o /Users/elliotfiske/471/Cmake/CMakeFiles/CMakeTmp/CMAKE_TRY_COMPILE.build/Debug/cmTryCompileExec2756599666.build/Objects-normal/x86_64/CMakeCXXCompilerABI.o]
  ignore line: []
  ignore line: [Ld Debug/cmTryCompileExec2756599666 normal x86_64]
  ignore line: [    cd /Users/elliotfiske/471/Cmake/CMakeFiles/CMakeTmp]
  ignore line: [    export MACOSX_DEPLOYMENT_TARGET=10.10]
  ignore line: [    /Applications/Xcode.app/Contents/Developer/Toolchains/XcodeDefault.xctoolchain/usr/bin/clang++ -arch x86_64 -isysroot /Applications/Xcode.app/Contents/Developer/Platforms/MacOSX.platform/Developer/SDKs/MacOSX10.10.sdk -L/Users/elliotfiske/471/Cmake/CMakeFiles/CMakeTmp/Debug -F/Users/elliotfiske/471/Cmake/CMakeFiles/CMakeTmp/Debug -filelist /Users/elliotfiske/471/Cmake/CMakeFiles/CMakeTmp/CMAKE_TRY_COMPILE.build/Debug/cmTryCompileExec2756599666.build/Objects-normal/x86_64/cmTryCompileExec2756599666.LinkFileList -mmacosx-version-min=10.10 -v -Wl,-v -Wl,-search_paths_first -Wl,-headerpad_max_install_names -Xlinker -dependency_info -Xlinker /Users/elliotfiske/471/Cmake/CMakeFiles/CMakeTmp/CMAKE_TRY_COMPILE.build/Debug/cmTryCompileExec2756599666.build/Objects-normal/x86_64/cmTryCompileExec2756599666_dependency_info.dat -o /Users/elliotfiske/471/Cmake/CMakeFiles/CMakeTmp/Debug/cmTryCompileExec2756599666]
  ignore line: [Apple LLVM version 6.0 (clang-600.0.56) (based on LLVM 3.5svn)]
  ignore line: [Target: x86_64-apple-darwin14.0.0]
  ignore line: [Thread model: posix]
  reduced line: [ "/Applications/Xcode.app/Contents/Developer/Toolchains/XcodeDefault.xctoolchain/usr/bin/ld" -demangle -dynamic -arch x86_64 -macosx_version_min 10.10.0 -syslibroot /Applications/Xcode.app/Contents/Developer/Platforms/MacOSX.platform/Developer/SDKs/MacOSX10.10.sdk -o /Users/elliotfiske/471/Cmake/CMakeFiles/CMakeTmp/Debug/cmTryCompileExec2756599666 -L/Users/elliotfiske/471/Cmake/CMakeFiles/CMakeTmp/Debug -filelist /Users/elliotfiske/471/Cmake/CMakeFiles/CMakeTmp/CMAKE_TRY_COMPILE.build/Debug/cmTryCompileExec2756599666.build/Objects-normal/x86_64/cmTryCompileExec2756599666.LinkFileList -v -search_paths_first -headerpad_max_install_names -dependency_info /Users/elliotfiske/471/Cmake/CMakeFiles/CMakeTmp/CMAKE_TRY_COMPILE.build/Debug/cmTryCompileExec2756599666.build/Objects-normal/x86_64/cmTryCompileExec2756599666_dependency_info.dat -lc++ -lSystem /Applications/Xcode.app/Contents/Developer/Toolchains/XcodeDefault.xctoolchain/usr/bin/../lib/clang/6.0/lib/darwin/libclang_rt.osx.a -F/Users/elliotfiske/471/Cmake/CMakeFiles/CMakeTmp/Debug]
            to: [ "/Applications/Xcode.app/Contents/Developer/Toolchains/XcodeDefault.xctoolchain/usr/bin/ld" -demangle -dynamic -arch x86_64 -macosx_version_min 10.10.0 -syslibroot /Applications/Xcode.app/Contents/Developer/Platforms/MacOSX.platform/Developer/SDKs/MacOSX10.10.sdk -o /Users/elliotfiske/471/Cmake/CMakeFiles/CMakeTmp/Debug/cmTryCompileExec2756599666 -filelist /Users/elliotfiske/471/Cmake/CMakeFiles/CMakeTmp/CMAKE_TRY_COMPILE.build/Debug/cmTryCompileExec2756599666.build/Objects-normal/x86_64/cmTryCompileExec2756599666.LinkFileList -v -search_paths_first -headerpad_max_install_names -dependency_info /Users/elliotfiske/471/Cmake/CMakeFiles/CMakeTmp/CMAKE_TRY_COMPILE.build/Debug/cmTryCompileExec2756599666.build/Objects-normal/x86_64/cmTryCompileExec2756599666_dependency_info.dat -lc++ -lSystem /Applications/Xcode.app/Contents/Developer/Toolchains/XcodeDefault.xctoolchain/usr/bin/../lib/clang/6.0/lib/darwin/libclang_rt.osx.a ]
  link line: [ "/Applications/Xcode.app/Contents/Developer/Toolchains/XcodeDefault.xctoolchain/usr/bin/ld" -demangle -dynamic -arch x86_64 -macosx_version_min 10.10.0 -syslibroot /Applications/Xcode.app/Contents/Developer/Platforms/MacOSX.platform/Developer/SDKs/MacOSX10.10.sdk -o /Users/elliotfiske/471/Cmake/CMakeFiles/CMakeTmp/Debug/cmTryCompileExec2756599666 -filelist /Users/elliotfiske/471/Cmake/CMakeFiles/CMakeTmp/CMAKE_TRY_COMPILE.build/Debug/cmTryCompileExec2756599666.build/Objects-normal/x86_64/cmTryCompileExec2756599666.LinkFileList -v -search_paths_first -headerpad_max_install_names -dependency_info /Users/elliotfiske/471/Cmake/CMakeFiles/CMakeTmp/CMAKE_TRY_COMPILE.build/Debug/cmTryCompileExec2756599666.build/Objects-normal/x86_64/cmTryCompileExec2756599666_dependency_info.dat -lc++ -lSystem /Applications/Xcode.app/Contents/Developer/Toolchains/XcodeDefault.xctoolchain/usr/bin/../lib/clang/6.0/lib/darwin/libclang_rt.osx.a ]
    arg [/Applications/Xcode.app/Contents/Developer/Toolchains/XcodeDefault.xctoolchain/usr/bin/ld] ==> ignore
    arg [-demangle] ==> ignore
    arg [-dynamic] ==> ignore
    arg [-arch] ==> ignore
    arg [x86_64] ==> ignore
    arg [-macosx_version_min] ==> ignore
    arg [10.10.0] ==> ignore
    arg [-syslibroot] ==> ignore
    arg [/Applications/Xcode.app/Contents/Developer/Platforms/MacOSX.platform/Developer/SDKs/MacOSX10.10.sdk] ==> ignore
    arg [-o] ==> ignore
    arg [/Users/elliotfiske/471/Cmake/CMakeFiles/CMakeTmp/Debug/cmTryCompileExec2756599666] ==> ignore
    arg [-filelist] ==> ignore
    arg [/Users/elliotfiske/471/Cmake/CMakeFiles/CMakeTmp/CMAKE_TRY_COMPILE.build/Debug/cmTryCompileExec2756599666.build/Objects-normal/x86_64/cmTryCompileExec2756599666.LinkFileList] ==> ignore
    arg [-v] ==> ignore
    arg [-search_paths_first] ==> ignore
    arg [-headerpad_max_install_names] ==> ignore
    arg [-dependency_info] ==> ignore
    arg [/Users/elliotfiske/471/Cmake/CMakeFiles/CMakeTmp/CMAKE_TRY_COMPILE.build/Debug/cmTryCompileExec2756599666.build/Objects-normal/x86_64/cmTryCompileExec2756599666_dependency_info.dat] ==> ignore
    arg [-lc++] ==> lib [c++]
    arg [-lSystem] ==> lib [System]
    arg [/Applications/Xcode.app/Contents/Developer/Toolchains/XcodeDefault.xctoolchain/usr/bin/../lib/clang/6.0/lib/darwin/libclang_rt.osx.a] ==> lib [/Applications/Xcode.app/Contents/Developer/Toolchains/XcodeDefault.xctoolchain/usr/bin/../lib/clang/6.0/lib/darwin/libclang_rt.osx.a]
  Library search paths: [;/Users/elliotfiske/471/Cmake/CMakeFiles/CMakeTmp/Debug;/Applications/Xcode.app/Contents/Developer/Platforms/MacOSX.platform/Developer/SDKs/MacOSX10.10.sdk/usr/lib]
  Framework search paths: [;/Users/elliotfiske/471/Cmake/CMakeFiles/CMakeTmp/Debug;/Applications/Xcode.app/Contents/Developer/Platforms/MacOSX.platform/Developer/SDKs/MacOSX10.10.sdk/System/Library/Frameworks/]
  remove lib [System]
  collapse lib [/Applications/Xcode.app/Contents/Developer/Toolchains/XcodeDefault.xctoolchain/usr/bin/../lib/clang/6.0/lib/darwin/libclang_rt.osx.a] ==> [/Applications/Xcode.app/Contents/Developer/Toolchains/XcodeDefault.xctoolchain/usr/lib/clang/6.0/lib/darwin/libclang_rt.osx.a]
  collapse library dir [/Users/elliotfiske/471/Cmake/CMakeFiles/CMakeTmp/Debug] ==> [/Users/elliotfiske/471/Cmake/CMakeFiles/CMakeTmp/Debug], skipping non-system directory
  collapse library dir [/Applications/Xcode.app/Contents/Developer/Platforms/MacOSX.platform/Developer/SDKs/MacOSX10.10.sdk/usr/lib] ==> [/Applications/Xcode.app/Contents/Developer/Platforms/MacOSX.platform/Developer/SDKs/MacOSX10.10.sdk/usr/lib]
  collapse framework dir [/Users/elliotfiske/471/Cmake/CMakeFiles/CMakeTmp/Debug] ==> [/Users/elliotfiske/471/Cmake/CMakeFiles/CMakeTmp/Debug], skipping non-system directory
  collapse framework dir [/Applications/Xcode.app/Contents/Developer/Platforms/MacOSX.platform/Developer/SDKs/MacOSX10.10.sdk/System/Library/Frameworks/] ==> [/Applications/Xcode.app/Contents/Developer/Platforms/MacOSX.platform/Developer/SDKs/MacOSX10.10.sdk/System/Library/Frameworks]
  implicit libs: [c++;/Applications/Xcode.app/Contents/Developer/Toolchains/XcodeDefault.xctoolchain/usr/lib/clang/6.0/lib/darwin/libclang_rt.osx.a]
  implicit dirs: [/Applications/Xcode.app/Contents/Developer/Platforms/MacOSX.platform/Developer/SDKs/MacOSX10.10.sdk/usr/lib]
  implicit fwks: [/Applications/Xcode.app/Contents/Developer/Platforms/MacOSX.platform/Developer/SDKs/MacOSX10.10.sdk/System/Library/Frameworks]


Determining if files pthread.h exist passed with the following output:
Change Dir: /Users/elliotfiske/471/Cmake/CMakeFiles/CMakeTmp

Run Build Command:"/Applications/CMake.app/Contents/bin/cmakexbuild" "-project" "CMAKE_TRY_COMPILE.xcodeproj" "build" "-target" "cmTryCompileExec39857973" "-configuration" "Debug"
=== BUILD TARGET cmTryCompileExec39857973 OF PROJECT CMAKE_TRY_COMPILE WITH CONFIGURATION Debug ===

Check dependencies

Write auxiliary files
/bin/mkdir -p /Users/elliotfiske/471/Cmake/CMakeFiles/CMakeTmp/CMAKE_TRY_COMPILE.build/Debug/cmTryCompileExec39857973.build/Objects-normal/x86_64
write-file /Users/elliotfiske/471/Cmake/CMakeFiles/CMakeTmp/CMAKE_TRY_COMPILE.build/Debug/cmTryCompileExec39857973.build/Objects-normal/x86_64/cmTryCompileExec39857973.LinkFileList

CompileC CMAKE_TRY_COMPILE.build/Debug/cmTryCompileExec39857973.build/Objects-normal/x86_64/CheckIncludeFiles.o CheckIncludeFiles.c normal x86_64 c com.apple.compilers.llvm.clang.1_0.compiler
    cd /Users/elliotfiske/471/Cmake/CMakeFiles/CMakeTmp
    export LANG=en_US.US-ASCII
    /Applications/Xcode.app/Contents/Developer/Toolchains/XcodeDefault.xctoolchain/usr/bin/clang -x c -arch x86_64 -fmessage-length=0 -fdiagnostics-show-note-include-stack -fmacro-backtrace-limit=0 -Wno-trigraphs -fpascal-strings -O0 -Wno-missing-field-initializers -Wno-missing-prototypes -Wno-return-type -Wno-missing-braces -Wparentheses -Wswitch -Wno-unused-function -Wno-unused-label -Wno-unused-parameter -Wno-unused-variable -Wunused-value -Wno-empty-body -Wno-uninitialized -Wno-unknown-pragmas -Wno-shadow -Wno-four-char-constants -Wno-conversion -Wno-constant-conversion -Wno-int-conversion -Wno-bool-conversion -Wno-enum-conversion -Wno-shorten-64-to-32 -Wpointer-sign -Wno-newline-eof -DCMAKE_INTDIR=\"Debug\" -isysroot /Applications/Xcode.app/Contents/Developer/Platforms/MacOSX.platform/Developer/SDKs/MacOSX10.10.sdk -fasm-blocks -fstrict-aliasing -Wdeprecated-declarations -mmacosx-version-min=10.10 -g -Wno-sign-conversion -I/Users/elliotfiske/471/Cmake/CMakeFiles/CMakeTmp/Debug/include -I/Applications/Xcode.app/Contents/Developer/Toolchains/XcodeDefault.xctoolchain/usr/include -I/Users/elliotfiske/471/Cmake/CMakeFiles/CMakeTmp/CMAKE_TRY_COMPILE.build/Debug/cmTryCompileExec39857973.build/DerivedSources/x86_64 -I/Users/elliotfiske/471/Cmake/CMakeFiles/CMakeTmp/CMAKE_TRY_COMPILE.build/Debug/cmTryCompileExec39857973.build/DerivedSources -Wmost -Wno-four-char-constants -Wno-unknown-pragmas -F/Users/elliotfiske/471/Cmake/CMakeFiles/CMakeTmp/Debug -MMD -MT dependencies -MF /Users/elliotfiske/471/Cmake/CMakeFiles/CMakeTmp/CMAKE_TRY_COMPILE.build/Debug/cmTryCompileExec39857973.build/Objects-normal/x86_64/CheckIncludeFiles.d --serialize-diagnostics /Users/elliotfiske/471/Cmake/CMakeFiles/CMakeTmp/CMAKE_TRY_COMPILE.build/Debug/cmTryCompileExec39857973.build/Objects-normal/x86_64/CheckIncludeFiles.dia -c /Users/elliotfiske/471/Cmake/CMakeFiles/CMakeTmp/CheckIncludeFiles.c -o /Users/elliotfiske/471/Cmake/CMakeFiles/CMakeTmp/CMAKE_TRY_COMPILE.build/Debug/cmTryCompileExec39857973.build/Objects-normal/x86_64/CheckIncludeFiles.o

Ld Debug/cmTryCompileExec39857973 normal x86_64
    cd /Users/elliotfiske/471/Cmake/CMakeFiles/CMakeTmp
    export MACOSX_DEPLOYMENT_TARGET=10.10
    /Applications/Xcode.app/Contents/Developer/Toolchains/XcodeDefault.xctoolchain/usr/bin/clang -arch x86_64 -isysroot /Applications/Xcode.app/Contents/Developer/Platforms/MacOSX.platform/Developer/SDKs/MacOSX10.10.sdk -L/Users/elliotfiske/471/Cmake/CMakeFiles/CMakeTmp/Debug -F/Users/elliotfiske/471/Cmake/CMakeFiles/CMakeTmp/Debug -filelist /Users/elliotfiske/471/Cmake/CMakeFiles/CMakeTmp/CMAKE_TRY_COMPILE.build/Debug/cmTryCompileExec39857973.build/Objects-normal/x86_64/cmTryCompileExec39857973.LinkFileList -mmacosx-version-min=10.10 -Wl,-search_paths_first -Wl,-headerpad_max_install_names -Xlinker -dependency_info -Xlinker /Users/elliotfiske/471/Cmake/CMakeFiles/CMakeTmp/CMAKE_TRY_COMPILE.build/Debug/cmTryCompileExec39857973.build/Objects-normal/x86_64/cmTryCompileExec39857973_dependency_info.dat -o /Users/elliotfiske/471/Cmake/CMakeFiles/CMakeTmp/Debug/cmTryCompileExec39857973

** BUILD SUCCEEDED **



Determining if the pthread_create exist passed with the following output:
Change Dir: /Users/elliotfiske/471/Cmake/CMakeFiles/CMakeTmp

Run Build Command:"/Applications/CMake.app/Contents/bin/cmakexbuild" "-project" "CMAKE_TRY_COMPILE.xcodeproj" "build" "-target" "cmTryCompileExec2750163168" "-configuration" "Debug"
=== BUILD TARGET cmTryCompileExec2750163168 OF PROJECT CMAKE_TRY_COMPILE WITH CONFIGURATION Debug ===

Check dependencies

Write auxiliary files
/bin/mkdir -p /Users/elliotfiske/471/Cmake/CMakeFiles/CMakeTmp/CMAKE_TRY_COMPILE.build/Debug/cmTryCompileExec2750163168.build/Objects-normal/x86_64
write-file /Users/elliotfiske/471/Cmake/CMakeFiles/CMakeTmp/CMAKE_TRY_COMPILE.build/Debug/cmTryCompileExec2750163168.build/Objects-normal/x86_64/cmTryCompileExec2750163168.LinkFileList

CompileC CMAKE_TRY_COMPILE.build/Debug/cmTryCompileExec2750163168.build/Objects-normal/x86_64/CheckSymbolExists.o CheckSymbolExists.c normal x86_64 c com.apple.compilers.llvm.clang.1_0.compiler
    cd /Users/elliotfiske/471/Cmake/CMakeFiles/CMakeTmp
    export LANG=en_US.US-ASCII
    /Applications/Xcode.app/Contents/Developer/Toolchains/XcodeDefault.xctoolchain/usr/bin/clang -x c -arch x86_64 -fmessage-length=0 -fdiagnostics-show-note-include-stack -fmacro-backtrace-limit=0 -Wno-trigraphs -fpascal-strings -O0 -Wno-missing-field-initializers -Wno-missing-prototypes -Wno-return-type -Wno-missing-braces -Wparentheses -Wswitch -Wno-unused-function -Wno-unused-label -Wno-unused-parameter -Wno-unused-variable -Wunused-value -Wno-empty-body -Wno-uninitialized -Wno-unknown-pragmas -Wno-shadow -Wno-four-char-constants -Wno-conversion -Wno-constant-conversion -Wno-int-conversion -Wno-bool-conversion -Wno-enum-conversion -Wno-shorten-64-to-32 -Wpointer-sign -Wno-newline-eof -DCMAKE_INTDIR=\"Debug\" -isysroot /Applications/Xcode.app/Contents/Developer/Platforms/MacOSX.platform/Developer/SDKs/MacOSX10.10.sdk -fasm-blocks -fstrict-aliasing -Wdeprecated-declarations -mmacosx-version-min=10.10 -g -Wno-sign-conversion -I/Users/elliotfiske/471/Cmake/CMakeFiles/CMakeTmp/Debug/include -I/Applications/Xcode.app/Contents/Developer/Toolchains/XcodeDefault.xctoolchain/usr/include -I/Users/elliotfiske/471/Cmake/CMakeFiles/CMakeTmp/CMAKE_TRY_COMPILE.build/Debug/cmTryCompileExec2750163168.build/DerivedSources/x86_64 -I/Users/elliotfiske/471/Cmake/CMakeFiles/CMakeTmp/CMAKE_TRY_COMPILE.build/Debug/cmTryCompileExec2750163168.build/DerivedSources -Wmost -Wno-four-char-constants -Wno-unknown-pragmas -F/Users/elliotfiske/471/Cmake/CMakeFiles/CMakeTmp/Debug -MMD -MT dependencies -MF /Users/elliotfiske/471/Cmake/CMakeFiles/CMakeTmp/CMAKE_TRY_COMPILE.build/Debug/cmTryCompileExec2750163168.build/Objects-normal/x86_64/CheckSymbolExists.d --serialize-diagnostics /Users/elliotfiske/471/Cmake/CMakeFiles/CMakeTmp/CMAKE_TRY_COMPILE.build/Debug/cmTryCompileExec2750163168.build/Objects-normal/x86_64/CheckSymbolExists.dia -c /Users/elliotfiske/471/Cmake/CMakeFiles/CMakeTmp/CheckSymbolExists.c -o /Users/elliotfiske/471/Cmake/CMakeFiles/CMakeTmp/CMAKE_TRY_COMPILE.build/Debug/cmTryCompileExec2750163168.build/Objects-normal/x86_64/CheckSymbolExists.o

Ld Debug/cmTryCompileExec2750163168 normal x86_64
    cd /Users/elliotfiske/471/Cmake/CMakeFiles/CMakeTmp
    export MACOSX_DEPLOYMENT_TARGET=10.10
    /Applications/Xcode.app/Contents/Developer/Toolchains/XcodeDefault.xctoolchain/usr/bin/clang -arch x86_64 -isysroot /Applications/Xcode.app/Contents/Developer/Platforms/MacOSX.platform/Developer/SDKs/MacOSX10.10.sdk -L/Users/elliotfiske/471/Cmake/CMakeFiles/CMakeTmp/Debug -F/Users/elliotfiske/471/Cmake/CMakeFiles/CMakeTmp/Debug -filelist /Users/elliotfiske/471/Cmake/CMakeFiles/CMakeTmp/CMAKE_TRY_COMPILE.build/Debug/cmTryCompileExec2750163168.build/Objects-normal/x86_64/cmTryCompileExec2750163168.LinkFileList -mmacosx-version-min=10.10 -Wl,-search_paths_first -Wl,-headerpad_max_install_names -Xlinker -dependency_info -Xlinker /Users/elliotfiske/471/Cmake/CMakeFiles/CMakeTmp/CMAKE_TRY_COMPILE.build/Debug/cmTryCompileExec2750163168.build/Objects-normal/x86_64/cmTryCompileExec2750163168_dependency_info.dat -o /Users/elliotfiske/471/Cmake/CMakeFiles/CMakeTmp/Debug/cmTryCompileExec2750163168

** BUILD SUCCEEDED **


File /Users/elliotfiske/471/Cmake/CMakeFiles/CMakeTmp/CheckSymbolExists.c:
/* */
#include <pthread.h>

int main(int argc, char** argv)
{
  (void)argv;
#ifndef pthread_create
  return ((int*)(&pthread_create))[argc];
#else
  (void)argc;
  return 0;
#endif
}

Determining if the include file sys/types.h exists passed with the following output:
Change Dir: /Users/elliotfiske/471/Cmake/CMakeFiles/CMakeTmp

Run Build Command:"/Applications/CMake.app/Contents/bin/cmakexbuild" "-project" "CMAKE_TRY_COMPILE.xcodeproj" "build" "-target" "cmTryCompileExec592785827" "-configuration" "Debug"
=== BUILD TARGET cmTryCompileExec592785827 OF PROJECT CMAKE_TRY_COMPILE WITH CONFIGURATION Debug ===

Check dependencies

Write auxiliary files
/bin/mkdir -p /Users/elliotfiske/471/Cmake/CMakeFiles/CMakeTmp/CMAKE_TRY_COMPILE.build/Debug/cmTryCompileExec592785827.build/Objects-normal/x86_64
write-file /Users/elliotfiske/471/Cmake/CMakeFiles/CMakeTmp/CMAKE_TRY_COMPILE.build/Debug/cmTryCompileExec592785827.build/Objects-normal/x86_64/cmTryCompileExec592785827.LinkFileList

CompileC CMAKE_TRY_COMPILE.build/Debug/cmTryCompileExec592785827.build/Objects-normal/x86_64/CheckIncludeFile.o CheckIncludeFile.c normal x86_64 c com.apple.compilers.llvm.clang.1_0.compiler
    cd /Users/elliotfiske/471/Cmake/CMakeFiles/CMakeTmp
    export LANG=en_US.US-ASCII
    /Applications/Xcode.app/Contents/Developer/Toolchains/XcodeDefault.xctoolchain/usr/bin/clang -x c -arch x86_64 -fmessage-length=0 -fdiagnostics-show-note-include-stack -fmacro-backtrace-limit=0 -Wno-trigraphs -fpascal-strings -O0 -Wno-missing-field-initializers -Wno-missing-prototypes -Wno-return-type -Wno-missing-braces -Wparentheses -Wswitch -Wno-unused-function -Wno-unused-label -Wno-unused-parameter -Wno-unused-variable -Wunused-value -Wno-empty-body -Wno-uninitialized -Wno-unknown-pragmas -Wno-shadow -Wno-four-char-constants -Wno-conversion -Wno-constant-conversion -Wno-int-conversion -Wno-bool-conversion -Wno-enum-conversion -Wno-shorten-64-to-32 -Wpointer-sign -Wno-newline-eof -DCMAKE_INTDIR=\"Debug\" -isysroot /Applications/Xcode.app/Contents/Developer/Platforms/MacOSX.platform/Developer/SDKs/MacOSX10.10.sdk -fasm-blocks -fstrict-aliasing -Wdeprecated-declarations -mmacosx-version-min=10.10 -g -Wno-sign-conversion -I/Users/elliotfiske/471/Cmake/CMakeFiles/CMakeTmp/Debug/include -I/Applications/Xcode.app/Contents/Developer/Toolchains/XcodeDefault.xctoolchain/usr/include -I/Users/elliotfiske/471/Cmake/CMakeFiles/CMakeTmp/CMAKE_TRY_COMPILE.build/Debug/cmTryCompileExec592785827.build/DerivedSources/x86_64 -I/Users/elliotfiske/471/Cmake/CMakeFiles/CMakeTmp/CMAKE_TRY_COMPILE.build/Debug/cmTryCompileExec592785827.build/DerivedSources -Wmost -Wno-four-char-constants -Wno-unknown-pragmas -F/Users/elliotfiske/471/Cmake/CMakeFiles/CMakeTmp/Debug -MMD -MT dependencies -MF /Users/elliotfiske/471/Cmake/CMakeFiles/CMakeTmp/CMAKE_TRY_COMPILE.build/Debug/cmTryCompileExec592785827.build/Objects-normal/x86_64/CheckIncludeFile.d --serialize-diagnostics /Users/elliotfiske/471/Cmake/CMakeFiles/CMakeTmp/CMAKE_TRY_COMPILE.build/Debug/cmTryCompileExec592785827.build/Objects-normal/x86_64/CheckIncludeFile.dia -c /Users/elliotfiske/471/Cmake/CMakeFiles/CMakeTmp/CheckIncludeFile.c -o /Users/elliotfiske/471/Cmake/CMakeFiles/CMakeTmp/CMAKE_TRY_COMPILE.build/Debug/cmTryCompileExec592785827.build/Objects-normal/x86_64/CheckIncludeFile.o

Ld Debug/cmTryCompileExec592785827 normal x86_64
    cd /Users/elliotfiske/471/Cmake/CMakeFiles/CMakeTmp
    export MACOSX_DEPLOYMENT_TARGET=10.10
    /Applications/Xcode.app/Contents/Developer/Toolchains/XcodeDefault.xctoolchain/usr/bin/clang -arch x86_64 -isysroot /Applications/Xcode.app/Contents/Developer/Platforms/MacOSX.platform/Developer/SDKs/MacOSX10.10.sdk -L/Users/elliotfiske/471/Cmake/CMakeFiles/CMakeTmp/Debug -F/Users/elliotfiske/471/Cmake/CMakeFiles/CMakeTmp/Debug -filelist /Users/elliotfiske/471/Cmake/CMakeFiles/CMakeTmp/CMAKE_TRY_COMPILE.build/Debug/cmTryCompileExec592785827.build/Objects-normal/x86_64/cmTryCompileExec592785827.LinkFileList -mmacosx-version-min=10.10 -Wl,-search_paths_first -Wl,-headerpad_max_install_names -Xlinker -dependency_info -Xlinker /Users/elliotfiske/471/Cmake/CMakeFiles/CMakeTmp/CMAKE_TRY_COMPILE.build/Debug/cmTryCompileExec592785827.build/Objects-normal/x86_64/cmTryCompileExec592785827_dependency_info.dat -o /Users/elliotfiske/471/Cmake/CMakeFiles/CMakeTmp/Debug/cmTryCompileExec592785827

** BUILD SUCCEEDED **



Determining if the include file stdint.h exists passed with the following output:
Change Dir: /Users/elliotfiske/471/Cmake/CMakeFiles/CMakeTmp

Run Build Command:"/Applications/CMake.app/Contents/bin/cmakexbuild" "-project" "CMAKE_TRY_COMPILE.xcodeproj" "build" "-target" "cmTryCompileExec4022035493" "-configuration" "Debug"
=== BUILD TARGET cmTryCompileExec4022035493 OF PROJECT CMAKE_TRY_COMPILE WITH CONFIGURATION Debug ===

Check dependencies

Write auxiliary files
/bin/mkdir -p /Users/elliotfiske/471/Cmake/CMakeFiles/CMakeTmp/CMAKE_TRY_COMPILE.build/Debug/cmTryCompileExec4022035493.build/Objects-normal/x86_64
write-file /Users/elliotfiske/471/Cmake/CMakeFiles/CMakeTmp/CMAKE_TRY_COMPILE.build/Debug/cmTryCompileExec4022035493.build/Objects-normal/x86_64/cmTryCompileExec4022035493.LinkFileList

CompileC CMAKE_TRY_COMPILE.build/Debug/cmTryCompileExec4022035493.build/Objects-normal/x86_64/CheckIncludeFile.o CheckIncludeFile.c normal x86_64 c com.apple.compilers.llvm.clang.1_0.compiler
    cd /Users/elliotfiske/471/Cmake/CMakeFiles/CMakeTmp
    export LANG=en_US.US-ASCII
    /Applications/Xcode.app/Contents/Developer/Toolchains/XcodeDefault.xctoolchain/usr/bin/clang -x c -arch x86_64 -fmessage-length=0 -fdiagnostics-show-note-include-stack -fmacro-backtrace-limit=0 -Wno-trigraphs -fpascal-strings -O0 -Wno-missing-field-initializers -Wno-missing-prototypes -Wno-return-type -Wno-missing-braces -Wparentheses -Wswitch -Wno-unused-function -Wno-unused-label -Wno-unused-parameter -Wno-unused-variable -Wunused-value -Wno-empty-body -Wno-uninitialized -Wno-unknown-pragmas -Wno-shadow -Wno-four-char-constants -Wno-conversion -Wno-constant-conversion -Wno-int-conversion -Wno-bool-conversion -Wno-enum-conversion -Wno-shorten-64-to-32 -Wpointer-sign -Wno-newline-eof -DCMAKE_INTDIR=\"Debug\" -isysroot /Applications/Xcode.app/Contents/Developer/Platforms/MacOSX.platform/Developer/SDKs/MacOSX10.10.sdk -fasm-blocks -fstrict-aliasing -Wdeprecated-declarations -mmacosx-version-min=10.10 -g -Wno-sign-conversion -I/Users/elliotfiske/471/Cmake/CMakeFiles/CMakeTmp/Debug/include -I/Applications/Xcode.app/Contents/Developer/Toolchains/XcodeDefault.xctoolchain/usr/include -I/Users/elliotfiske/471/Cmake/CMakeFiles/CMakeTmp/CMAKE_TRY_COMPILE.build/Debug/cmTryCompileExec4022035493.build/DerivedSources/x86_64 -I/Users/elliotfiske/471/Cmake/CMakeFiles/CMakeTmp/CMAKE_TRY_COMPILE.build/Debug/cmTryCompileExec4022035493.build/DerivedSources -Wmost -Wno-four-char-constants -Wno-unknown-pragmas -F/Users/elliotfiske/471/Cmake/CMakeFiles/CMakeTmp/Debug -MMD -MT dependencies -MF /Users/elliotfiske/471/Cmake/CMakeFiles/CMakeTmp/CMAKE_TRY_COMPILE.build/Debug/cmTryCompileExec4022035493.build/Objects-normal/x86_64/CheckIncludeFile.d --serialize-diagnostics /Users/elliotfiske/471/Cmake/CMakeFiles/CMakeTmp/CMAKE_TRY_COMPILE.build/Debug/cmTryCompileExec4022035493.build/Objects-normal/x86_64/CheckIncludeFile.dia -c /Users/elliotfiske/471/Cmake/CMakeFiles/CMakeTmp/CheckIncludeFile.c -o /Users/elliotfiske/471/Cmake/CMakeFiles/CMakeTmp/CMAKE_TRY_COMPILE.build/Debug/cmTryCompileExec4022035493.build/Objects-normal/x86_64/CheckIncludeFile.o

Ld Debug/cmTryCompileExec4022035493 normal x86_64
    cd /Users/elliotfiske/471/Cmake/CMakeFiles/CMakeTmp
    export MACOSX_DEPLOYMENT_TARGET=10.10
    /Applications/Xcode.app/Contents/Developer/Toolchains/XcodeDefault.xctoolchain/usr/bin/clang -arch x86_64 -isysroot /Applications/Xcode.app/Contents/Developer/Platforms/MacOSX.platform/Developer/SDKs/MacOSX10.10.sdk -L/Users/elliotfiske/471/Cmake/CMakeFiles/CMakeTmp/Debug -F/Users/elliotfiske/471/Cmake/CMakeFiles/CMakeTmp/Debug -filelist /Users/elliotfiske/471/Cmake/CMakeFiles/CMakeTmp/CMAKE_TRY_COMPILE.build/Debug/cmTryCompileExec4022035493.build/Objects-normal/x86_64/cmTryCompileExec4022035493.LinkFileList -mmacosx-version-min=10.10 -Wl,-search_paths_first -Wl,-headerpad_max_install_names -Xlinker -dependency_info -Xlinker /Users/elliotfiske/471/Cmake/CMakeFiles/CMakeTmp/CMAKE_TRY_COMPILE.build/Debug/cmTryCompileExec4022035493.build/Objects-normal/x86_64/cmTryCompileExec4022035493_dependency_info.dat -o /Users/elliotfiske/471/Cmake/CMakeFiles/CMakeTmp/Debug/cmTryCompileExec4022035493

** BUILD SUCCEEDED **



Determining if the include file stddef.h exists passed with the following output:
Change Dir: /Users/elliotfiske/471/Cmake/CMakeFiles/CMakeTmp

Run Build Command:"/Applications/CMake.app/Contents/bin/cmakexbuild" "-project" "CMAKE_TRY_COMPILE.xcodeproj" "build" "-target" "cmTryCompileExec1362283603" "-configuration" "Debug"
=== BUILD TARGET cmTryCompileExec1362283603 OF PROJECT CMAKE_TRY_COMPILE WITH CONFIGURATION Debug ===

Check dependencies

Write auxiliary files
/bin/mkdir -p /Users/elliotfiske/471/Cmake/CMakeFiles/CMakeTmp/CMAKE_TRY_COMPILE.build/Debug/cmTryCompileExec1362283603.build/Objects-normal/x86_64
write-file /Users/elliotfiske/471/Cmake/CMakeFiles/CMakeTmp/CMAKE_TRY_COMPILE.build/Debug/cmTryCompileExec1362283603.build/Objects-normal/x86_64/cmTryCompileExec1362283603.LinkFileList

CompileC CMAKE_TRY_COMPILE.build/Debug/cmTryCompileExec1362283603.build/Objects-normal/x86_64/CheckIncludeFile.o CheckIncludeFile.c normal x86_64 c com.apple.compilers.llvm.clang.1_0.compiler
    cd /Users/elliotfiske/471/Cmake/CMakeFiles/CMakeTmp
    export LANG=en_US.US-ASCII
    /Applications/Xcode.app/Contents/Developer/Toolchains/XcodeDefault.xctoolchain/usr/bin/clang -x c -arch x86_64 -fmessage-length=0 -fdiagnostics-show-note-include-stack -fmacro-backtrace-limit=0 -Wno-trigraphs -fpascal-strings -O0 -Wno-missing-field-initializers -Wno-missing-prototypes -Wno-return-type -Wno-missing-braces -Wparentheses -Wswitch -Wno-unused-function -Wno-unused-label -Wno-unused-parameter -Wno-unused-variable -Wunused-value -Wno-empty-body -Wno-uninitialized -Wno-unknown-pragmas -Wno-shadow -Wno-four-char-constants -Wno-conversion -Wno-constant-conversion -Wno-int-conversion -Wno-bool-conversion -Wno-enum-conversion -Wno-shorten-64-to-32 -Wpointer-sign -Wno-newline-eof -DCMAKE_INTDIR=\"Debug\" -isysroot /Applications/Xcode.app/Contents/Developer/Platforms/MacOSX.platform/Developer/SDKs/MacOSX10.10.sdk -fasm-blocks -fstrict-aliasing -Wdeprecated-declarations -mmacosx-version-min=10.10 -g -Wno-sign-conversion -I/Users/elliotfiske/471/Cmake/CMakeFiles/CMakeTmp/Debug/include -I/Applications/Xcode.app/Contents/Developer/Toolchains/XcodeDefault.xctoolchain/usr/include -I/Users/elliotfiske/471/Cmake/CMakeFiles/CMakeTmp/CMAKE_TRY_COMPILE.build/Debug/cmTryCompileExec1362283603.build/DerivedSources/x86_64 -I/Users/elliotfiske/471/Cmake/CMakeFiles/CMakeTmp/CMAKE_TRY_COMPILE.build/Debug/cmTryCompileExec1362283603.build/DerivedSources -Wmost -Wno-four-char-constants -Wno-unknown-pragmas -F/Users/elliotfiske/471/Cmake/CMakeFiles/CMakeTmp/Debug -MMD -MT dependencies -MF /Users/elliotfiske/471/Cmake/CMakeFiles/CMakeTmp/CMAKE_TRY_COMPILE.build/Debug/cmTryCompileExec1362283603.build/Objects-normal/x86_64/CheckIncludeFile.d --serialize-diagnostics /Users/elliotfiske/471/Cmake/CMakeFiles/CMakeTmp/CMAKE_TRY_COMPILE.build/Debug/cmTryCompileExec1362283603.build/Objects-normal/x86_64/CheckIncludeFile.dia -c /Users/elliotfiske/471/Cmake/CMakeFiles/CMakeTmp/CheckIncludeFile.c -o /Users/elliotfiske/471/Cmake/CMakeFiles/CMakeTmp/CMAKE_TRY_COMPILE.build/Debug/cmTryCompileExec1362283603.build/Objects-normal/x86_64/CheckIncludeFile.o

Ld Debug/cmTryCompileExec1362283603 normal x86_64
    cd /Users/elliotfiske/471/Cmake/CMakeFiles/CMakeTmp
    export MACOSX_DEPLOYMENT_TARGET=10.10
    /Applications/Xcode.app/Contents/Developer/Toolchains/XcodeDefault.xctoolchain/usr/bin/clang -arch x86_64 -isysroot /Applications/Xcode.app/Contents/Developer/Platforms/MacOSX.platform/Developer/SDKs/MacOSX10.10.sdk -L/Users/elliotfiske/471/Cmake/CMakeFiles/CMakeTmp/Debug -F/Users/elliotfiske/471/Cmake/CMakeFiles/CMakeTmp/Debug -filelist /Users/elliotfiske/471/Cmake/CMakeFiles/CMakeTmp/CMAKE_TRY_COMPILE.build/Debug/cmTryCompileExec1362283603.build/Objects-normal/x86_64/cmTryCompileExec1362283603.LinkFileList -mmacosx-version-min=10.10 -Wl,-search_paths_first -Wl,-headerpad_max_install_names -Xlinker -dependency_info -Xlinker /Users/elliotfiske/471/Cmake/CMakeFiles/CMakeTmp/CMAKE_TRY_COMPILE.build/Debug/cmTryCompileExec1362283603.build/Objects-normal/x86_64/cmTryCompileExec1362283603_dependency_info.dat -o /Users/elliotfiske/471/Cmake/CMakeFiles/CMakeTmp/Debug/cmTryCompileExec1362283603

** BUILD SUCCEEDED **



Determining if the function fseeko exists passed with the following output:
Change Dir: /Users/elliotfiske/471/Cmake/CMakeFiles/CMakeTmp

Run Build Command:"/Applications/CMake.app/Contents/bin/cmakexbuild" "-project" "CMAKE_TRY_COMPILE.xcodeproj" "build" "-target" "cmTryCompileExec602124052" "-configuration" "Debug"
=== BUILD TARGET cmTryCompileExec602124052 OF PROJECT CMAKE_TRY_COMPILE WITH CONFIGURATION Debug ===

Check dependencies

Write auxiliary files
/bin/mkdir -p /Users/elliotfiske/471/Cmake/CMakeFiles/CMakeTmp/CMAKE_TRY_COMPILE.build/Debug/cmTryCompileExec602124052.build/Objects-normal/x86_64
write-file /Users/elliotfiske/471/Cmake/CMakeFiles/CMakeTmp/CMAKE_TRY_COMPILE.build/Debug/cmTryCompileExec602124052.build/Objects-normal/x86_64/cmTryCompileExec602124052.LinkFileList

CompileC CMAKE_TRY_COMPILE.build/Debug/cmTryCompileExec602124052.build/Objects-normal/x86_64/CheckFunctionExists.o /Applications/CMake.app/Contents/share/cmake-3.1/Modules/CheckFunctionExists.c normal x86_64 c com.apple.compilers.llvm.clang.1_0.compiler
    cd /Users/elliotfiske/471/Cmake/CMakeFiles/CMakeTmp
    export LANG=en_US.US-ASCII
    /Applications/Xcode.app/Contents/Developer/Toolchains/XcodeDefault.xctoolchain/usr/bin/clang -x c -arch x86_64 -fmessage-length=0 -fdiagnostics-show-note-include-stack -fmacro-backtrace-limit=0 -Wno-trigraphs -fpascal-strings -O0 -Wno-missing-field-initializers -Wno-missing-prototypes -Wno-return-type -Wno-missing-braces -Wparentheses -Wswitch -Wno-unused-function -Wno-unused-label -Wno-unused-parameter -Wno-unused-variable -Wunused-value -Wno-empty-body -Wno-uninitialized -Wno-unknown-pragmas -Wno-shadow -Wno-four-char-constants -Wno-conversion -Wno-constant-conversion -Wno-int-conversion -Wno-bool-conversion -Wno-enum-conversion -Wno-shorten-64-to-32 -Wpointer-sign -Wno-newline-eof -DCMAKE_INTDIR=\"Debug\" -isysroot /Applications/Xcode.app/Contents/Developer/Platforms/MacOSX.platform/Developer/SDKs/MacOSX10.10.sdk -fasm-blocks -fstrict-aliasing -Wdeprecated-declarations -mmacosx-version-min=10.10 -g -Wno-sign-conversion -I/Users/elliotfiske/471/Cmake/CMakeFiles/CMakeTmp/Debug/include -I/Applications/Xcode.app/Contents/Developer/Toolchains/XcodeDefault.xctoolchain/usr/include -I/Users/elliotfiske/471/Cmake/CMakeFiles/CMakeTmp/CMAKE_TRY_COMPILE.build/Debug/cmTryCompileExec602124052.build/DerivedSources/x86_64 -I/Users/elliotfiske/471/Cmake/CMakeFiles/CMakeTmp/CMAKE_TRY_COMPILE.build/Debug/cmTryCompileExec602124052.build/DerivedSources -Wmost -Wno-four-char-constants -Wno-unknown-pragmas -F/Users/elliotfiske/471/Cmake/CMakeFiles/CMakeTmp/Debug -DCHECK_FUNCTION_EXISTS=fseeko -MMD -MT dependencies -MF /Users/elliotfiske/471/Cmake/CMakeFiles/CMakeTmp/CMAKE_TRY_COMPILE.build/Debug/cmTryCompileExec602124052.build/Objects-normal/x86_64/CheckFunctionExists.d --serialize-diagnostics /Users/elliotfiske/471/Cmake/CMakeFiles/CMakeTmp/CMAKE_TRY_COMPILE.build/Debug/cmTryCompileExec602124052.build/Objects-normal/x86_64/CheckFunctionExists.dia -c /Applications/CMake.app/Contents/share/cmake-3.1/Modules/CheckFunctionExists.c -o /Users/elliotfiske/471/Cmake/CMakeFiles/CMakeTmp/CMAKE_TRY_COMPILE.build/Debug/cmTryCompileExec602124052.build/Objects-normal/x86_64/CheckFunctionExists.o

Ld Debug/cmTryCompileExec602124052 normal x86_64
    cd /Users/elliotfiske/471/Cmake/CMakeFiles/CMakeTmp
    export MACOSX_DEPLOYMENT_TARGET=10.10
    /Applications/Xcode.app/Contents/Developer/Toolchains/XcodeDefault.xctoolchain/usr/bin/clang -arch x86_64 -isysroot /Applications/Xcode.app/Contents/Developer/Platforms/MacOSX.platform/Developer/SDKs/MacOSX10.10.sdk -L/Users/elliotfiske/471/Cmake/CMakeFiles/CMakeTmp/Debug -F/Users/elliotfiske/471/Cmake/CMakeFiles/CMakeTmp/Debug -filelist /Users/elliotfiske/471/Cmake/CMakeFiles/CMakeTmp/CMAKE_TRY_COMPILE.build/Debug/cmTryCompileExec602124052.build/Objects-normal/x86_64/cmTryCompileExec602124052.LinkFileList -mmacosx-version-min=10.10 -Wl,-search_paths_first -Wl,-headerpad_max_install_names -Xlinker -dependency_info -Xlinker /Users/elliotfiske/471/Cmake/CMakeFiles/CMakeTmp/CMAKE_TRY_COMPILE.build/Debug/cmTryCompileExec602124052.build/Objects-normal/x86_64/cmTryCompileExec602124052_dependency_info.dat -o /Users/elliotfiske/471/Cmake/CMakeFiles/CMakeTmp/Debug/cmTryCompileExec602124052

** BUILD SUCCEEDED **



Determining if the include file unistd.h exists passed with the following output:
Change Dir: /Users/elliotfiske/471/Cmake/CMakeFiles/CMakeTmp

Run Build Command:"/Applications/CMake.app/Contents/bin/cmakexbuild" "-project" "CMAKE_TRY_COMPILE.xcodeproj" "build" "-target" "cmTryCompileExec3524425858" "-configuration" "Debug"
=== BUILD TARGET cmTryCompileExec3524425858 OF PROJECT CMAKE_TRY_COMPILE WITH CONFIGURATION Debug ===

Check dependencies

Write auxiliary files
/bin/mkdir -p /Users/elliotfiske/471/Cmake/CMakeFiles/CMakeTmp/CMAKE_TRY_COMPILE.build/Debug/cmTryCompileExec3524425858.build/Objects-normal/x86_64
write-file /Users/elliotfiske/471/Cmake/CMakeFiles/CMakeTmp/CMAKE_TRY_COMPILE.build/Debug/cmTryCompileExec3524425858.build/Objects-normal/x86_64/cmTryCompileExec3524425858.LinkFileList

CompileC CMAKE_TRY_COMPILE.build/Debug/cmTryCompileExec3524425858.build/Objects-normal/x86_64/CheckIncludeFile.o CheckIncludeFile.c normal x86_64 c com.apple.compilers.llvm.clang.1_0.compiler
    cd /Users/elliotfiske/471/Cmake/CMakeFiles/CMakeTmp
    export LANG=en_US.US-ASCII
    /Applications/Xcode.app/Contents/Developer/Toolchains/XcodeDefault.xctoolchain/usr/bin/clang -x c -arch x86_64 -fmessage-length=0 -fdiagnostics-show-note-include-stack -fmacro-backtrace-limit=0 -Wno-trigraphs -fpascal-strings -O0 -Wno-missing-field-initializers -Wno-missing-prototypes -Wno-return-type -Wno-missing-braces -Wparentheses -Wswitch -Wno-unused-function -Wno-unused-label -Wno-unused-parameter -Wno-unused-variable -Wunused-value -Wno-empty-body -Wno-uninitialized -Wno-unknown-pragmas -Wno-shadow -Wno-four-char-constants -Wno-conversion -Wno-constant-conversion -Wno-int-conversion -Wno-bool-conversion -Wno-enum-conversion -Wno-shorten-64-to-32 -Wpointer-sign -Wno-newline-eof -DCMAKE_INTDIR=\"Debug\" -isysroot /Applications/Xcode.app/Contents/Developer/Platforms/MacOSX.platform/Developer/SDKs/MacOSX10.10.sdk -fasm-blocks -fstrict-aliasing -Wdeprecated-declarations -mmacosx-version-min=10.10 -g -Wno-sign-conversion -I/Users/elliotfiske/471/Cmake/CMakeFiles/CMakeTmp/Debug/include -I/Applications/Xcode.app/Contents/Developer/Toolchains/XcodeDefault.xctoolchain/usr/include -I/Users/elliotfiske/471/Cmake/CMakeFiles/CMakeTmp/CMAKE_TRY_COMPILE.build/Debug/cmTryCompileExec3524425858.build/DerivedSources/x86_64 -I/Users/elliotfiske/471/Cmake/CMakeFiles/CMakeTmp/CMAKE_TRY_COMPILE.build/Debug/cmTryCompileExec3524425858.build/DerivedSources -Wmost -Wno-four-char-constants -Wno-unknown-pragmas -F/Users/elliotfiske/471/Cmake/CMakeFiles/CMakeTmp/Debug -MMD -MT dependencies -MF /Users/elliotfiske/471/Cmake/CMakeFiles/CMakeTmp/CMAKE_TRY_COMPILE.build/Debug/cmTryCompileExec3524425858.build/Objects-normal/x86_64/CheckIncludeFile.d --serialize-diagnostics /Users/elliotfiske/471/Cmake/CMakeFiles/CMakeTmp/CMAKE_TRY_COMPILE.build/Debug/cmTryCompileExec3524425858.build/Objects-normal/x86_64/CheckIncludeFile.dia -c /Users/elliotfiske/471/Cmake/CMakeFiles/CMakeTmp/CheckIncludeFile.c -o /Users/elliotfiske/471/Cmake/CMakeFiles/CMakeTmp/CMAKE_TRY_COMPILE.build/Debug/cmTryCompileExec3524425858.build/Objects-normal/x86_64/CheckIncludeFile.o

Ld Debug/cmTryCompileExec3524425858 normal x86_64
    cd /Users/elliotfiske/471/Cmake/CMakeFiles/CMakeTmp
    export MACOSX_DEPLOYMENT_TARGET=10.10
    /Applications/Xcode.app/Contents/Developer/Toolchains/XcodeDefault.xctoolchain/usr/bin/clang -arch x86_64 -isysroot /Applications/Xcode.app/Contents/Developer/Platforms/MacOSX.platform/Developer/SDKs/MacOSX10.10.sdk -L/Users/elliotfiske/471/Cmake/CMakeFiles/CMakeTmp/Debug -F/Users/elliotfiske/471/Cmake/CMakeFiles/CMakeTmp/Debug -filelist /Users/elliotfiske/471/Cmake/CMakeFiles/CMakeTmp/CMAKE_TRY_COMPILE.build/Debug/cmTryCompileExec3524425858.build/Objects-normal/x86_64/cmTryCompileExec3524425858.LinkFileList -mmacosx-version-min=10.10 -Wl,-search_paths_first -Wl,-headerpad_max_install_names -Xlinker -dependency_info -Xlinker /Users/elliotfiske/471/Cmake/CMakeFiles/CMakeTmp/CMAKE_TRY_COMPILE.build/Debug/cmTryCompileExec3524425858.build/Objects-normal/x86_64/cmTryCompileExec3524425858_dependency_info.dat -o /Users/elliotfiske/471/Cmake/CMakeFiles/CMakeTmp/Debug/cmTryCompileExec3524425858

** BUILD SUCCEEDED **



